<?xml version="1.0" encoding="UTF-8"?>
<coverage generated="1644747425079" clover="3.2.0">
  <project timestamp="1644747425080" name="All files">
    <metrics statements="17" coveredstatements="15" conditionals="3" coveredconditionals="3" methods="7" coveredmethods="5" elements="27" coveredelements="23" complexity="0" loc="17" ncloc="17" packages="1" files="2" classes="2"/>
    <file name="server.ts" path="C:\Users\BIJU KUMAR\Desktop\Examples\GIT\Project1b\nodeapp\src\server.ts">
      <metrics statements="15" coveredstatements="13" conditionals="3" coveredconditionals="3" methods="6" coveredmethods="4"/>
      <line num="1" count="1" type="stmt"/>
      <line num="4" count="1" type="stmt"/>
      <line num="6" count="1" type="stmt"/>
      <line num="9" count="1" type="stmt"/>
      <line num="10" count="1" type="stmt"/>
      <line num="11" count="1" type="stmt"/>
      <line num="15" count="1" type="stmt"/>
      <line num="19" count="1" type="stmt"/>
      <line num="22" count="4" type="stmt"/>
      <line num="25" count="4" type="cond" truecount="3" falsecount="0"/>
      <line num="26" count="1" type="stmt"/>
      <line num="27" count="1" type="stmt"/>
      <line num="31" count="3" type="stmt"/>
      <line num="36" count="0" type="stmt"/>
      <line num="37" count="0" type="stmt"/>
    </file>
    <file name="sum.ts" path="C:\Users\BIJU KUMAR\Desktop\Examples\GIT\Project1b\nodeapp\src\sum.ts">
      <metrics statements="2" coveredstatements="2" conditionals="0" coveredconditionals="0" methods="1" coveredmethods="1"/>
      <line num="3" count="1" type="stmt"/>
      <line num="6" count="1" type="stmt"/>
    </file>
  </project>
</coverage>
