{"C:\\Users\\BIJU KUMAR\\Desktop\\Examples\\GIT\\Project1b\\nodeapp\\src\\server.ts": {"path":"C:\\Users\\BIJU KUMAR\\Desktop\\Examples\\GIT\\Project1b\\nodeapp\\src\\server.ts","statementMap":{"0":{"start":{"line":1,"column":0},"end":{"line":1,"column":64}},"1":{"start":{"line":6,"column":11},"end":{"line":6,"column":31}},"2":{"start":{"line":9,"column":8},"end":{"line":9,"column":34}},"3":{"start":{"line":10,"column":8},"end":{"line":10,"column":29}},"4":{"start":{"line":11,"column":8},"end":{"line":11,"column":25}},"5":{"start":{"line":15,"column":8},"end":{"line":15,"column":43}},"6":{"start":{"line":19,"column":8},"end":{"line":32,"column":11}},"7":{"start":{"line":22,"column":41},"end":{"line":22,"column":53}},"8":{"start":{"line":25,"column":12},"end":{"line":28,"column":null}},"9":{"start":{"line":26,"column":16},"end":{"line":26,"column":35}},"10":{"start":{"line":27,"column":16},"end":{"line":27,"column":23}},"11":{"start":{"line":31,"column":12},"end":{"line":31,"column":47}},"12":{"start":{"line":36,"column":8},"end":{"line":38,"column":null}},"13":{"start":{"line":37,"column":12},"end":{"line":37,"column":null}},"14":{"start":{"line":4,"column":0},"end":{"line":4,"column":13}}},"fnMap":{"0":{"name":"(anonymous_1)","decl":{"start":{"line":8,"column":4},"end":{"line":8,"column":null}},"loc":{"start":{"line":8,"column":4},"end":{"line":12,"column":5}}},"1":{"name":"(anonymous_2)","decl":{"start":{"line":14,"column":12},"end":{"line":14,"column":25}},"loc":{"start":{"line":14,"column":25},"end":{"line":16,"column":5}}},"2":{"name":"(anonymous_3)","decl":{"start":{"line":18,"column":12},"end":{"line":18,"column":21}},"loc":{"start":{"line":18,"column":21},"end":{"line":33,"column":5}}},"3":{"name":"(anonymous_4)","decl":{"start":{"line":19,"column":40},"end":{"line":19,"column":41}},"loc":{"start":{"line":19,"column":81},"end":{"line":32,"column":9}}},"4":{"name":"(anonymous_5)","decl":{"start":{"line":35,"column":11},"end":{"line":35,"column":17}},"loc":{"start":{"line":35,"column":31},"end":{"line":39,"column":5}}},"5":{"name":"(anonymous_6)","decl":{"start":{"line":36,"column":34},"end":{"line":36,"column":37}},"loc":{"start":{"line":36,"column":39},"end":{"line":38,"column":9}}}},"branchMap":{"0":{"loc":{"start":{"line":25,"column":12},"end":{"line":28,"column":null}},"type":"if","locations":[{"start":{"line":25,"column":12},"end":{"line":28,"column":null}}]},"1":{"loc":{"start":{"line":25,"column":16},"end":{"line":25,"column":38}},"type":"binary-expr","locations":[{"start":{"line":25,"column":16},"end":{"line":25,"column":25}},{"start":{"line":25,"column":29},"end":{"line":25,"column":38}}]}},"s":{"0":1,"1":1,"2":1,"3":1,"4":1,"5":1,"6":1,"7":4,"8":4,"9":1,"10":1,"11":3,"12":0,"13":0,"14":1},"f":{"0":1,"1":1,"2":1,"3":4,"4":0,"5":0},"b":{"0":[1],"1":[4,3]}}
,"C:\\Users\\BIJU KUMAR\\Desktop\\Examples\\GIT\\Project1b\\nodeapp\\src\\sum.ts": {"path":"C:\\Users\\BIJU KUMAR\\Desktop\\Examples\\GIT\\Project1b\\nodeapp\\src\\sum.ts","statementMap":{"0":{"start":{"line":3,"column":2},"end":{"line":3,"column":15}},"1":{"start":{"line":6,"column":0},"end":{"line":6,"column":19}}},"fnMap":{"0":{"name":"sum","decl":{"start":{"line":2,"column":9},"end":{"line":2,"column":12}},"loc":{"start":{"line":2,"column":33},"end":{"line":4,"column":1}}}},"branchMap":{},"s":{"0":1,"1":1},"f":{"0":1},"b":{}}
}
