TN:
SF:src\server.ts
FN:8,(anonymous_1)
FN:14,(anonymous_2)
FN:18,(anonymous_3)
FN:19,(anonymous_4)
FN:35,(anonymous_5)
FN:36,(anonymous_6)
FNF:6
FNH:4
FNDA:1,(anonymous_1)
FNDA:1,(anonymous_2)
FNDA:1,(anonymous_3)
FNDA:4,(anonymous_4)
FNDA:0,(anonymous_5)
FNDA:0,(anonymous_6)
DA:1,1
DA:4,1
DA:6,1
DA:9,1
DA:10,1
DA:11,1
DA:15,1
DA:19,1
DA:22,4
DA:25,4
DA:26,1
DA:27,1
DA:31,3
DA:36,0
DA:37,0
LF:15
LH:13
BRDA:25,0,0,1
BRDA:25,1,0,4
BRDA:25,1,1,3
BRF:3
BRH:3
end_of_record
TN:
SF:src\sum.ts
FN:2,sum
FNF:1
FNH:1
FNDA:1,sum
DA:3,1
DA:6,1
LF:2
LH:2
BRF:0
BRH:0
end_of_record
