{"/home/runner/work/Project1/Project1/nodeapp/src/server.ts": {"path":"/home/runner/work/Project1/Project1/nodeapp/src/server.ts","statementMap":{"0":{"start":{"line":1,"column":0},"end":{"line":1,"column":51}},"1":{"start":{"line":2,"column":0},"end":{"line":2,"column":54}},"2":{"start":{"line":3,"column":0},"end":{"line":3,"column":50}},"3":{"start":{"line":4,"column":0},"end":{"line":4,"column":56}},"4":{"start":{"line":5,"column":0},"end":{"line":5,"column":48}},"5":{"start":{"line":6,"column":0},"end":{"line":6,"column":50}},"6":{"start":{"line":7,"column":0},"end":{"line":7,"column":56}},"7":{"start":{"line":12,"column":11},"end":{"line":12,"column":31}},"8":{"start":{"line":15,"column":8},"end":{"line":15,"column":34}},"9":{"start":{"line":16,"column":8},"end":{"line":16,"column":29}},"10":{"start":{"line":17,"column":8},"end":{"line":17,"column":25}},"11":{"start":{"line":21,"column":8},"end":{"line":21,"column":43}},"12":{"start":{"line":26,"column":8},"end":{"line":26,"column":null}},"13":{"start":{"line":27,"column":8},"end":{"line":27,"column":62}},"14":{"start":{"line":28,"column":8},"end":{"line":28,"column":60}},"15":{"start":{"line":29,"column":8},"end":{"line":29,"column":54}},"16":{"start":{"line":30,"column":8},"end":{"line":30,"column":56}},"17":{"start":{"line":31,"column":8},"end":{"line":31,"column":62}},"18":{"start":{"line":35,"column":8},"end":{"line":37,"column":null}},"19":{"start":{"line":36,"column":12},"end":{"line":36,"column":null}},"20":{"start":{"line":10,"column":0},"end":{"line":10,"column":13}}},"fnMap":{"0":{"name":"(anonymous_1)","decl":{"start":{"line":14,"column":4},"end":{"line":14,"column":null}},"loc":{"start":{"line":14,"column":4},"end":{"line":18,"column":5}}},"1":{"name":"(anonymous_2)","decl":{"start":{"line":20,"column":12},"end":{"line":20,"column":25}},"loc":{"start":{"line":20,"column":25},"end":{"line":22,"column":5}}},"2":{"name":"(anonymous_3)","decl":{"start":{"line":24,"column":12},"end":{"line":24,"column":21}},"loc":{"start":{"line":24,"column":21},"end":{"line":32,"column":5}}},"3":{"name":"(anonymous_4)","decl":{"start":{"line":34,"column":11},"end":{"line":34,"column":17}},"loc":{"start":{"line":34,"column":31},"end":{"line":38,"column":5}}},"4":{"name":"(anonymous_5)","decl":{"start":{"line":35,"column":34},"end":{"line":35,"column":37}},"loc":{"start":{"line":35,"column":39},"end":{"line":37,"column":9}}}},"branchMap":{},"s":{"0":6,"1":6,"2":6,"3":6,"4":6,"5":6,"6":6,"7":6,"8":6,"9":6,"10":6,"11":6,"12":6,"13":6,"14":6,"15":6,"16":6,"17":6,"18":0,"19":0,"20":6},"f":{"0":6,"1":6,"2":6,"3":0,"4":0},"b":{}}
,"/home/runner/work/Project1/Project1/nodeapp/src/server1.ts": {"path":"/home/runner/work/Project1/Project1/nodeapp/src/server1.ts","statementMap":{"0":{"start":{"line":5,"column":0},"end":{"line":5,"column":51}},"1":{"start":{"line":24,"column":15},"end":{"line":24,"column":25}},"2":{"start":{"line":101,"column":0},"end":{"line":101,"column":22}}},"fnMap":{},"branchMap":{},"s":{"0":0,"1":0,"2":0},"f":{},"b":{}}
,"/home/runner/work/Project1/Project1/nodeapp/src/middlewares/auth.middleware.ts": {"path":"/home/runner/work/Project1/Project1/nodeapp/src/middlewares/auth.middleware.ts","statementMap":{"0":{"start":{"line":2,"column":0},"end":{"line":2,"column":23}},"1":{"start":{"line":3,"column":0},"end":{"line":3,"column":37}},"2":{"start":{"line":4,"column":0},"end":{"line":4,"column":55}},"3":{"start":{"line":7,"column":23},"end":{"line":35,"column":1}},"4":{"start":{"line":9,"column":4},"end":{"line":34,"column":null}},"5":{"start":{"line":12,"column":27},"end":{"line":12,"column":67}},"6":{"start":{"line":14,"column":8},"end":{"line":33,"column":null}},"7":{"start":{"line":17,"column":12},"end":{"line":29,"column":19}},"8":{"start":{"line":19,"column":20},"end":{"line":28,"column":null}},"9":{"start":{"line":20,"column":24},"end":{"line":20,"column":106}},"10":{"start":{"line":27,"column":24},"end":{"line":27,"column":32}},"11":{"start":{"line":32,"column":12},"end":{"line":32,"column":105}},"12":{"start":{"line":37,"column":0},"end":{"line":37,"column":30}}},"fnMap":{"0":{"name":"(anonymous_1)","decl":{"start":{"line":7,"column":23},"end":{"line":7,"column":43}},"loc":{"start":{"line":7,"column":45},"end":{"line":35,"column":1}}},"1":{"name":"(anonymous_2)","decl":{"start":{"line":9,"column":11},"end":{"line":9,"column":13}},"loc":{"start":{"line":9,"column":65},"end":{"line":34,"column":5}}},"2":{"name":"(anonymous_3)","decl":{"start":{"line":18,"column":16},"end":{"line":18,"column":18}},"loc":{"start":{"line":18,"column":56},"end":{"line":29,"column":17}}}},"branchMap":{"0":{"loc":{"start":{"line":14,"column":8},"end":{"line":33,"column":null}},"type":"if","locations":[{"start":{"line":14,"column":8},"end":{"line":33,"column":null}},{"start":{"line":31,"column":15},"end":{"line":33,"column":null}}]},"1":{"loc":{"start":{"line":19,"column":20},"end":{"line":28,"column":null}},"type":"if","locations":[{"start":{"line":19,"column":20},"end":{"line":28,"column":null}},{"start":{"line":21,"column":27},"end":{"line":28,"column":null}}]}},"s":{"0":0,"1":0,"2":0,"3":0,"4":0,"5":0,"6":0,"7":0,"8":0,"9":0,"10":0,"11":0,"12":0},"f":{"0":0,"1":0,"2":0},"b":{"0":[0,0],"1":[0,0]}}
,"/home/runner/work/Project1/Project1/nodeapp/src/middlewares/response.middleware.ts": {"path":"/home/runner/work/Project1/Project1/nodeapp/src/middlewares/response.middleware.ts","statementMap":{"0":{"start":{"line":2,"column":0},"end":{"line":2,"column":32}},"1":{"start":{"line":3,"column":0},"end":{"line":3,"column":28}},"2":{"start":{"line":6,"column":27},"end":{"line":20,"column":1}},"3":{"start":{"line":8,"column":4},"end":{"line":19,"column":null}},"4":{"start":{"line":10,"column":23},"end":{"line":10,"column":43}},"5":{"start":{"line":12,"column":8},"end":{"line":16,"column":null}},"6":{"start":{"line":14,"column":28},"end":{"line":14,"column":67}},"7":{"start":{"line":15,"column":12},"end":{"line":15,"column":47}},"8":{"start":{"line":18,"column":8},"end":{"line":18,"column":20}},"9":{"start":{"line":22,"column":0},"end":{"line":22,"column":34}}},"fnMap":{"0":{"name":"(anonymous_1)","decl":{"start":{"line":6,"column":27},"end":{"line":6,"column":47}},"loc":{"start":{"line":6,"column":49},"end":{"line":20,"column":1}}},"1":{"name":"(anonymous_2)","decl":{"start":{"line":8,"column":22},"end":{"line":8,"column":23}},"loc":{"start":{"line":8,"column":65},"end":{"line":19,"column":5}}}},"branchMap":{"0":{"loc":{"start":{"line":12,"column":8},"end":{"line":16,"column":null}},"type":"if","locations":[{"start":{"line":12,"column":8},"end":{"line":16,"column":null}}]}},"s":{"0":0,"1":0,"2":0,"3":0,"4":0,"5":0,"6":0,"7":0,"8":0,"9":0},"f":{"0":0,"1":0},"b":{"0":[0]}}
,"/home/runner/work/Project1/Project1/nodeapp/src/middlewares/validation.middleware.ts": {"path":"/home/runner/work/Project1/Project1/nodeapp/src/middlewares/validation.middleware.ts","statementMap":{"0":{"start":{"line":2,"column":0},"end":{"line":2,"column":60}},"1":{"start":{"line":3,"column":0},"end":{"line":3,"column":49}},"2":{"start":{"line":4,"column":0},"end":{"line":4,"column":55}},"3":{"start":{"line":7,"column":22},"end":{"line":38,"column":1}},"4":{"start":{"line":9,"column":4},"end":{"line":37,"column":null}},"5":{"start":{"line":11,"column":8},"end":{"line":36,"column":11}},"6":{"start":{"line":14,"column":16},"end":{"line":31,"column":null}},"7":{"start":{"line":16,"column":42},"end":{"line":22,"column":33}},"8":{"start":{"line":19,"column":53},"end":{"line":19,"column":70}},"9":{"start":{"line":20,"column":28},"end":{"line":20,"column":76}},"10":{"start":{"line":25,"column":20},"end":{"line":25,"column":96}},"11":{"start":{"line":30,"column":20},"end":{"line":30,"column":28}},"12":{"start":{"line":35,"column":12},"end":{"line":35,"column":93}},"13":{"start":{"line":41,"column":0},"end":{"line":41,"column":29}}},"fnMap":{"0":{"name":"(anonymous_0)","decl":{"start":{"line":7,"column":22},"end":{"line":7,"column":24}},"loc":{"start":{"line":7,"column":57},"end":{"line":38,"column":1}}},"1":{"name":"(anonymous_1)","decl":{"start":{"line":9,"column":11},"end":{"line":9,"column":13}},"loc":{"start":{"line":9,"column":65},"end":{"line":37,"column":5}}},"2":{"name":"(anonymous_2)","decl":{"start":{"line":12,"column":19},"end":{"line":12,"column":20}},"loc":{"start":{"line":12,"column":50},"end":{"line":33,"column":9}}},"3":{"name":"(anonymous_3)","decl":{"start":{"line":17,"column":24},"end":{"line":17,"column":26}},"loc":{"start":{"line":17,"column":53},"end":{"line":21,"column":25}}},"4":{"name":"(anonymous_4)","decl":{"start":{"line":34,"column":16},"end":{"line":34,"column":21}},"loc":{"start":{"line":34,"column":24},"end":{"line":36,"column":9}}}},"branchMap":{"0":{"loc":{"start":{"line":7,"column":40},"end":{"line":7,"column":52}},"type":"default-arg","locations":[{"start":{"line":7,"column":50},"end":{"line":7,"column":52}}]},"1":{"loc":{"start":{"line":14,"column":16},"end":{"line":31,"column":null}},"type":"if","locations":[{"start":{"line":14,"column":16},"end":{"line":31,"column":null}},{"start":{"line":27,"column":23},"end":{"line":31,"column":null}}]}},"s":{"0":0,"1":0,"2":0,"3":0,"4":0,"5":0,"6":0,"7":0,"8":0,"9":0,"10":0,"11":0,"12":0,"13":0},"f":{"0":0,"1":0,"2":0,"3":0,"4":0},"b":{"0":[0],"1":[0,0]}}
,"/home/runner/work/Project1/Project1/nodeapp/src/models/blog.entity.ts": {"path":"/home/runner/work/Project1/Project1/nodeapp/src/models/blog.entity.ts","statementMap":{"0":{"start":{"line":1,"column":0},"end":{"line":1,"column":65}},"1":{"start":{"line":2,"column":0},"end":{"line":2,"column":63}},"2":{"start":{"line":6,"column":0},"end":{"line":16,"column":null}},"3":{"start":{"line":9,"column":4},"end":{"line":9,"column":null}},"4":{"start":{"line":12,"column":4},"end":{"line":12,"column":null}},"5":{"start":{"line":15,"column":4},"end":{"line":15,"column":null}},"6":{"start":{"line":6,"column":13},"end":{"line":16,"column":null}},"7":{"start":{"line":6,"column":13},"end":{"line":6,"column":17}},"8":{"start":{"line":23,"column":4},"end":{"line":23,"column":null}},"9":{"start":{"line":27,"column":4},"end":{"line":27,"column":null}},"10":{"start":{"line":18,"column":0},"end":{"line":18,"column":13}}},"fnMap":{},"branchMap":{},"s":{"0":0,"1":0,"2":0,"3":0,"4":0,"5":0,"6":0,"7":0,"8":0,"9":0,"10":0},"f":{},"b":{}}
,"/home/runner/work/Project1/Project1/nodeapp/src/models/book.entity.ts": {"path":"/home/runner/work/Project1/Project1/nodeapp/src/models/book.entity.ts","statementMap":{"0":{"start":{"line":1,"column":0},"end":{"line":1,"column":65}},"1":{"start":{"line":2,"column":0},"end":{"line":2,"column":65}},"2":{"start":{"line":6,"column":0},"end":{"line":19,"column":null}},"3":{"start":{"line":9,"column":4},"end":{"line":9,"column":null}},"4":{"start":{"line":12,"column":4},"end":{"line":12,"column":null}},"5":{"start":{"line":15,"column":4},"end":{"line":15,"column":null}},"6":{"start":{"line":18,"column":4},"end":{"line":18,"column":null}},"7":{"start":{"line":6,"column":13},"end":{"line":19,"column":null}},"8":{"start":{"line":6,"column":13},"end":{"line":6,"column":17}},"9":{"start":{"line":25,"column":4},"end":{"line":25,"column":null}},"10":{"start":{"line":29,"column":4},"end":{"line":29,"column":null}},"11":{"start":{"line":33,"column":4},"end":{"line":33,"column":null}},"12":{"start":{"line":21,"column":0},"end":{"line":21,"column":13}}},"fnMap":{},"branchMap":{},"s":{"0":0,"1":0,"2":0,"3":0,"4":0,"5":0,"6":0,"7":0,"8":0,"9":0,"10":0,"11":0,"12":0},"f":{},"b":{}}
,"/home/runner/work/Project1/Project1/nodeapp/src/models/news.entity.ts": {"path":"/home/runner/work/Project1/Project1/nodeapp/src/models/news.entity.ts","statementMap":{"0":{"start":{"line":1,"column":0},"end":{"line":1,"column":65}},"1":{"start":{"line":2,"column":0},"end":{"line":2,"column":55}},"2":{"start":{"line":6,"column":0},"end":{"line":16,"column":null}},"3":{"start":{"line":9,"column":4},"end":{"line":9,"column":null}},"4":{"start":{"line":12,"column":4},"end":{"line":12,"column":null}},"5":{"start":{"line":15,"column":4},"end":{"line":15,"column":null}},"6":{"start":{"line":6,"column":13},"end":{"line":16,"column":null}},"7":{"start":{"line":6,"column":13},"end":{"line":6,"column":17}},"8":{"start":{"line":22,"column":4},"end":{"line":22,"column":null}},"9":{"start":{"line":26,"column":4},"end":{"line":26,"column":null}},"10":{"start":{"line":18,"column":0},"end":{"line":18,"column":13}}},"fnMap":{},"branchMap":{},"s":{"0":0,"1":0,"2":0,"3":0,"4":0,"5":0,"6":0,"7":0,"8":0,"9":0,"10":0},"f":{},"b":{}}
,"/home/runner/work/Project1/Project1/nodeapp/src/models/product.entity.ts": {"path":"/home/runner/work/Project1/Project1/nodeapp/src/models/product.entity.ts","statementMap":{"0":{"start":{"line":1,"column":0},"end":{"line":1,"column":63}},"1":{"start":{"line":2,"column":0},"end":{"line":2,"column":55}},"2":{"start":{"line":7,"column":0},"end":{"line":17,"column":null}},"3":{"start":{"line":10,"column":4},"end":{"line":10,"column":null}},"4":{"start":{"line":13,"column":4},"end":{"line":13,"column":null}},"5":{"start":{"line":16,"column":4},"end":{"line":16,"column":null}},"6":{"start":{"line":7,"column":13},"end":{"line":17,"column":null}},"7":{"start":{"line":7,"column":13},"end":{"line":7,"column":20}},"8":{"start":{"line":23,"column":4},"end":{"line":23,"column":null}},"9":{"start":{"line":27,"column":4},"end":{"line":27,"column":null}},"10":{"start":{"line":19,"column":0},"end":{"line":19,"column":13}}},"fnMap":{},"branchMap":{},"s":{"0":0,"1":0,"2":0,"3":0,"4":0,"5":0,"6":0,"7":0,"8":0,"9":0,"10":0},"f":{},"b":{}}
,"/home/runner/work/Project1/Project1/nodeapp/src/models/project.entity.ts": {"path":"/home/runner/work/Project1/Project1/nodeapp/src/models/project.entity.ts","statementMap":{"0":{"start":{"line":1,"column":0},"end":{"line":1,"column":65}},"1":{"start":{"line":2,"column":0},"end":{"line":2,"column":66}},"2":{"start":{"line":7,"column":0},"end":{"line":17,"column":null}},"3":{"start":{"line":10,"column":4},"end":{"line":10,"column":null}},"4":{"start":{"line":13,"column":4},"end":{"line":13,"column":null}},"5":{"start":{"line":16,"column":4},"end":{"line":16,"column":null}},"6":{"start":{"line":7,"column":13},"end":{"line":17,"column":null}},"7":{"start":{"line":7,"column":13},"end":{"line":7,"column":20}},"8":{"start":{"line":24,"column":4},"end":{"line":24,"column":null}},"9":{"start":{"line":28,"column":4},"end":{"line":28,"column":null}},"10":{"start":{"line":19,"column":0},"end":{"line":19,"column":13}}},"fnMap":{},"branchMap":{},"s":{"0":0,"1":0,"2":0,"3":0,"4":0,"5":0,"6":0,"7":0,"8":0,"9":0,"10":0},"f":{},"b":{}}
,"/home/runner/work/Project1/Project1/nodeapp/src/models/user.entity.ts": {"path":"/home/runner/work/Project1/Project1/nodeapp/src/models/user.entity.ts","statementMap":{"0":{"start":{"line":1,"column":0},"end":{"line":1,"column":65}},"1":{"start":{"line":2,"column":0},"end":{"line":2,"column":72}},"2":{"start":{"line":6,"column":0},"end":{"line":22,"column":null}},"3":{"start":{"line":9,"column":4},"end":{"line":9,"column":null}},"4":{"start":{"line":12,"column":4},"end":{"line":12,"column":null}},"5":{"start":{"line":15,"column":4},"end":{"line":15,"column":null}},"6":{"start":{"line":18,"column":4},"end":{"line":18,"column":null}},"7":{"start":{"line":21,"column":4},"end":{"line":21,"column":null}},"8":{"start":{"line":6,"column":13},"end":{"line":22,"column":null}},"9":{"start":{"line":6,"column":13},"end":{"line":6,"column":17}},"10":{"start":{"line":29,"column":4},"end":{"line":29,"column":null}},"11":{"start":{"line":33,"column":4},"end":{"line":33,"column":null}},"12":{"start":{"line":37,"column":4},"end":{"line":37,"column":null}},"13":{"start":{"line":41,"column":4},"end":{"line":41,"column":null}},"14":{"start":{"line":24,"column":0},"end":{"line":24,"column":14}},"15":{"start":{"line":48,"column":4},"end":{"line":48,"column":null}},"16":{"start":{"line":51,"column":4},"end":{"line":51,"column":null}},"17":{"start":{"line":44,"column":0},"end":{"line":44,"column":14}}},"fnMap":{},"branchMap":{},"s":{"0":0,"1":0,"2":0,"3":0,"4":0,"5":0,"6":0,"7":0,"8":0,"9":0,"10":0,"11":0,"12":0,"13":0,"14":0,"15":0,"16":0,"17":0},"f":{},"b":{}}
,"/home/runner/work/Project1/Project1/nodeapp/src/models/weather.entity.ts": {"path":"/home/runner/work/Project1/Project1/nodeapp/src/models/weather.entity.ts","statementMap":{"0":{"start":{"line":1,"column":0},"end":{"line":1,"column":65}},"1":{"start":{"line":2,"column":0},"end":{"line":2,"column":55}},"2":{"start":{"line":6,"column":0},"end":{"line":16,"column":null}},"3":{"start":{"line":9,"column":4},"end":{"line":9,"column":null}},"4":{"start":{"line":12,"column":4},"end":{"line":12,"column":null}},"5":{"start":{"line":15,"column":4},"end":{"line":15,"column":null}},"6":{"start":{"line":6,"column":13},"end":{"line":16,"column":null}},"7":{"start":{"line":6,"column":13},"end":{"line":6,"column":20}},"8":{"start":{"line":22,"column":4},"end":{"line":22,"column":null}},"9":{"start":{"line":26,"column":4},"end":{"line":26,"column":null}},"10":{"start":{"line":18,"column":0},"end":{"line":18,"column":13}}},"fnMap":{},"branchMap":{},"s":{"0":0,"1":0,"2":0,"3":0,"4":0,"5":0,"6":0,"7":0,"8":0,"9":0,"10":0},"f":{},"b":{}}
,"/home/runner/work/Project1/Project1/nodeapp/src/routes/v1/auth.route.ts": {"path":"/home/runner/work/Project1/Project1/nodeapp/src/routes/v1/auth.route.ts","statementMap":{"0":{"start":{"line":1,"column":16},"end":{"line":1,"column":34}},"1":{"start":{"line":2,"column":0},"end":{"line":2,"column":59}},"2":{"start":{"line":3,"column":0},"end":{"line":3,"column":71}},"3":{"start":{"line":4,"column":0},"end":{"line":4,"column":23}},"4":{"start":{"line":5,"column":0},"end":{"line":5,"column":40}},"5":{"start":{"line":6,"column":0},"end":{"line":6,"column":75}},"6":{"start":{"line":7,"column":0},"end":{"line":7,"column":61}},"7":{"start":{"line":10,"column":13},"end":{"line":10,"column":30}},"8":{"start":{"line":14,"column":0},"end":{"line":38,"column":3}},"9":{"start":{"line":14,"column":98},"end":{"line":38,"column":2}},"10":{"start":{"line":16,"column":18},"end":{"line":16,"column":26}},"11":{"start":{"line":19,"column":29},"end":{"line":19,"column":69}},"12":{"start":{"line":20,"column":4},"end":{"line":20,"column":38}},"13":{"start":{"line":20,"column":17},"end":{"line":20,"column":38}},"14":{"start":{"line":22,"column":4},"end":{"line":37,"column":null}},"15":{"start":{"line":27,"column":24},"end":{"line":27,"column":35}},"16":{"start":{"line":28,"column":23},"end":{"line":28,"column":67}},"17":{"start":{"line":29,"column":22},"end":{"line":29,"column":93}},"18":{"start":{"line":30,"column":8},"end":{"line":30,"column":81}},"19":{"start":{"line":32,"column":8},"end":{"line":32,"column":47}},"20":{"start":{"line":34,"column":8},"end":{"line":34,"column":26}},"21":{"start":{"line":36,"column":8},"end":{"line":36,"column":66}},"22":{"start":{"line":41,"column":0},"end":{"line":41,"column":22}}},"fnMap":{"0":{"name":"(anonymous_8)","decl":{"start":{"line":14,"column":58},"end":{"line":14,"column":65}},"loc":{"start":{"line":14,"column":98},"end":{"line":38,"column":2}}},"1":{"name":"(anonymous_9)","decl":{"start":{"line":14,"column":98},"end":{"line":14,"column":null}},"loc":{"start":{"line":14,"column":98},"end":{"line":38,"column":1}}}},"branchMap":{"0":{"loc":{"start":{"line":20,"column":4},"end":{"line":20,"column":38}},"type":"if","locations":[{"start":{"line":20,"column":4},"end":{"line":20,"column":38}}]},"1":{"loc":{"start":{"line":22,"column":4},"end":{"line":37,"column":null}},"type":"if","locations":[{"start":{"line":22,"column":4},"end":{"line":37,"column":null}},{"start":{"line":35,"column":11},"end":{"line":37,"column":null}}]}},"s":{"0":0,"1":0,"2":0,"3":0,"4":0,"5":0,"6":0,"7":0,"8":0,"9":0,"10":0,"11":0,"12":0,"13":0,"14":0,"15":0,"16":0,"17":0,"18":0,"19":0,"20":0,"21":0,"22":0},"f":{"0":0,"1":0},"b":{"0":[0],"1":[0,0]}}
,"/home/runner/work/Project1/Project1/nodeapp/src/routes/v1/blogs.route.ts": {"path":"/home/runner/work/Project1/Project1/nodeapp/src/routes/v1/blogs.route.ts","statementMap":{"0":{"start":{"line":1,"column":0},"end":{"line":1,"column":52}},"1":{"start":{"line":8,"column":13},"end":{"line":8,"column":30}},"2":{"start":{"line":11,"column":0},"end":{"line":25,"column":3}},"3":{"start":{"line":11,"column":63},"end":{"line":25,"column":2}},"4":{"start":{"line":15,"column":32},"end":{"line":15,"column":44}},"5":{"start":{"line":18,"column":8},"end":{"line":21,"column":null}},"6":{"start":{"line":19,"column":12},"end":{"line":19,"column":31}},"7":{"start":{"line":20,"column":12},"end":{"line":20,"column":19}},"8":{"start":{"line":24,"column":8},"end":{"line":24,"column":66}},"9":{"start":{"line":27,"column":0},"end":{"line":30,"column":3}},"10":{"start":{"line":27,"column":62},"end":{"line":30,"column":2}},"11":{"start":{"line":29,"column":4},"end":{"line":29,"column":66}},"12":{"start":{"line":32,"column":0},"end":{"line":36,"column":3}},"13":{"start":{"line":34,"column":15},"end":{"line":34,"column":32}},"14":{"start":{"line":35,"column":4},"end":{"line":35,"column":67}},"15":{"start":{"line":38,"column":0},"end":{"line":52,"column":3}},"16":{"start":{"line":38,"column":67},"end":{"line":52,"column":2}},"17":{"start":{"line":40,"column":15},"end":{"line":40,"column":32}},"18":{"start":{"line":41,"column":28},"end":{"line":41,"column":40}},"19":{"start":{"line":43,"column":4},"end":{"line":51,"column":null}},"20":{"start":{"line":44,"column":8},"end":{"line":44,"column":null}},"21":{"start":{"line":46,"column":9},"end":{"line":51,"column":null}},"22":{"start":{"line":47,"column":8},"end":{"line":47,"column":null}},"23":{"start":{"line":49,"column":9},"end":{"line":51,"column":null}},"24":{"start":{"line":50,"column":8},"end":{"line":50,"column":null}},"25":{"start":{"line":54,"column":0},"end":{"line":58,"column":3}},"26":{"start":{"line":54,"column":68},"end":{"line":58,"column":2}},"27":{"start":{"line":56,"column":15},"end":{"line":56,"column":32}},"28":{"start":{"line":57,"column":4},"end":{"line":57,"column":64}},"29":{"start":{"line":133,"column":0},"end":{"line":133,"column":22}}},"fnMap":{"0":{"name":"(anonymous_8)","decl":{"start":{"line":11,"column":17},"end":{"line":11,"column":23}},"loc":{"start":{"line":11,"column":63},"end":{"line":25,"column":2}}},"1":{"name":"(anonymous_9)","decl":{"start":{"line":11,"column":63},"end":{"line":11,"column":null}},"loc":{"start":{"line":11,"column":63},"end":{"line":25,"column":1}}},"2":{"name":"(anonymous_10)","decl":{"start":{"line":27,"column":16},"end":{"line":27,"column":22}},"loc":{"start":{"line":27,"column":62},"end":{"line":30,"column":2}}},"3":{"name":"(anonymous_11)","decl":{"start":{"line":27,"column":62},"end":{"line":27,"column":null}},"loc":{"start":{"line":27,"column":62},"end":{"line":30,"column":1}}},"4":{"name":"(anonymous_12)","decl":{"start":{"line":32,"column":19},"end":{"line":32,"column":20}},"loc":{"start":{"line":32,"column":60},"end":{"line":36,"column":1}}},"5":{"name":"(anonymous_13)","decl":{"start":{"line":38,"column":21},"end":{"line":38,"column":27}},"loc":{"start":{"line":38,"column":67},"end":{"line":52,"column":2}}},"6":{"name":"(anonymous_14)","decl":{"start":{"line":38,"column":67},"end":{"line":38,"column":null}},"loc":{"start":{"line":38,"column":67},"end":{"line":52,"column":1}}},"7":{"name":"(anonymous_15)","decl":{"start":{"line":54,"column":22},"end":{"line":54,"column":28}},"loc":{"start":{"line":54,"column":68},"end":{"line":58,"column":2}}},"8":{"name":"(anonymous_16)","decl":{"start":{"line":54,"column":68},"end":{"line":54,"column":null}},"loc":{"start":{"line":54,"column":68},"end":{"line":58,"column":1}}}},"branchMap":{"0":{"loc":{"start":{"line":18,"column":8},"end":{"line":21,"column":null}},"type":"if","locations":[{"start":{"line":18,"column":8},"end":{"line":21,"column":null}}]},"1":{"loc":{"start":{"line":18,"column":12},"end":{"line":18,"column":29}},"type":"binary-expr","locations":[{"start":{"line":18,"column":12},"end":{"line":18,"column":17}},{"start":{"line":18,"column":21},"end":{"line":18,"column":29}}]},"2":{"loc":{"start":{"line":43,"column":4},"end":{"line":51,"column":null}},"type":"if","locations":[{"start":{"line":43,"column":4},"end":{"line":51,"column":null}},{"start":{"line":46,"column":9},"end":{"line":51,"column":null}}]},"3":{"loc":{"start":{"line":43,"column":8},"end":{"line":43,"column":23}},"type":"binary-expr","locations":[{"start":{"line":43,"column":8},"end":{"line":43,"column":12}},{"start":{"line":43,"column":16},"end":{"line":43,"column":23}}]},"4":{"loc":{"start":{"line":46,"column":9},"end":{"line":51,"column":null}},"type":"if","locations":[{"start":{"line":46,"column":9},"end":{"line":51,"column":null}},{"start":{"line":49,"column":9},"end":{"line":51,"column":null}}]},"5":{"loc":{"start":{"line":49,"column":9},"end":{"line":51,"column":null}},"type":"if","locations":[{"start":{"line":49,"column":9},"end":{"line":51,"column":null}}]}},"s":{"0":6,"1":6,"2":6,"3":4,"4":4,"5":4,"6":1,"7":1,"8":3,"9":6,"10":1,"11":1,"12":6,"13":1,"14":1,"15":6,"16":3,"17":3,"18":3,"19":3,"20":1,"21":2,"22":1,"23":1,"24":1,"25":6,"26":1,"27":1,"28":1,"29":6},"f":{"0":4,"1":4,"2":1,"3":1,"4":1,"5":3,"6":3,"7":1,"8":1},"b":{"0":[1],"1":[4,3],"2":[1,2],"3":[3,2],"4":[1,1],"5":[1]}}
,"/home/runner/work/Project1/Project1/nodeapp/src/routes/v1/books.route.ts": {"path":"/home/runner/work/Project1/Project1/nodeapp/src/routes/v1/books.route.ts","statementMap":{"0":{"start":{"line":1,"column":0},"end":{"line":1,"column":53}},"1":{"start":{"line":8,"column":13},"end":{"line":8,"column":29}},"2":{"start":{"line":12,"column":0},"end":{"line":26,"column":3}},"3":{"start":{"line":12,"column":64},"end":{"line":26,"column":2}},"4":{"start":{"line":16,"column":28},"end":{"line":16,"column":40}},"5":{"start":{"line":19,"column":4},"end":{"line":22,"column":null}},"6":{"start":{"line":20,"column":8},"end":{"line":20,"column":27}},"7":{"start":{"line":21,"column":8},"end":{"line":21,"column":15}},"8":{"start":{"line":25,"column":4},"end":{"line":25,"column":62}},"9":{"start":{"line":28,"column":0},"end":{"line":31,"column":3}},"10":{"start":{"line":28,"column":63},"end":{"line":31,"column":2}},"11":{"start":{"line":30,"column":4},"end":{"line":30,"column":66}},"12":{"start":{"line":33,"column":0},"end":{"line":37,"column":3}},"13":{"start":{"line":35,"column":15},"end":{"line":35,"column":32}},"14":{"start":{"line":36,"column":4},"end":{"line":36,"column":66}},"15":{"start":{"line":39,"column":0},"end":{"line":53,"column":3}},"16":{"start":{"line":39,"column":68},"end":{"line":53,"column":2}},"17":{"start":{"line":41,"column":15},"end":{"line":41,"column":32}},"18":{"start":{"line":42,"column":28},"end":{"line":42,"column":40}},"19":{"start":{"line":44,"column":4},"end":{"line":52,"column":null}},"20":{"start":{"line":45,"column":8},"end":{"line":45,"column":null}},"21":{"start":{"line":47,"column":9},"end":{"line":52,"column":null}},"22":{"start":{"line":48,"column":8},"end":{"line":48,"column":null}},"23":{"start":{"line":50,"column":9},"end":{"line":52,"column":null}},"24":{"start":{"line":51,"column":8},"end":{"line":51,"column":null}},"25":{"start":{"line":55,"column":0},"end":{"line":59,"column":3}},"26":{"start":{"line":55,"column":69},"end":{"line":59,"column":2}},"27":{"start":{"line":57,"column":15},"end":{"line":57,"column":32}},"28":{"start":{"line":58,"column":4},"end":{"line":58,"column":65}},"29":{"start":{"line":138,"column":0},"end":{"line":138,"column":22}}},"fnMap":{"0":{"name":"(anonymous_8)","decl":{"start":{"line":12,"column":17},"end":{"line":12,"column":24}},"loc":{"start":{"line":12,"column":64},"end":{"line":26,"column":2}}},"1":{"name":"(anonymous_9)","decl":{"start":{"line":12,"column":64},"end":{"line":12,"column":null}},"loc":{"start":{"line":12,"column":64},"end":{"line":26,"column":1}}},"2":{"name":"(anonymous_10)","decl":{"start":{"line":28,"column":16},"end":{"line":28,"column":23}},"loc":{"start":{"line":28,"column":63},"end":{"line":31,"column":2}}},"3":{"name":"(anonymous_11)","decl":{"start":{"line":28,"column":63},"end":{"line":28,"column":null}},"loc":{"start":{"line":28,"column":63},"end":{"line":31,"column":1}}},"4":{"name":"(anonymous_12)","decl":{"start":{"line":33,"column":19},"end":{"line":33,"column":20}},"loc":{"start":{"line":33,"column":60},"end":{"line":37,"column":1}}},"5":{"name":"(anonymous_13)","decl":{"start":{"line":39,"column":21},"end":{"line":39,"column":28}},"loc":{"start":{"line":39,"column":68},"end":{"line":53,"column":2}}},"6":{"name":"(anonymous_14)","decl":{"start":{"line":39,"column":68},"end":{"line":39,"column":null}},"loc":{"start":{"line":39,"column":68},"end":{"line":53,"column":1}}},"7":{"name":"(anonymous_15)","decl":{"start":{"line":55,"column":22},"end":{"line":55,"column":29}},"loc":{"start":{"line":55,"column":69},"end":{"line":59,"column":2}}},"8":{"name":"(anonymous_16)","decl":{"start":{"line":55,"column":69},"end":{"line":55,"column":null}},"loc":{"start":{"line":55,"column":69},"end":{"line":59,"column":1}}}},"branchMap":{"0":{"loc":{"start":{"line":19,"column":4},"end":{"line":22,"column":null}},"type":"if","locations":[{"start":{"line":19,"column":4},"end":{"line":22,"column":null}}]},"1":{"loc":{"start":{"line":19,"column":8},"end":{"line":19,"column":23}},"type":"binary-expr","locations":[{"start":{"line":19,"column":8},"end":{"line":19,"column":13}},{"start":{"line":19,"column":17},"end":{"line":19,"column":23}}]},"2":{"loc":{"start":{"line":44,"column":4},"end":{"line":52,"column":null}},"type":"if","locations":[{"start":{"line":44,"column":4},"end":{"line":52,"column":null}},{"start":{"line":47,"column":9},"end":{"line":52,"column":null}}]},"3":{"loc":{"start":{"line":44,"column":8},"end":{"line":44,"column":21}},"type":"binary-expr","locations":[{"start":{"line":44,"column":8},"end":{"line":44,"column":12}},{"start":{"line":44,"column":16},"end":{"line":44,"column":21}}]},"4":{"loc":{"start":{"line":47,"column":9},"end":{"line":52,"column":null}},"type":"if","locations":[{"start":{"line":47,"column":9},"end":{"line":52,"column":null}},{"start":{"line":50,"column":9},"end":{"line":52,"column":null}}]},"5":{"loc":{"start":{"line":50,"column":9},"end":{"line":52,"column":null}},"type":"if","locations":[{"start":{"line":50,"column":9},"end":{"line":52,"column":null}}]}},"s":{"0":6,"1":6,"2":6,"3":4,"4":4,"5":4,"6":1,"7":1,"8":3,"9":6,"10":1,"11":1,"12":6,"13":1,"14":1,"15":6,"16":3,"17":3,"18":3,"19":3,"20":1,"21":2,"22":1,"23":1,"24":1,"25":6,"26":1,"27":1,"28":1,"29":6},"f":{"0":4,"1":4,"2":1,"3":1,"4":1,"5":3,"6":3,"7":1,"8":1},"b":{"0":[1],"1":[4,3],"2":[1,2],"3":[3,2],"4":[1,1],"5":[1]}}
,"/home/runner/work/Project1/Project1/nodeapp/src/routes/v1/news.route.ts": {"path":"/home/runner/work/Project1/Project1/nodeapp/src/routes/v1/news.route.ts","statementMap":{"0":{"start":{"line":1,"column":0},"end":{"line":1,"column":30}},"1":{"start":{"line":8,"column":13},"end":{"line":8,"column":30}},"2":{"start":{"line":11,"column":0},"end":{"line":24,"column":3}},"3":{"start":{"line":11,"column":46},"end":{"line":24,"column":2}},"4":{"start":{"line":14,"column":31},"end":{"line":14,"column":43}},"5":{"start":{"line":17,"column":4},"end":{"line":20,"column":null}},"6":{"start":{"line":18,"column":8},"end":{"line":18,"column":27}},"7":{"start":{"line":19,"column":8},"end":{"line":19,"column":15}},"8":{"start":{"line":23,"column":4},"end":{"line":23,"column":63}},"9":{"start":{"line":26,"column":0},"end":{"line":29,"column":3}},"10":{"start":{"line":26,"column":45},"end":{"line":29,"column":2}},"11":{"start":{"line":28,"column":3},"end":{"line":28,"column":67}},"12":{"start":{"line":31,"column":0},"end":{"line":36,"column":3}},"13":{"start":{"line":31,"column":48},"end":{"line":36,"column":2}},"14":{"start":{"line":33,"column":14},"end":{"line":33,"column":31}},"15":{"start":{"line":35,"column":3},"end":{"line":35,"column":66}},"16":{"start":{"line":38,"column":0},"end":{"line":52,"column":3}},"17":{"start":{"line":38,"column":50},"end":{"line":52,"column":2}},"18":{"start":{"line":40,"column":14},"end":{"line":40,"column":31}},"19":{"start":{"line":41,"column":30},"end":{"line":41,"column":42}},"20":{"start":{"line":43,"column":3},"end":{"line":51,"column":null}},"21":{"start":{"line":44,"column":7},"end":{"line":44,"column":null}},"22":{"start":{"line":46,"column":8},"end":{"line":51,"column":null}},"23":{"start":{"line":47,"column":7},"end":{"line":47,"column":null}},"24":{"start":{"line":49,"column":8},"end":{"line":51,"column":null}},"25":{"start":{"line":50,"column":7},"end":{"line":50,"column":null}},"26":{"start":{"line":54,"column":0},"end":{"line":59,"column":3}},"27":{"start":{"line":54,"column":51},"end":{"line":59,"column":2}},"28":{"start":{"line":56,"column":14},"end":{"line":56,"column":31}},"29":{"start":{"line":58,"column":3},"end":{"line":58,"column":63}},"30":{"start":{"line":62,"column":0},"end":{"line":62,"column":22}}},"fnMap":{"0":{"name":"(anonymous_8)","decl":{"start":{"line":11,"column":17},"end":{"line":11,"column":24}},"loc":{"start":{"line":11,"column":46},"end":{"line":24,"column":2}}},"1":{"name":"(anonymous_9)","decl":{"start":{"line":11,"column":46},"end":{"line":11,"column":null}},"loc":{"start":{"line":11,"column":46},"end":{"line":24,"column":1}}},"2":{"name":"(anonymous_10)","decl":{"start":{"line":26,"column":16},"end":{"line":26,"column":23}},"loc":{"start":{"line":26,"column":45},"end":{"line":29,"column":2}}},"3":{"name":"(anonymous_11)","decl":{"start":{"line":26,"column":45},"end":{"line":26,"column":null}},"loc":{"start":{"line":26,"column":45},"end":{"line":29,"column":1}}},"4":{"name":"(anonymous_12)","decl":{"start":{"line":31,"column":19},"end":{"line":31,"column":26}},"loc":{"start":{"line":31,"column":48},"end":{"line":36,"column":2}}},"5":{"name":"(anonymous_13)","decl":{"start":{"line":31,"column":48},"end":{"line":31,"column":null}},"loc":{"start":{"line":31,"column":48},"end":{"line":36,"column":1}}},"6":{"name":"(anonymous_14)","decl":{"start":{"line":38,"column":21},"end":{"line":38,"column":28}},"loc":{"start":{"line":38,"column":50},"end":{"line":52,"column":2}}},"7":{"name":"(anonymous_15)","decl":{"start":{"line":38,"column":50},"end":{"line":38,"column":null}},"loc":{"start":{"line":38,"column":50},"end":{"line":52,"column":1}}},"8":{"name":"(anonymous_16)","decl":{"start":{"line":54,"column":22},"end":{"line":54,"column":29}},"loc":{"start":{"line":54,"column":51},"end":{"line":59,"column":2}}},"9":{"name":"(anonymous_17)","decl":{"start":{"line":54,"column":51},"end":{"line":54,"column":null}},"loc":{"start":{"line":54,"column":51},"end":{"line":59,"column":1}}}},"branchMap":{"0":{"loc":{"start":{"line":17,"column":4},"end":{"line":20,"column":null}},"type":"if","locations":[{"start":{"line":17,"column":4},"end":{"line":20,"column":null}}]},"1":{"loc":{"start":{"line":17,"column":8},"end":{"line":17,"column":26}},"type":"binary-expr","locations":[{"start":{"line":17,"column":8},"end":{"line":17,"column":14}},{"start":{"line":17,"column":18},"end":{"line":17,"column":26}}]},"2":{"loc":{"start":{"line":43,"column":3},"end":{"line":51,"column":null}},"type":"if","locations":[{"start":{"line":43,"column":3},"end":{"line":51,"column":null}},{"start":{"line":46,"column":8},"end":{"line":51,"column":null}}]},"3":{"loc":{"start":{"line":43,"column":7},"end":{"line":43,"column":23}},"type":"binary-expr","locations":[{"start":{"line":43,"column":7},"end":{"line":43,"column":12}},{"start":{"line":43,"column":16},"end":{"line":43,"column":23}}]},"4":{"loc":{"start":{"line":46,"column":8},"end":{"line":51,"column":null}},"type":"if","locations":[{"start":{"line":46,"column":8},"end":{"line":51,"column":null}},{"start":{"line":49,"column":8},"end":{"line":51,"column":null}}]},"5":{"loc":{"start":{"line":49,"column":8},"end":{"line":51,"column":null}},"type":"if","locations":[{"start":{"line":49,"column":8},"end":{"line":51,"column":null}}]}},"s":{"0":6,"1":6,"2":6,"3":3,"4":3,"5":3,"6":1,"7":1,"8":2,"9":6,"10":1,"11":1,"12":6,"13":1,"14":1,"15":1,"16":6,"17":3,"18":3,"19":3,"20":3,"21":1,"22":2,"23":1,"24":1,"25":1,"26":6,"27":1,"28":1,"29":1,"30":6},"f":{"0":3,"1":3,"2":1,"3":1,"4":1,"5":1,"6":3,"7":3,"8":1,"9":1},"b":{"0":[1],"1":[3,2],"2":[1,2],"3":[3,2],"4":[1,1],"5":[1]}}
,"/home/runner/work/Project1/Project1/nodeapp/src/routes/v1/products.route.ts": {"path":"/home/runner/work/Project1/Project1/nodeapp/src/routes/v1/products.route.ts","statementMap":{"0":{"start":{"line":1,"column":0},"end":{"line":1,"column":52}},"1":{"start":{"line":9,"column":13},"end":{"line":9,"column":30}},"2":{"start":{"line":12,"column":0},"end":{"line":26,"column":3}},"3":{"start":{"line":12,"column":63},"end":{"line":26,"column":2}},"4":{"start":{"line":16,"column":30},"end":{"line":16,"column":42}},"5":{"start":{"line":19,"column":8},"end":{"line":22,"column":null}},"6":{"start":{"line":20,"column":12},"end":{"line":20,"column":31}},"7":{"start":{"line":21,"column":12},"end":{"line":21,"column":19}},"8":{"start":{"line":25,"column":8},"end":{"line":25,"column":69}},"9":{"start":{"line":28,"column":0},"end":{"line":31,"column":3}},"10":{"start":{"line":28,"column":62},"end":{"line":31,"column":2}},"11":{"start":{"line":30,"column":4},"end":{"line":30,"column":69}},"12":{"start":{"line":33,"column":0},"end":{"line":38,"column":3}},"13":{"start":{"line":35,"column":15},"end":{"line":35,"column":32}},"14":{"start":{"line":37,"column":4},"end":{"line":37,"column":70}},"15":{"start":{"line":40,"column":0},"end":{"line":54,"column":3}},"16":{"start":{"line":40,"column":67},"end":{"line":54,"column":2}},"17":{"start":{"line":42,"column":15},"end":{"line":42,"column":32}},"18":{"start":{"line":43,"column":26},"end":{"line":43,"column":38}},"19":{"start":{"line":45,"column":4},"end":{"line":53,"column":null}},"20":{"start":{"line":46,"column":8},"end":{"line":46,"column":null}},"21":{"start":{"line":48,"column":9},"end":{"line":53,"column":null}},"22":{"start":{"line":49,"column":8},"end":{"line":49,"column":null}},"23":{"start":{"line":51,"column":9},"end":{"line":53,"column":null}},"24":{"start":{"line":52,"column":8},"end":{"line":52,"column":null}},"25":{"start":{"line":56,"column":0},"end":{"line":61,"column":3}},"26":{"start":{"line":56,"column":68},"end":{"line":61,"column":2}},"27":{"start":{"line":58,"column":15},"end":{"line":58,"column":32}},"28":{"start":{"line":60,"column":4},"end":{"line":60,"column":67}},"29":{"start":{"line":138,"column":0},"end":{"line":138,"column":22}}},"fnMap":{"0":{"name":"(anonymous_8)","decl":{"start":{"line":12,"column":17},"end":{"line":12,"column":23}},"loc":{"start":{"line":12,"column":63},"end":{"line":26,"column":2}}},"1":{"name":"(anonymous_9)","decl":{"start":{"line":12,"column":63},"end":{"line":12,"column":null}},"loc":{"start":{"line":12,"column":63},"end":{"line":26,"column":1}}},"2":{"name":"(anonymous_10)","decl":{"start":{"line":28,"column":16},"end":{"line":28,"column":22}},"loc":{"start":{"line":28,"column":62},"end":{"line":31,"column":2}}},"3":{"name":"(anonymous_11)","decl":{"start":{"line":28,"column":62},"end":{"line":28,"column":null}},"loc":{"start":{"line":28,"column":62},"end":{"line":31,"column":1}}},"4":{"name":"(anonymous_12)","decl":{"start":{"line":33,"column":19},"end":{"line":33,"column":20}},"loc":{"start":{"line":33,"column":60},"end":{"line":38,"column":1}}},"5":{"name":"(anonymous_13)","decl":{"start":{"line":40,"column":21},"end":{"line":40,"column":27}},"loc":{"start":{"line":40,"column":67},"end":{"line":54,"column":2}}},"6":{"name":"(anonymous_14)","decl":{"start":{"line":40,"column":67},"end":{"line":40,"column":null}},"loc":{"start":{"line":40,"column":67},"end":{"line":54,"column":1}}},"7":{"name":"(anonymous_15)","decl":{"start":{"line":56,"column":22},"end":{"line":56,"column":28}},"loc":{"start":{"line":56,"column":68},"end":{"line":61,"column":2}}},"8":{"name":"(anonymous_16)","decl":{"start":{"line":56,"column":68},"end":{"line":56,"column":null}},"loc":{"start":{"line":56,"column":68},"end":{"line":61,"column":1}}}},"branchMap":{"0":{"loc":{"start":{"line":19,"column":8},"end":{"line":22,"column":null}},"type":"if","locations":[{"start":{"line":19,"column":8},"end":{"line":22,"column":null}}]},"1":{"loc":{"start":{"line":19,"column":12},"end":{"line":19,"column":27}},"type":"binary-expr","locations":[{"start":{"line":19,"column":12},"end":{"line":19,"column":17}},{"start":{"line":19,"column":21},"end":{"line":19,"column":27}}]},"2":{"loc":{"start":{"line":45,"column":4},"end":{"line":53,"column":null}},"type":"if","locations":[{"start":{"line":45,"column":4},"end":{"line":53,"column":null}},{"start":{"line":48,"column":9},"end":{"line":53,"column":null}}]},"3":{"loc":{"start":{"line":45,"column":8},"end":{"line":45,"column":21}},"type":"binary-expr","locations":[{"start":{"line":45,"column":8},"end":{"line":45,"column":12}},{"start":{"line":45,"column":16},"end":{"line":45,"column":21}}]},"4":{"loc":{"start":{"line":48,"column":9},"end":{"line":53,"column":null}},"type":"if","locations":[{"start":{"line":48,"column":9},"end":{"line":53,"column":null}},{"start":{"line":51,"column":9},"end":{"line":53,"column":null}}]},"5":{"loc":{"start":{"line":51,"column":9},"end":{"line":53,"column":null}},"type":"if","locations":[{"start":{"line":51,"column":9},"end":{"line":53,"column":null}}]}},"s":{"0":6,"1":6,"2":6,"3":4,"4":4,"5":4,"6":1,"7":1,"8":3,"9":6,"10":1,"11":1,"12":6,"13":1,"14":1,"15":6,"16":3,"17":3,"18":3,"19":3,"20":1,"21":2,"22":1,"23":1,"24":1,"25":6,"26":1,"27":1,"28":1,"29":6},"f":{"0":4,"1":4,"2":1,"3":1,"4":1,"5":3,"6":3,"7":1,"8":1},"b":{"0":[1],"1":[4,3],"2":[1,2],"3":[3,2],"4":[1,1],"5":[1]}}
,"/home/runner/work/Project1/Project1/nodeapp/src/routes/v1/projects.route.ts": {"path":"/home/runner/work/Project1/Project1/nodeapp/src/routes/v1/projects.route.ts","statementMap":{"0":{"start":{"line":1,"column":0},"end":{"line":1,"column":53}},"1":{"start":{"line":9,"column":13},"end":{"line":9,"column":30}},"2":{"start":{"line":12,"column":0},"end":{"line":25,"column":4}},"3":{"start":{"line":12,"column":63},"end":{"line":25,"column":3}},"4":{"start":{"line":15,"column":30},"end":{"line":15,"column":42}},"5":{"start":{"line":18,"column":5},"end":{"line":21,"column":null}},"6":{"start":{"line":19,"column":9},"end":{"line":19,"column":28}},"7":{"start":{"line":20,"column":9},"end":{"line":20,"column":16}},"8":{"start":{"line":24,"column":5},"end":{"line":24,"column":68}},"9":{"start":{"line":27,"column":0},"end":{"line":30,"column":3}},"10":{"start":{"line":27,"column":62},"end":{"line":30,"column":2}},"11":{"start":{"line":29,"column":4},"end":{"line":29,"column":71}},"12":{"start":{"line":32,"column":0},"end":{"line":37,"column":3}},"13":{"start":{"line":32,"column":65},"end":{"line":37,"column":2}},"14":{"start":{"line":34,"column":15},"end":{"line":34,"column":32}},"15":{"start":{"line":36,"column":4},"end":{"line":36,"column":71}},"16":{"start":{"line":39,"column":0},"end":{"line":53,"column":3}},"17":{"start":{"line":39,"column":67},"end":{"line":53,"column":2}},"18":{"start":{"line":41,"column":15},"end":{"line":41,"column":32}},"19":{"start":{"line":42,"column":29},"end":{"line":42,"column":41}},"20":{"start":{"line":44,"column":4},"end":{"line":52,"column":null}},"21":{"start":{"line":45,"column":8},"end":{"line":45,"column":null}},"22":{"start":{"line":47,"column":9},"end":{"line":52,"column":null}},"23":{"start":{"line":48,"column":8},"end":{"line":48,"column":null}},"24":{"start":{"line":50,"column":9},"end":{"line":52,"column":null}},"25":{"start":{"line":51,"column":8},"end":{"line":51,"column":null}},"26":{"start":{"line":55,"column":0},"end":{"line":60,"column":3}},"27":{"start":{"line":55,"column":68},"end":{"line":60,"column":2}},"28":{"start":{"line":57,"column":15},"end":{"line":57,"column":32}},"29":{"start":{"line":59,"column":4},"end":{"line":59,"column":68}},"30":{"start":{"line":62,"column":0},"end":{"line":62,"column":22}}},"fnMap":{"0":{"name":"(anonymous_8)","decl":{"start":{"line":12,"column":17},"end":{"line":12,"column":23}},"loc":{"start":{"line":12,"column":63},"end":{"line":25,"column":3}}},"1":{"name":"(anonymous_9)","decl":{"start":{"line":12,"column":63},"end":{"line":12,"column":null}},"loc":{"start":{"line":12,"column":63},"end":{"line":25,"column":2}}},"2":{"name":"(anonymous_10)","decl":{"start":{"line":27,"column":16},"end":{"line":27,"column":22}},"loc":{"start":{"line":27,"column":62},"end":{"line":30,"column":2}}},"3":{"name":"(anonymous_11)","decl":{"start":{"line":27,"column":62},"end":{"line":27,"column":null}},"loc":{"start":{"line":27,"column":62},"end":{"line":30,"column":1}}},"4":{"name":"(anonymous_12)","decl":{"start":{"line":32,"column":19},"end":{"line":32,"column":25}},"loc":{"start":{"line":32,"column":65},"end":{"line":37,"column":2}}},"5":{"name":"(anonymous_13)","decl":{"start":{"line":32,"column":65},"end":{"line":32,"column":null}},"loc":{"start":{"line":32,"column":65},"end":{"line":37,"column":1}}},"6":{"name":"(anonymous_14)","decl":{"start":{"line":39,"column":21},"end":{"line":39,"column":27}},"loc":{"start":{"line":39,"column":67},"end":{"line":53,"column":2}}},"7":{"name":"(anonymous_15)","decl":{"start":{"line":39,"column":67},"end":{"line":39,"column":null}},"loc":{"start":{"line":39,"column":67},"end":{"line":53,"column":1}}},"8":{"name":"(anonymous_16)","decl":{"start":{"line":55,"column":22},"end":{"line":55,"column":28}},"loc":{"start":{"line":55,"column":68},"end":{"line":60,"column":2}}},"9":{"name":"(anonymous_17)","decl":{"start":{"line":55,"column":68},"end":{"line":55,"column":null}},"loc":{"start":{"line":55,"column":68},"end":{"line":60,"column":1}}}},"branchMap":{"0":{"loc":{"start":{"line":18,"column":5},"end":{"line":21,"column":null}},"type":"if","locations":[{"start":{"line":18,"column":5},"end":{"line":21,"column":null}}]},"1":{"loc":{"start":{"line":18,"column":9},"end":{"line":18,"column":27}},"type":"binary-expr","locations":[{"start":{"line":18,"column":9},"end":{"line":18,"column":14}},{"start":{"line":18,"column":18},"end":{"line":18,"column":27}}]},"2":{"loc":{"start":{"line":44,"column":4},"end":{"line":52,"column":null}},"type":"if","locations":[{"start":{"line":44,"column":4},"end":{"line":52,"column":null}},{"start":{"line":47,"column":9},"end":{"line":52,"column":null}}]},"3":{"loc":{"start":{"line":44,"column":8},"end":{"line":44,"column":24}},"type":"binary-expr","locations":[{"start":{"line":44,"column":8},"end":{"line":44,"column":12}},{"start":{"line":44,"column":16},"end":{"line":44,"column":24}}]},"4":{"loc":{"start":{"line":47,"column":9},"end":{"line":52,"column":null}},"type":"if","locations":[{"start":{"line":47,"column":9},"end":{"line":52,"column":null}},{"start":{"line":50,"column":9},"end":{"line":52,"column":null}}]},"5":{"loc":{"start":{"line":50,"column":9},"end":{"line":52,"column":null}},"type":"if","locations":[{"start":{"line":50,"column":9},"end":{"line":52,"column":null}}]}},"s":{"0":6,"1":6,"2":6,"3":4,"4":4,"5":4,"6":1,"7":1,"8":3,"9":6,"10":1,"11":1,"12":6,"13":1,"14":1,"15":1,"16":6,"17":3,"18":3,"19":3,"20":3,"21":1,"22":2,"23":1,"24":1,"25":1,"26":6,"27":1,"28":1,"29":1,"30":6},"f":{"0":4,"1":4,"2":1,"3":1,"4":1,"5":1,"6":3,"7":3,"8":1,"9":1},"b":{"0":[1],"1":[4,3],"2":[1,2],"3":[3,2],"4":[1,1],"5":[1]}}
,"/home/runner/work/Project1/Project1/nodeapp/src/routes/v1/users.route.ts": {"path":"/home/runner/work/Project1/Project1/nodeapp/src/routes/v1/users.route.ts","statementMap":{"0":{"start":{"line":1,"column":16},"end":{"line":1,"column":34}},"1":{"start":{"line":7,"column":13},"end":{"line":7,"column":30}},"2":{"start":{"line":11,"column":0},"end":{"line":14,"column":3}},"3":{"start":{"line":13,"column":4},"end":{"line":13,"column":54}},"4":{"start":{"line":16,"column":0},"end":{"line":19,"column":3}},"5":{"start":{"line":18,"column":4},"end":{"line":18,"column":54}},"6":{"start":{"line":21,"column":0},"end":{"line":24,"column":3}},"7":{"start":{"line":23,"column":4},"end":{"line":23,"column":54}},"8":{"start":{"line":26,"column":0},"end":{"line":29,"column":3}},"9":{"start":{"line":28,"column":4},"end":{"line":28,"column":54}},"10":{"start":{"line":31,"column":0},"end":{"line":34,"column":3}},"11":{"start":{"line":33,"column":4},"end":{"line":33,"column":54}},"12":{"start":{"line":110,"column":0},"end":{"line":110,"column":22}}},"fnMap":{"0":{"name":"(anonymous_0)","decl":{"start":{"line":11,"column":17},"end":{"line":11,"column":18}},"loc":{"start":{"line":11,"column":40},"end":{"line":14,"column":1}}},"1":{"name":"(anonymous_1)","decl":{"start":{"line":16,"column":16},"end":{"line":16,"column":17}},"loc":{"start":{"line":16,"column":39},"end":{"line":19,"column":1}}},"2":{"name":"(anonymous_2)","decl":{"start":{"line":21,"column":19},"end":{"line":21,"column":20}},"loc":{"start":{"line":21,"column":42},"end":{"line":24,"column":1}}},"3":{"name":"(anonymous_3)","decl":{"start":{"line":26,"column":21},"end":{"line":26,"column":22}},"loc":{"start":{"line":26,"column":44},"end":{"line":29,"column":1}}},"4":{"name":"(anonymous_4)","decl":{"start":{"line":31,"column":22},"end":{"line":31,"column":23}},"loc":{"start":{"line":31,"column":45},"end":{"line":34,"column":1}}}},"branchMap":{},"s":{"0":0,"1":0,"2":0,"3":0,"4":0,"5":0,"6":0,"7":0,"8":0,"9":0,"10":0,"11":0,"12":0},"f":{"0":0,"1":0,"2":0,"3":0,"4":0},"b":{}}
,"/home/runner/work/Project1/Project1/nodeapp/src/routes/v1/weather.route.ts": {"path":"/home/runner/work/Project1/Project1/nodeapp/src/routes/v1/weather.route.ts","statementMap":{"0":{"start":{"line":1,"column":0},"end":{"line":1,"column":30}},"1":{"start":{"line":8,"column":13},"end":{"line":8,"column":30}},"2":{"start":{"line":11,"column":0},"end":{"line":24,"column":4}},"3":{"start":{"line":11,"column":44},"end":{"line":24,"column":3}},"4":{"start":{"line":14,"column":30},"end":{"line":14,"column":42}},"5":{"start":{"line":17,"column":5},"end":{"line":20,"column":null}},"6":{"start":{"line":18,"column":9},"end":{"line":18,"column":28}},"7":{"start":{"line":19,"column":9},"end":{"line":19,"column":16}},"8":{"start":{"line":23,"column":5},"end":{"line":23,"column":69}},"9":{"start":{"line":26,"column":0},"end":{"line":29,"column":3}},"10":{"start":{"line":26,"column":43},"end":{"line":29,"column":2}},"11":{"start":{"line":28,"column":4},"end":{"line":28,"column":70}},"12":{"start":{"line":31,"column":0},"end":{"line":34,"column":3}},"13":{"start":{"line":31,"column":46},"end":{"line":34,"column":2}},"14":{"start":{"line":32,"column":15},"end":{"line":32,"column":32}},"15":{"start":{"line":33,"column":4},"end":{"line":33,"column":72}},"16":{"start":{"line":36,"column":0},"end":{"line":50,"column":3}},"17":{"start":{"line":36,"column":48},"end":{"line":50,"column":2}},"18":{"start":{"line":38,"column":15},"end":{"line":38,"column":32}},"19":{"start":{"line":39,"column":29},"end":{"line":39,"column":41}},"20":{"start":{"line":41,"column":4},"end":{"line":49,"column":null}},"21":{"start":{"line":42,"column":8},"end":{"line":42,"column":null}},"22":{"start":{"line":44,"column":9},"end":{"line":49,"column":null}},"23":{"start":{"line":45,"column":8},"end":{"line":45,"column":null}},"24":{"start":{"line":47,"column":9},"end":{"line":49,"column":null}},"25":{"start":{"line":48,"column":8},"end":{"line":48,"column":null}},"26":{"start":{"line":52,"column":0},"end":{"line":55,"column":3}},"27":{"start":{"line":52,"column":49},"end":{"line":55,"column":2}},"28":{"start":{"line":53,"column":15},"end":{"line":53,"column":32}},"29":{"start":{"line":54,"column":4},"end":{"line":54,"column":67}},"30":{"start":{"line":134,"column":0},"end":{"line":134,"column":22}}},"fnMap":{"0":{"name":"(anonymous_8)","decl":{"start":{"line":11,"column":17},"end":{"line":11,"column":23}},"loc":{"start":{"line":11,"column":44},"end":{"line":24,"column":3}}},"1":{"name":"(anonymous_9)","decl":{"start":{"line":11,"column":44},"end":{"line":11,"column":null}},"loc":{"start":{"line":11,"column":44},"end":{"line":24,"column":2}}},"2":{"name":"(anonymous_10)","decl":{"start":{"line":26,"column":16},"end":{"line":26,"column":22}},"loc":{"start":{"line":26,"column":43},"end":{"line":29,"column":2}}},"3":{"name":"(anonymous_11)","decl":{"start":{"line":26,"column":43},"end":{"line":26,"column":null}},"loc":{"start":{"line":26,"column":43},"end":{"line":29,"column":1}}},"4":{"name":"(anonymous_12)","decl":{"start":{"line":31,"column":19},"end":{"line":31,"column":25}},"loc":{"start":{"line":31,"column":46},"end":{"line":34,"column":2}}},"5":{"name":"(anonymous_13)","decl":{"start":{"line":31,"column":46},"end":{"line":31,"column":null}},"loc":{"start":{"line":31,"column":46},"end":{"line":34,"column":1}}},"6":{"name":"(anonymous_14)","decl":{"start":{"line":36,"column":21},"end":{"line":36,"column":27}},"loc":{"start":{"line":36,"column":48},"end":{"line":50,"column":2}}},"7":{"name":"(anonymous_15)","decl":{"start":{"line":36,"column":48},"end":{"line":36,"column":null}},"loc":{"start":{"line":36,"column":48},"end":{"line":50,"column":1}}},"8":{"name":"(anonymous_16)","decl":{"start":{"line":52,"column":22},"end":{"line":52,"column":28}},"loc":{"start":{"line":52,"column":49},"end":{"line":55,"column":2}}},"9":{"name":"(anonymous_17)","decl":{"start":{"line":52,"column":49},"end":{"line":52,"column":null}},"loc":{"start":{"line":52,"column":49},"end":{"line":55,"column":1}}}},"branchMap":{"0":{"loc":{"start":{"line":17,"column":5},"end":{"line":20,"column":null}},"type":"if","locations":[{"start":{"line":17,"column":5},"end":{"line":20,"column":null}}]},"1":{"loc":{"start":{"line":17,"column":9},"end":{"line":17,"column":27}},"type":"binary-expr","locations":[{"start":{"line":17,"column":9},"end":{"line":17,"column":15}},{"start":{"line":17,"column":19},"end":{"line":17,"column":27}}]},"2":{"loc":{"start":{"line":41,"column":4},"end":{"line":49,"column":null}},"type":"if","locations":[{"start":{"line":41,"column":4},"end":{"line":49,"column":null}},{"start":{"line":44,"column":9},"end":{"line":49,"column":null}}]},"3":{"loc":{"start":{"line":41,"column":8},"end":{"line":41,"column":24}},"type":"binary-expr","locations":[{"start":{"line":41,"column":8},"end":{"line":41,"column":13}},{"start":{"line":41,"column":17},"end":{"line":41,"column":24}}]},"4":{"loc":{"start":{"line":44,"column":9},"end":{"line":49,"column":null}},"type":"if","locations":[{"start":{"line":44,"column":9},"end":{"line":49,"column":null}},{"start":{"line":47,"column":9},"end":{"line":49,"column":null}}]},"5":{"loc":{"start":{"line":47,"column":9},"end":{"line":49,"column":null}},"type":"if","locations":[{"start":{"line":47,"column":9},"end":{"line":49,"column":null}}]}},"s":{"0":6,"1":6,"2":6,"3":3,"4":3,"5":3,"6":1,"7":1,"8":2,"9":6,"10":1,"11":1,"12":6,"13":1,"14":1,"15":1,"16":6,"17":3,"18":3,"19":3,"20":3,"21":1,"22":2,"23":1,"24":1,"25":1,"26":6,"27":1,"28":1,"29":1,"30":6},"f":{"0":3,"1":3,"2":1,"3":1,"4":1,"5":1,"6":3,"7":3,"8":1,"9":1},"b":{"0":[1],"1":[3,2],"2":[1,2],"3":[3,2],"4":[1,1],"5":[1]}}
,"/home/runner/work/Project1/Project1/nodeapp/src/routes/v2/auth.route.ts": {"path":"/home/runner/work/Project1/Project1/nodeapp/src/routes/v2/auth.route.ts","statementMap":{"0":{"start":{"line":1,"column":0},"end":{"line":1,"column":30}},"1":{"start":{"line":2,"column":0},"end":{"line":2,"column":59}},"2":{"start":{"line":3,"column":0},"end":{"line":3,"column":71}},"3":{"start":{"line":4,"column":0},"end":{"line":4,"column":23}},"4":{"start":{"line":5,"column":0},"end":{"line":5,"column":40}},"5":{"start":{"line":6,"column":0},"end":{"line":6,"column":75}},"6":{"start":{"line":7,"column":0},"end":{"line":7,"column":61}},"7":{"start":{"line":10,"column":13},"end":{"line":10,"column":30}},"8":{"start":{"line":14,"column":0},"end":{"line":37,"column":3}},"9":{"start":{"line":14,"column":83},"end":{"line":37,"column":2}},"10":{"start":{"line":16,"column":18},"end":{"line":16,"column":26}},"11":{"start":{"line":19,"column":29},"end":{"line":19,"column":69}},"12":{"start":{"line":20,"column":4},"end":{"line":20,"column":38}},"13":{"start":{"line":20,"column":17},"end":{"line":20,"column":38}},"14":{"start":{"line":22,"column":4},"end":{"line":36,"column":null}},"15":{"start":{"line":26,"column":24},"end":{"line":26,"column":35}},"16":{"start":{"line":27,"column":23},"end":{"line":27,"column":61}},"17":{"start":{"line":28,"column":22},"end":{"line":28,"column":93}},"18":{"start":{"line":29,"column":8},"end":{"line":29,"column":81}},"19":{"start":{"line":31,"column":8},"end":{"line":31,"column":47}},"20":{"start":{"line":33,"column":8},"end":{"line":33,"column":26}},"21":{"start":{"line":35,"column":8},"end":{"line":35,"column":66}},"22":{"start":{"line":40,"column":0},"end":{"line":40,"column":22}}},"fnMap":{"0":{"name":"(anonymous_8)","decl":{"start":{"line":14,"column":58},"end":{"line":14,"column":65}},"loc":{"start":{"line":14,"column":83},"end":{"line":37,"column":2}}},"1":{"name":"(anonymous_9)","decl":{"start":{"line":14,"column":83},"end":{"line":14,"column":null}},"loc":{"start":{"line":14,"column":83},"end":{"line":37,"column":1}}}},"branchMap":{"0":{"loc":{"start":{"line":20,"column":4},"end":{"line":20,"column":38}},"type":"if","locations":[{"start":{"line":20,"column":4},"end":{"line":20,"column":38}}]},"1":{"loc":{"start":{"line":22,"column":4},"end":{"line":36,"column":null}},"type":"if","locations":[{"start":{"line":22,"column":4},"end":{"line":36,"column":null}},{"start":{"line":34,"column":11},"end":{"line":36,"column":null}}]}},"s":{"0":0,"1":0,"2":0,"3":0,"4":0,"5":0,"6":0,"7":0,"8":0,"9":0,"10":0,"11":0,"12":0,"13":0,"14":0,"15":0,"16":0,"17":0,"18":0,"19":0,"20":0,"21":0,"22":0},"f":{"0":0,"1":0},"b":{"0":[0],"1":[0,0]}}
,"/home/runner/work/Project1/Project1/nodeapp/src/services/auth.service.ts": {"path":"/home/runner/work/Project1/Project1/nodeapp/src/services/auth.service.ts","statementMap":{"0":{"start":{"line":1,"column":0},"end":{"line":1,"column":40}},"1":{"start":{"line":2,"column":0},"end":{"line":2,"column":45}},"2":{"start":{"line":3,"column":0},"end":{"line":3,"column":60}},"3":{"start":{"line":6,"column":28},"end":{"line":12,"column":null}},"4":{"start":{"line":6,"column":50},"end":{"line":12,"column":null}},"5":{"start":{"line":8,"column":34},"end":{"line":8,"column":86}},"6":{"start":{"line":9,"column":4},"end":{"line":9,"column":84}},"7":{"start":{"line":9,"column":17},"end":{"line":9,"column":84}},"8":{"start":{"line":11,"column":4},"end":{"line":11,"column":24}},"9":{"start":{"line":6,"column":13},"end":{"line":6,"column":28}}},"fnMap":{"0":{"name":"(anonymous_7)","decl":{"start":{"line":6,"column":28},"end":{"line":6,"column":35}},"loc":{"start":{"line":6,"column":50},"end":{"line":12,"column":null}}},"1":{"name":"(anonymous_8)","decl":{"start":{"line":6,"column":50},"end":{"line":6,"column":null}},"loc":{"start":{"line":6,"column":50},"end":{"line":12,"column":1}}}},"branchMap":{"0":{"loc":{"start":{"line":9,"column":4},"end":{"line":9,"column":84}},"type":"if","locations":[{"start":{"line":9,"column":4},"end":{"line":9,"column":84}}]}},"s":{"0":0,"1":0,"2":0,"3":0,"4":0,"5":0,"6":0,"7":0,"8":0,"9":0},"f":{"0":0,"1":0},"b":{"0":[0]}}
,"/home/runner/work/Project1/Project1/nodeapp/src/services/blogs.service.ts": {"path":"/home/runner/work/Project1/Project1/nodeapp/src/services/blogs.service.ts","statementMap":{"0":{"start":{"line":1,"column":0},"end":{"line":1,"column":40}},"1":{"start":{"line":2,"column":0},"end":{"line":2,"column":45}},"2":{"start":{"line":3,"column":0},"end":{"line":3,"column":81}},"3":{"start":{"line":6,"column":30},"end":{"line":14,"column":null}},"4":{"start":{"line":6,"column":52},"end":{"line":14,"column":null}},"5":{"start":{"line":8,"column":23},"end":{"line":8,"column":60}},"6":{"start":{"line":10,"column":33},"end":{"line":10,"column":90}},"7":{"start":{"line":11,"column":4},"end":{"line":11,"column":87}},"8":{"start":{"line":11,"column":17},"end":{"line":11,"column":87}},"9":{"start":{"line":13,"column":4},"end":{"line":13,"column":23}},"10":{"start":{"line":6,"column":13},"end":{"line":6,"column":30}},"11":{"start":{"line":16,"column":28},"end":{"line":49,"column":null}},"12":{"start":{"line":16,"column":52},"end":{"line":49,"column":null}},"13":{"start":{"line":18,"column":22},"end":{"line":18,"column":26}},"14":{"start":{"line":19,"column":16},"end":{"line":19,"column":20}},"15":{"start":{"line":22,"column":19},"end":{"line":22,"column":41}},"16":{"start":{"line":25,"column":17},"end":{"line":25,"column":34}},"17":{"start":{"line":29,"column":24},"end":{"line":29,"column":39}},"18":{"start":{"line":33,"column":24},"end":{"line":33,"column":79}},"19":{"start":{"line":35,"column":4},"end":{"line":44,"column":7}},"20":{"start":{"line":46,"column":4},"end":{"line":46,"column":85}},"21":{"start":{"line":46,"column":17},"end":{"line":46,"column":85}},"22":{"start":{"line":48,"column":4},"end":{"line":48,"column":23}},"23":{"start":{"line":16,"column":13},"end":{"line":16,"column":28}},"24":{"start":{"line":51,"column":31},"end":{"line":67,"column":null}},"25":{"start":{"line":51,"column":67},"end":{"line":67,"column":null}},"26":{"start":{"line":53,"column":19},"end":{"line":53,"column":39}},"27":{"start":{"line":55,"column":30},"end":{"line":60,"column":null}},"28":{"start":{"line":64,"column":4},"end":{"line":64,"column":88}},"29":{"start":{"line":64,"column":17},"end":{"line":64,"column":88}},"30":{"start":{"line":66,"column":4},"end":{"line":66,"column":20}},"31":{"start":{"line":51,"column":13},"end":{"line":51,"column":31}},"32":{"start":{"line":69,"column":29},"end":{"line":78,"column":null}},"33":{"start":{"line":69,"column":68},"end":{"line":78,"column":null}},"34":{"start":{"line":71,"column":22},"end":{"line":71,"column":85}},"35":{"start":{"line":72,"column":4},"end":{"line":72,"column":86}},"36":{"start":{"line":72,"column":17},"end":{"line":72,"column":86}},"37":{"start":{"line":74,"column":31},"end":{"line":74,"column":83}},"38":{"start":{"line":75,"column":4},"end":{"line":75,"column":88}},"39":{"start":{"line":75,"column":18},"end":{"line":75,"column":88}},"40":{"start":{"line":77,"column":4},"end":{"line":77,"column":20}},"41":{"start":{"line":69,"column":13},"end":{"line":69,"column":29}},"42":{"start":{"line":80,"column":30},"end":{"line":86,"column":null}},"43":{"start":{"line":80,"column":52},"end":{"line":86,"column":null}},"44":{"start":{"line":82,"column":28},"end":{"line":82,"column":79}},"45":{"start":{"line":83,"column":4},"end":{"line":83,"column":87}},"46":{"start":{"line":83,"column":17},"end":{"line":83,"column":87}},"47":{"start":{"line":85,"column":4},"end":{"line":85,"column":18}},"48":{"start":{"line":80,"column":13},"end":{"line":80,"column":30}}},"fnMap":{"0":{"name":"(anonymous_7)","decl":{"start":{"line":6,"column":30},"end":{"line":6,"column":37}},"loc":{"start":{"line":6,"column":52},"end":{"line":14,"column":null}}},"1":{"name":"(anonymous_8)","decl":{"start":{"line":6,"column":52},"end":{"line":6,"column":null}},"loc":{"start":{"line":6,"column":52},"end":{"line":14,"column":1}}},"2":{"name":"(anonymous_9)","decl":{"start":{"line":16,"column":28},"end":{"line":16,"column":35}},"loc":{"start":{"line":16,"column":52},"end":{"line":49,"column":null}}},"3":{"name":"(anonymous_10)","decl":{"start":{"line":16,"column":52},"end":{"line":16,"column":null}},"loc":{"start":{"line":16,"column":52},"end":{"line":49,"column":1}}},"4":{"name":"(anonymous_11)","decl":{"start":{"line":51,"column":31},"end":{"line":51,"column":38}},"loc":{"start":{"line":51,"column":67},"end":{"line":67,"column":null}}},"5":{"name":"(anonymous_12)","decl":{"start":{"line":51,"column":67},"end":{"line":51,"column":null}},"loc":{"start":{"line":51,"column":67},"end":{"line":67,"column":1}}},"6":{"name":"(anonymous_13)","decl":{"start":{"line":69,"column":29},"end":{"line":69,"column":36}},"loc":{"start":{"line":69,"column":68},"end":{"line":78,"column":null}}},"7":{"name":"(anonymous_14)","decl":{"start":{"line":69,"column":68},"end":{"line":69,"column":null}},"loc":{"start":{"line":69,"column":68},"end":{"line":78,"column":1}}},"8":{"name":"(anonymous_15)","decl":{"start":{"line":80,"column":30},"end":{"line":80,"column":37}},"loc":{"start":{"line":80,"column":52},"end":{"line":86,"column":null}}},"9":{"name":"(anonymous_16)","decl":{"start":{"line":80,"column":52},"end":{"line":80,"column":null}},"loc":{"start":{"line":80,"column":52},"end":{"line":86,"column":1}}}},"branchMap":{"0":{"loc":{"start":{"line":11,"column":4},"end":{"line":11,"column":87}},"type":"if","locations":[{"start":{"line":11,"column":4},"end":{"line":11,"column":87}}]},"1":{"loc":{"start":{"line":29,"column":24},"end":{"line":29,"column":39}},"type":"cond-expr","locations":[{"start":{"line":29,"column":33},"end":{"line":29,"column":37}},{"start":{"line":29,"column":37},"end":{"line":29,"column":39}}]},"2":{"loc":{"start":{"line":29,"column":24},"end":{"line":29,"column":37}},"type":"binary-expr","locations":[{"start":{"line":29,"column":24},"end":{"line":29,"column":37}},{"start":{"line":29,"column":33},"end":{"line":29,"column":37}}]},"3":{"loc":{"start":{"line":33,"column":24},"end":{"line":33,"column":79}},"type":"cond-expr","locations":[{"start":{"line":33,"column":40},"end":{"line":33,"column":65}},{"start":{"line":33,"column":68},"end":{"line":33,"column":79}}]},"4":{"loc":{"start":{"line":46,"column":4},"end":{"line":46,"column":85}},"type":"if","locations":[{"start":{"line":46,"column":4},"end":{"line":46,"column":85}}]},"5":{"loc":{"start":{"line":64,"column":4},"end":{"line":64,"column":88}},"type":"if","locations":[{"start":{"line":64,"column":4},"end":{"line":64,"column":88}}]},"6":{"loc":{"start":{"line":72,"column":4},"end":{"line":72,"column":86}},"type":"if","locations":[{"start":{"line":72,"column":4},"end":{"line":72,"column":86}}]},"7":{"loc":{"start":{"line":75,"column":4},"end":{"line":75,"column":88}},"type":"if","locations":[{"start":{"line":75,"column":4},"end":{"line":75,"column":88}}]},"8":{"loc":{"start":{"line":83,"column":4},"end":{"line":83,"column":87}},"type":"if","locations":[{"start":{"line":83,"column":4},"end":{"line":83,"column":87}}]}},"s":{"0":0,"1":0,"2":0,"3":0,"4":0,"5":0,"6":0,"7":0,"8":0,"9":0,"10":0,"11":0,"12":0,"13":0,"14":0,"15":0,"16":0,"17":0,"18":0,"19":0,"20":0,"21":0,"22":0,"23":0,"24":0,"25":0,"26":0,"27":0,"28":0,"29":0,"30":0,"31":0,"32":0,"33":0,"34":0,"35":0,"36":0,"37":0,"38":0,"39":0,"40":0,"41":0,"42":0,"43":0,"44":0,"45":0,"46":0,"47":0,"48":0},"f":{"0":0,"1":0,"2":0,"3":0,"4":0,"5":0,"6":0,"7":0,"8":0,"9":0},"b":{"0":[0],"1":[0,0],"2":[0,0],"3":[0,0],"4":[0],"5":[0],"6":[0],"7":[0],"8":[0]}}
,"/home/runner/work/Project1/Project1/nodeapp/src/services/books.service.ts": {"path":"/home/runner/work/Project1/Project1/nodeapp/src/services/books.service.ts","statementMap":{"0":{"start":{"line":1,"column":0},"end":{"line":1,"column":40}},"1":{"start":{"line":2,"column":0},"end":{"line":2,"column":45}},"2":{"start":{"line":3,"column":0},"end":{"line":3,"column":81}},"3":{"start":{"line":6,"column":30},"end":{"line":14,"column":null}},"4":{"start":{"line":6,"column":52},"end":{"line":14,"column":null}},"5":{"start":{"line":8,"column":23},"end":{"line":8,"column":60}},"6":{"start":{"line":9,"column":33},"end":{"line":9,"column":90}},"7":{"start":{"line":11,"column":4},"end":{"line":11,"column":87}},"8":{"start":{"line":11,"column":17},"end":{"line":11,"column":87}},"9":{"start":{"line":13,"column":4},"end":{"line":13,"column":23}},"10":{"start":{"line":6,"column":13},"end":{"line":6,"column":30}},"11":{"start":{"line":16,"column":28},"end":{"line":51,"column":null}},"12":{"start":{"line":16,"column":52},"end":{"line":51,"column":null}},"13":{"start":{"line":18,"column":22},"end":{"line":18,"column":26}},"14":{"start":{"line":19,"column":16},"end":{"line":19,"column":20}},"15":{"start":{"line":22,"column":19},"end":{"line":22,"column":41}},"16":{"start":{"line":25,"column":17},"end":{"line":25,"column":34}},"17":{"start":{"line":29,"column":24},"end":{"line":29,"column":39}},"18":{"start":{"line":33,"column":24},"end":{"line":33,"column":79}},"19":{"start":{"line":37,"column":4},"end":{"line":46,"column":6}},"20":{"start":{"line":48,"column":4},"end":{"line":48,"column":85}},"21":{"start":{"line":48,"column":17},"end":{"line":48,"column":85}},"22":{"start":{"line":50,"column":4},"end":{"line":50,"column":23}},"23":{"start":{"line":16,"column":13},"end":{"line":16,"column":28}},"24":{"start":{"line":53,"column":31},"end":{"line":68,"column":null}},"25":{"start":{"line":53,"column":67},"end":{"line":68,"column":null}},"26":{"start":{"line":55,"column":19},"end":{"line":55,"column":41}},"27":{"start":{"line":57,"column":30},"end":{"line":62,"column":null}},"28":{"start":{"line":65,"column":4},"end":{"line":65,"column":88}},"29":{"start":{"line":65,"column":17},"end":{"line":65,"column":88}},"30":{"start":{"line":67,"column":4},"end":{"line":67,"column":20}},"31":{"start":{"line":53,"column":13},"end":{"line":53,"column":31}},"32":{"start":{"line":70,"column":29},"end":{"line":79,"column":null}},"33":{"start":{"line":70,"column":68},"end":{"line":79,"column":null}},"34":{"start":{"line":72,"column":22},"end":{"line":72,"column":85}},"35":{"start":{"line":73,"column":4},"end":{"line":73,"column":86}},"36":{"start":{"line":73,"column":17},"end":{"line":73,"column":86}},"37":{"start":{"line":75,"column":31},"end":{"line":75,"column":83}},"38":{"start":{"line":76,"column":4},"end":{"line":76,"column":88}},"39":{"start":{"line":76,"column":18},"end":{"line":76,"column":88}},"40":{"start":{"line":78,"column":4},"end":{"line":78,"column":20}},"41":{"start":{"line":70,"column":13},"end":{"line":70,"column":29}},"42":{"start":{"line":81,"column":30},"end":{"line":87,"column":null}},"43":{"start":{"line":81,"column":52},"end":{"line":87,"column":null}},"44":{"start":{"line":83,"column":28},"end":{"line":83,"column":79}},"45":{"start":{"line":84,"column":4},"end":{"line":84,"column":87}},"46":{"start":{"line":84,"column":17},"end":{"line":84,"column":87}},"47":{"start":{"line":86,"column":4},"end":{"line":86,"column":18}},"48":{"start":{"line":81,"column":13},"end":{"line":81,"column":30}}},"fnMap":{"0":{"name":"(anonymous_7)","decl":{"start":{"line":6,"column":30},"end":{"line":6,"column":37}},"loc":{"start":{"line":6,"column":52},"end":{"line":14,"column":null}}},"1":{"name":"(anonymous_8)","decl":{"start":{"line":6,"column":52},"end":{"line":6,"column":null}},"loc":{"start":{"line":6,"column":52},"end":{"line":14,"column":1}}},"2":{"name":"(anonymous_9)","decl":{"start":{"line":16,"column":28},"end":{"line":16,"column":35}},"loc":{"start":{"line":16,"column":52},"end":{"line":51,"column":null}}},"3":{"name":"(anonymous_10)","decl":{"start":{"line":16,"column":52},"end":{"line":16,"column":null}},"loc":{"start":{"line":16,"column":52},"end":{"line":51,"column":1}}},"4":{"name":"(anonymous_11)","decl":{"start":{"line":53,"column":31},"end":{"line":53,"column":38}},"loc":{"start":{"line":53,"column":67},"end":{"line":68,"column":null}}},"5":{"name":"(anonymous_12)","decl":{"start":{"line":53,"column":67},"end":{"line":53,"column":null}},"loc":{"start":{"line":53,"column":67},"end":{"line":68,"column":1}}},"6":{"name":"(anonymous_13)","decl":{"start":{"line":70,"column":29},"end":{"line":70,"column":36}},"loc":{"start":{"line":70,"column":68},"end":{"line":79,"column":null}}},"7":{"name":"(anonymous_14)","decl":{"start":{"line":70,"column":68},"end":{"line":70,"column":null}},"loc":{"start":{"line":70,"column":68},"end":{"line":79,"column":1}}},"8":{"name":"(anonymous_15)","decl":{"start":{"line":81,"column":30},"end":{"line":81,"column":37}},"loc":{"start":{"line":81,"column":52},"end":{"line":87,"column":null}}},"9":{"name":"(anonymous_16)","decl":{"start":{"line":81,"column":52},"end":{"line":81,"column":null}},"loc":{"start":{"line":81,"column":52},"end":{"line":87,"column":1}}}},"branchMap":{"0":{"loc":{"start":{"line":11,"column":4},"end":{"line":11,"column":87}},"type":"if","locations":[{"start":{"line":11,"column":4},"end":{"line":11,"column":87}}]},"1":{"loc":{"start":{"line":29,"column":24},"end":{"line":29,"column":39}},"type":"cond-expr","locations":[{"start":{"line":29,"column":33},"end":{"line":29,"column":37}},{"start":{"line":29,"column":37},"end":{"line":29,"column":39}}]},"2":{"loc":{"start":{"line":29,"column":24},"end":{"line":29,"column":37}},"type":"binary-expr","locations":[{"start":{"line":29,"column":24},"end":{"line":29,"column":37}},{"start":{"line":29,"column":33},"end":{"line":29,"column":37}}]},"3":{"loc":{"start":{"line":33,"column":24},"end":{"line":33,"column":79}},"type":"cond-expr","locations":[{"start":{"line":33,"column":40},"end":{"line":33,"column":65}},{"start":{"line":33,"column":68},"end":{"line":33,"column":79}}]},"4":{"loc":{"start":{"line":48,"column":4},"end":{"line":48,"column":85}},"type":"if","locations":[{"start":{"line":48,"column":4},"end":{"line":48,"column":85}}]},"5":{"loc":{"start":{"line":65,"column":4},"end":{"line":65,"column":88}},"type":"if","locations":[{"start":{"line":65,"column":4},"end":{"line":65,"column":88}}]},"6":{"loc":{"start":{"line":73,"column":4},"end":{"line":73,"column":86}},"type":"if","locations":[{"start":{"line":73,"column":4},"end":{"line":73,"column":86}}]},"7":{"loc":{"start":{"line":76,"column":4},"end":{"line":76,"column":88}},"type":"if","locations":[{"start":{"line":76,"column":4},"end":{"line":76,"column":88}}]},"8":{"loc":{"start":{"line":84,"column":4},"end":{"line":84,"column":87}},"type":"if","locations":[{"start":{"line":84,"column":4},"end":{"line":84,"column":87}}]}},"s":{"0":0,"1":0,"2":0,"3":0,"4":0,"5":0,"6":0,"7":0,"8":0,"9":0,"10":0,"11":0,"12":0,"13":0,"14":0,"15":0,"16":0,"17":0,"18":0,"19":0,"20":0,"21":0,"22":0,"23":0,"24":0,"25":0,"26":0,"27":0,"28":0,"29":0,"30":0,"31":0,"32":0,"33":0,"34":0,"35":0,"36":0,"37":0,"38":0,"39":0,"40":0,"41":0,"42":0,"43":0,"44":0,"45":0,"46":0,"47":0,"48":0},"f":{"0":0,"1":0,"2":0,"3":0,"4":0,"5":0,"6":0,"7":0,"8":0,"9":0},"b":{"0":[0],"1":[0,0],"2":[0,0],"3":[0,0],"4":[0],"5":[0],"6":[0],"7":[0],"8":[0]}}
,"/home/runner/work/Project1/Project1/nodeapp/src/services/news.service.ts": {"path":"/home/runner/work/Project1/Project1/nodeapp/src/services/news.service.ts","statementMap":{"0":{"start":{"line":1,"column":0},"end":{"line":1,"column":40}},"1":{"start":{"line":2,"column":0},"end":{"line":2,"column":45}},"2":{"start":{"line":3,"column":0},"end":{"line":3,"column":81}},"3":{"start":{"line":6,"column":30},"end":{"line":14,"column":null}},"4":{"start":{"line":6,"column":52},"end":{"line":14,"column":null}},"5":{"start":{"line":8,"column":23},"end":{"line":8,"column":60}},"6":{"start":{"line":9,"column":33},"end":{"line":9,"column":90}},"7":{"start":{"line":11,"column":4},"end":{"line":11,"column":91}},"8":{"start":{"line":11,"column":16},"end":{"line":11,"column":91}},"9":{"start":{"line":13,"column":4},"end":{"line":13,"column":23}},"10":{"start":{"line":6,"column":13},"end":{"line":6,"column":30}},"11":{"start":{"line":16,"column":28},"end":{"line":51,"column":null}},"12":{"start":{"line":16,"column":52},"end":{"line":51,"column":null}},"13":{"start":{"line":18,"column":23},"end":{"line":18,"column":27}},"14":{"start":{"line":19,"column":16},"end":{"line":19,"column":20}},"15":{"start":{"line":22,"column":19},"end":{"line":22,"column":41}},"16":{"start":{"line":25,"column":17},"end":{"line":25,"column":34}},"17":{"start":{"line":29,"column":24},"end":{"line":29,"column":39}},"18":{"start":{"line":33,"column":24},"end":{"line":33,"column":78}},"19":{"start":{"line":36,"column":4},"end":{"line":45,"column":6}},"20":{"start":{"line":48,"column":4},"end":{"line":48,"column":85}},"21":{"start":{"line":48,"column":16},"end":{"line":48,"column":85}},"22":{"start":{"line":50,"column":4},"end":{"line":50,"column":24}},"23":{"start":{"line":16,"column":13},"end":{"line":16,"column":28}},"24":{"start":{"line":53,"column":31},"end":{"line":68,"column":null}},"25":{"start":{"line":53,"column":67},"end":{"line":68,"column":null}},"26":{"start":{"line":55,"column":19},"end":{"line":55,"column":41}},"27":{"start":{"line":57,"column":34},"end":{"line":62,"column":null}},"28":{"start":{"line":65,"column":4},"end":{"line":65,"column":87}},"29":{"start":{"line":65,"column":16},"end":{"line":65,"column":87}},"30":{"start":{"line":67,"column":4},"end":{"line":67,"column":20}},"31":{"start":{"line":53,"column":13},"end":{"line":53,"column":31}},"32":{"start":{"line":70,"column":29},"end":{"line":79,"column":null}},"33":{"start":{"line":70,"column":70},"end":{"line":79,"column":null}},"34":{"start":{"line":72,"column":28},"end":{"line":72,"column":93}},"35":{"start":{"line":73,"column":4},"end":{"line":73,"column":85}},"36":{"start":{"line":73,"column":16},"end":{"line":73,"column":85}},"37":{"start":{"line":75,"column":31},"end":{"line":75,"column":83}},"38":{"start":{"line":76,"column":4},"end":{"line":76,"column":88}},"39":{"start":{"line":76,"column":17},"end":{"line":76,"column":88}},"40":{"start":{"line":78,"column":4},"end":{"line":78,"column":20}},"41":{"start":{"line":70,"column":13},"end":{"line":70,"column":29}},"42":{"start":{"line":81,"column":30},"end":{"line":88,"column":null}},"43":{"start":{"line":81,"column":53},"end":{"line":88,"column":null}},"44":{"start":{"line":83,"column":28},"end":{"line":83,"column":79}},"45":{"start":{"line":85,"column":4},"end":{"line":85,"column":86}},"46":{"start":{"line":85,"column":16},"end":{"line":85,"column":86}},"47":{"start":{"line":87,"column":4},"end":{"line":87,"column":18}},"48":{"start":{"line":81,"column":13},"end":{"line":81,"column":30}}},"fnMap":{"0":{"name":"(anonymous_7)","decl":{"start":{"line":6,"column":30},"end":{"line":6,"column":37}},"loc":{"start":{"line":6,"column":52},"end":{"line":14,"column":null}}},"1":{"name":"(anonymous_8)","decl":{"start":{"line":6,"column":52},"end":{"line":6,"column":null}},"loc":{"start":{"line":6,"column":52},"end":{"line":14,"column":1}}},"2":{"name":"(anonymous_9)","decl":{"start":{"line":16,"column":28},"end":{"line":16,"column":35}},"loc":{"start":{"line":16,"column":52},"end":{"line":51,"column":null}}},"3":{"name":"(anonymous_10)","decl":{"start":{"line":16,"column":52},"end":{"line":16,"column":null}},"loc":{"start":{"line":16,"column":52},"end":{"line":51,"column":1}}},"4":{"name":"(anonymous_11)","decl":{"start":{"line":53,"column":31},"end":{"line":53,"column":38}},"loc":{"start":{"line":53,"column":67},"end":{"line":68,"column":null}}},"5":{"name":"(anonymous_12)","decl":{"start":{"line":53,"column":67},"end":{"line":53,"column":null}},"loc":{"start":{"line":53,"column":67},"end":{"line":68,"column":1}}},"6":{"name":"(anonymous_13)","decl":{"start":{"line":70,"column":29},"end":{"line":70,"column":36}},"loc":{"start":{"line":70,"column":70},"end":{"line":79,"column":null}}},"7":{"name":"(anonymous_14)","decl":{"start":{"line":70,"column":70},"end":{"line":70,"column":null}},"loc":{"start":{"line":70,"column":70},"end":{"line":79,"column":1}}},"8":{"name":"(anonymous_15)","decl":{"start":{"line":81,"column":30},"end":{"line":81,"column":38}},"loc":{"start":{"line":81,"column":53},"end":{"line":88,"column":null}}},"9":{"name":"(anonymous_16)","decl":{"start":{"line":81,"column":53},"end":{"line":81,"column":null}},"loc":{"start":{"line":81,"column":53},"end":{"line":88,"column":1}}}},"branchMap":{"0":{"loc":{"start":{"line":11,"column":4},"end":{"line":11,"column":91}},"type":"if","locations":[{"start":{"line":11,"column":4},"end":{"line":11,"column":91}}]},"1":{"loc":{"start":{"line":29,"column":24},"end":{"line":29,"column":39}},"type":"cond-expr","locations":[{"start":{"line":29,"column":33},"end":{"line":29,"column":37}},{"start":{"line":29,"column":37},"end":{"line":29,"column":39}}]},"2":{"loc":{"start":{"line":29,"column":24},"end":{"line":29,"column":37}},"type":"binary-expr","locations":[{"start":{"line":29,"column":24},"end":{"line":29,"column":37}},{"start":{"line":29,"column"
[...]
":{"start":{"line":16,"column":28},"end":{"line":16,"column":35}},"loc":{"start":{"line":16,"column":52},"end":{"line":47,"column":null}}},"3":{"name":"(anonymous_10)","decl":{"start":{"line":16,"column":52},"end":{"line":16,"column":null}},"loc":{"start":{"line":16,"column":52},"end":{"line":47,"column":1}}},"4":{"name":"(anonymous_11)","decl":{"start":{"line":49,"column":31},"end":{"line":49,"column":38}},"loc":{"start":{"line":49,"column":67},"end":{"line":64,"column":null}}},"5":{"name":"(anonymous_12)","decl":{"start":{"line":49,"column":67},"end":{"line":49,"column":null}},"loc":{"start":{"line":49,"column":67},"end":{"line":64,"column":1}}},"6":{"name":"(anonymous_13)","decl":{"start":{"line":65,"column":29},"end":{"line":65,"column":36}},"loc":{"start":{"line":65,"column":70},"end":{"line":74,"column":null}}},"7":{"name":"(anonymous_14)","decl":{"start":{"line":65,"column":70},"end":{"line":65,"column":null}},"loc":{"start":{"line":65,"column":70},"end":{"line":74,"column":1}}},"8":{"name":"(anonymous_15)","decl":{"start":{"line":76,"column":30},"end":{"line":76,"column":38}},"loc":{"start":{"line":76,"column":53},"end":{"line":83,"column":null}}},"9":{"name":"(anonymous_16)","decl":{"start":{"line":76,"column":53},"end":{"line":76,"column":null}},"loc":{"start":{"line":76,"column":53},"end":{"line":83,"column":1}}}},"branchMap":{"0":{"loc":{"start":{"line":11,"column":4},"end":{"line":11,"column":88}},"type":"if","locations":[{"start":{"line":11,"column":4},"end":{"line":11,"column":88}}]},"1":{"loc":{"start":{"line":25,"column":28},"end":{"line":25,"column":43}},"type":"cond-expr","locations":[{"start":{"line":25,"column":37},"end":{"line":25,"column":41}},{"start":{"line":25,"column":41},"end":{"line":25,"column":43}}]},"2":{"loc":{"start":{"line":25,"column":28},"end":{"line":25,"column":41}},"type":"binary-expr","locations":[{"start":{"line":25,"column":28},"end":{"line":25,"column":41}},{"start":{"line":25,"column":37},"end":{"line":25,"column":41}}]},"3":{"loc":{"start":{"line":29,"column":28},"end":{"line":29,"column":82}},"type":"cond-expr","locations":[{"start":{"line":29,"column":44},"end":{"line":29,"column":69}},{"start":{"line":29,"column":71},"end":{"line":29,"column":82}}]},"4":{"loc":{"start":{"line":44,"column":4},"end":{"line":44,"column":85}},"type":"if","locations":[{"start":{"line":44,"column":4},"end":{"line":44,"column":85}}]},"5":{"loc":{"start":{"line":61,"column":4},"end":{"line":61,"column":87}},"type":"if","locations":[{"start":{"line":61,"column":4},"end":{"line":61,"column":87}}]},"6":{"loc":{"start":{"line":68,"column":4},"end":{"line":68,"column":86}},"type":"if","locations":[{"start":{"line":68,"column":4},"end":{"line":68,"column":86}}]},"7":{"loc":{"start":{"line":71,"column":4},"end":{"line":71,"column":89}},"type":"if","locations":[{"start":{"line":71,"column":4},"end":{"line":71,"column":89}}]},"8":{"loc":{"start":{"line":80,"column":4},"end":{"line":80,"column":88}},"type":"if","locations":[{"start":{"line":80,"column":4},"end":{"line":80,"column":88}}]}},"s":{"0":0,"1":0,"2":0,"3":0,"4":0,"5":0,"6":0,"7":0,"8":0,"9":0,"10":0,"11":0,"12":0,"13":0,"14":0,"15":0,"16":0,"17":0,"18":0,"19":0,"20":0,"21":0,"22":0,"23":0,"24":0,"25":0,"26":0,"27":0,"28":0,"29":0,"30":0,"31":0,"32":0,"33":0,"34":0,"35":0,"36":0,"37":0,"38":0,"39":0,"40":0,"41":0,"42":0,"43":0,"44":0,"45":0,"46":0,"47":0,"48":0},"f":{"0":0,"1":0,"2":0,"3":0,"4":0,"5":0,"6":0,"7":0,"8":0,"9":0},"b":{"0":[0],"1":[0,0],"2":[0,0],"3":[0,0],"4":[0],"5":[0],"6":[0],"7":[0],"8":[0]}}
,"/home/runner/work/Project1/Project1/nodeapp/src/services/weather.service.ts": {"path":"/home/runner/work/Project1/Project1/nodeapp/src/services/weather.service.ts","statementMap":{"0":{"start":{"line":1,"column":0},"end":{"line":1,"column":40}},"1":{"start":{"line":2,"column":0},"end":{"line":2,"column":51}},"2":{"start":{"line":3,"column":0},"end":{"line":3,"column":80}},"3":{"start":{"line":6,"column":30},"end":{"line":14,"column":null}},"4":{"start":{"line":6,"column":51},"end":{"line":14,"column":null}},"5":{"start":{"line":8,"column":23},"end":{"line":8,"column":63}},"6":{"start":{"line":9,"column":33},"end":{"line":9,"column":97}},"7":{"start":{"line":11,"column":4},"end":{"line":11,"column":91}},"8":{"start":{"line":11,"column":17},"end":{"line":11,"column":91}},"9":{"start":{"line":13,"column":4},"end":{"line":13,"column":23}},"10":{"start":{"line":6,"column":13},"end":{"line":6,"column":30}},"11":{"start":{"line":16,"column":28},"end":{"line":50,"column":null}},"12":{"start":{"line":16,"column":53},"end":{"line":50,"column":null}},"13":{"start":{"line":18,"column":23},"end":{"line":18,"column":27}},"14":{"start":{"line":19,"column":16},"end":{"line":19,"column":20}},"15":{"start":{"line":22,"column":19},"end":{"line":22,"column":41}},"16":{"start":{"line":25,"column":17},"end":{"line":25,"column":34}},"17":{"start":{"line":29,"column":16},"end":{"line":29,"column":31}},"18":{"start":{"line":33,"column":24},"end":{"line":33,"column":79}},"19":{"start":{"line":36,"column":4},"end":{"line":45,"column":6}},"20":{"start":{"line":47,"column":4},"end":{"line":47,"column":87}},"21":{"start":{"line":47,"column":17},"end":{"line":47,"column":87}},"22":{"start":{"line":49,"column":4},"end":{"line":49,"column":24}},"23":{"start":{"line":16,"column":13},"end":{"line":16,"column":28}},"24":{"start":{"line":52,"column":31},"end":{"line":68,"column":null}},"25":{"start":{"line":52,"column":67},"end":{"line":68,"column":null}},"26":{"start":{"line":54,"column":19},"end":{"line":54,"column":23}},"27":{"start":{"line":55,"column":16},"end":{"line":55,"column":20}},"28":{"start":{"line":57,"column":4},"end":{"line":63,"column":6}},"29":{"start":{"line":65,"column":4},"end":{"line":65,"column":92}},"30":{"start":{"line":65,"column":17},"end":{"line":65,"column":92}},"31":{"start":{"line":67,"column":4},"end":{"line":67,"column":20}},"32":{"start":{"line":52,"column":13},"end":{"line":52,"column":31}},"33":{"start":{"line":70,"column":29},"end":{"line":79,"column":null}},"34":{"start":{"line":70,"column":71},"end":{"line":79,"column":null}},"35":{"start":{"line":72,"column":32},"end":{"line":72,"column":100}},"36":{"start":{"line":73,"column":4},"end":{"line":73,"column":90}},"37":{"start":{"line":73,"column":18},"end":{"line":73,"column":90}},"38":{"start":{"line":75,"column":30},"end":{"line":75,"column":89}},"39":{"start":{"line":76,"column":4},"end":{"line":76,"column":92}},"40":{"start":{"line":76,"column":17},"end":{"line":76,"column":92}},"41":{"start":{"line":78,"column":4},"end":{"line":78,"column":20}},"42":{"start":{"line":70,"column":13},"end":{"line":70,"column":29}},"43":{"start":{"line":81,"column":30},"end":{"line":87,"column":null}},"44":{"start":{"line":81,"column":52},"end":{"line":87,"column":null}},"45":{"start":{"line":83,"column":28},"end":{"line":83,"column":82}},"46":{"start":{"line":84,"column":4},"end":{"line":84,"column":89}},"47":{"start":{"line":84,"column":17},"end":{"line":84,"column":89}},"48":{"start":{"line":86,"column":4},"end":{"line":86,"column":18}},"49":{"start":{"line":81,"column":13},"end":{"line":81,"column":30}}},"fnMap":{"0":{"name":"(anonymous_7)","decl":{"start":{"line":6,"column":30},"end":{"line":6,"column":37}},"loc":{"start":{"line":6,"column":51},"end":{"line":14,"column":null}}},"1":{"name":"(anonymous_8)","decl":{"start":{"line":6,"column":51},"end":{"line":6,"column":null}},"loc":{"start":{"line":6,"column":51},"end":{"line":14,"column":1}}},"2":{"name":"(anonymous_9)","decl":{"start":{"line":16,"column":28},"end":{"line":16,"column":36}},"loc":{"start":{"line":16,"column":53},"end":{"line":50,"column":null}}},"3":{"name":"(anonymous_10)","decl":{"start":{"line":16,"column":53},"end":{"line":16,"column":null}},"loc":{"start":{"line":16,"column":53},"end":{"line":50,"column":1}}},"4":{"name":"(anonymous_11)","decl":{"start":{"line":52,"column":31},"end":{"line":52,"column":39}},"loc":{"start":{"line":52,"column":67},"end":{"line":68,"column":null}}},"5":{"name":"(anonymous_12)","decl":{"start":{"line":52,"column":67},"end":{"line":52,"column":null}},"loc":{"start":{"line":52,"column":67},"end":{"line":68,"column":1}}},"6":{"name":"(anonymous_13)","decl":{"start":{"line":70,"column":29},"end":{"line":70,"column":37}},"loc":{"start":{"line":70,"column":71},"end":{"line":79,"column":null}}},"7":{"name":"(anonymous_14)","decl":{"start":{"line":70,"column":71},"end":{"line":70,"column":null}},"loc":{"start":{"line":70,"column":71},"end":{"line":79,"column":1}}},"8":{"name":"(anonymous_15)","decl":{"start":{"line":81,"column":30},"end":{"line":81,"column":38}},"loc":{"start":{"line":81,"column":52},"end":{"line":87,"column":null}}},"9":{"name":"(anonymous_16)","decl":{"start":{"line":81,"column":52},"end":{"line":81,"column":null}},"loc":{"start":{"line":81,"column":52},"end":{"line":87,"column":1}}}},"branchMap":{"0":{"loc":{"start":{"line":11,"column":4},"end":{"line":11,"column":91}},"type":"if","locations":[{"start":{"line":11,"column":4},"end":{"line":11,"column":91}}]},"1":{"loc":{"start":{"line":29,"column":16},"end":{"line":29,"column":31}},"type":"cond-expr","locations":[{"start":{"line":29,"column":25},"end":{"line":29,"column":29}},{"start":{"line":29,"column":29},"end":{"line":29,"column":31}}]},"2":{"loc":{"start":{"line":29,"column":16},"end":{"line":29,"column":29}},"type":"binary-expr","locations":[{"start":{"line":29,"column":16},"end":{"line":29,"column":29}},{"start":{"line":29,"column":25},"end":{"line":29,"column":29}}]},"3":{"loc":{"start":{"line":33,"column":24},"end":{"line":33,"column":79}},"type":"cond-expr","locations":[{"start":{"line":33,"column":40},"end":{"line":33,"column":65}},{"start":{"line":33,"column":68},"end":{"line":33,"column":79}}]},"4":{"loc":{"start":{"line":47,"column":4},"end":{"line":47,"column":87}},"type":"if","locations":[{"start":{"line":47,"column":4},"end":{"line":47,"column":87}}]},"5":{"loc":{"start":{"line":65,"column":4},"end":{"line":65,"column":92}},"type":"if","locations":[{"start":{"line":65,"column":4},"end":{"line":65,"column":92}}]},"6":{"loc":{"start":{"line":73,"column":4},"end":{"line":73,"column":90}},"type":"if","locations":[{"start":{"line":73,"column":4},"end":{"line":73,"column":90}}]},"7":{"loc":{"start":{"line":76,"column":4},"end":{"line":76,"column":92}},"type":"if","locations":[{"start":{"line":76,"column":4},"end":{"line":76,"column":92}}]},"8":{"loc":{"start":{"line":84,"column":4},"end":{"line":84,"column":89}},"type":"if","locations":[{"start":{"line":84,"column":4},"end":{"line":84,"column":89}}]}},"s":{"0":0,"1":0,"2":0,"3":0,"4":0,"5":0,"6":0,"7":0,"8":0,"9":0,"10":0,"11":0,"12":0,"13":0,"14":0,"15":0,"16":0,"17":0,"18":0,"19":0,"20":0,"21":0,"22":0,"23":0,"24":0,"25":0,"26":0,"27":0,"28":0,"29":0,"30":0,"31":0,"32":0,"33":0,"34":0,"35":0,"36":0,"37":0,"38":0,"39":0,"40":0,"41":0,"42":0,"43":0,"44":0,"45":0,"46":0,"47":0,"48":0,"49":0},"f":{"0":0,"1":0,"2":0,"3":0,"4":0,"5":0,"6":0,"7":0,"8":0,"9":0},"b":{"0":[0],"1":[0,0],"2":[0,0],"3":[0,0],"4":[0],"5":[0],"6":[0],"7":[0],"8":[0]}}
,"/home/runner/work/Project1/Project1/nodeapp/src/shared/Logger.ts": {"path":"/home/runner/work/Project1/Project1/nodeapp/src/shared/Logger.ts","statementMap":{"0":{"start":{"line":1,"column":0},"end":{"line":1,"column":30}},"1":{"start":{"line":2,"column":0},"end":{"line":2,"column":29}},"2":{"start":{"line":5,"column":23},"end":{"line":18,"column":2}},"3":{"start":{"line":20,"column":25},"end":{"line":28,"column":2}},"4":{"start":{"line":30,"column":15},"end":{"line":30,"column":55}},"5":{"start":{"line":32,"column":0},"end":{"line":32,"column":43}},"6":{"start":{"line":34,"column":0},"end":{"line":43,"column":null}},"7":{"start":{"line":35,"column":4},"end":{"line":40,"column":8}},"8":{"start":{"line":42,"column":4},"end":{"line":42,"column":71}},"9":{"start":{"line":46,"column":0},"end":{"line":46,"column":22}}},"fnMap":{},"branchMap":{"0":{"loc":{"start":{"line":34,"column":0},"end":{"line":43,"column":null}},"type":"if","locations":[{"start":{"line":34,"column":0},"end":{"line":43,"column":null}},{"start":{"line":41,"column":7},"end":{"line":43,"column":null}}]}},"s":{"0":0,"1":0,"2":0,"3":0,"4":0,"5":0,"6":0,"7":0,"8":0,"9":0},"f":{},"b":{"0":[0,0]}}
,"/home/runner/work/Project1/Project1/nodeapp/src/shared/common.ts": {"path":"/home/runner/work/Project1/Project1/nodeapp/src/shared/common.ts","statementMap":{"0":{"start":{"line":2,"column":27},"end":{"line":7,"column":1}},"1":{"start":{"line":4,"column":4},"end":{"line":6,"column":48}},"2":{"start":{"line":5,"column":30},"end":{"line":5,"column":42}},"3":{"start":{"line":6,"column":32},"end":{"line":6,"column":45}},"4":{"start":{"line":2,"column":13},"end":{"line":2,"column":27}},"5":{"start":{"line":11,"column":27},"end":{"line":15,"column":2}},"6":{"start":{"line":13,"column":22},"end":{"line":13,"column":36}},"7":{"start":{"line":14,"column":4},"end":{"line":14,"column":81}},"8":{"start":{"line":14,"column":62},"end":{"line":14,"column":78}},"9":{"start":{"line":11,"column":13},"end":{"line":11,"column":27}},"10":{"start":{"line":21,"column":22},"end":{"line":26,"column":1}},"11":{"start":{"line":23,"column":22},"end":{"line":23,"column":41}},"12":{"start":{"line":24,"column":21},"end":{"line":24,"column":34}},"13":{"start":{"line":25,"column":4},"end":{"line":25,"column":29}},"14":{"start":{"line":21,"column":13},"end":{"line":21,"column":22}},"15":{"start":{"line":36,"column":8},"end":{"line":36,"column":25}},"16":{"start":{"line":37,"column":8},"end":{"line":37,"column":29}},"17":{"start":{"line":38,"column":8},"end":{"line":38,"column":29}},"18":{"start":{"line":39,"column":8},"end":{"line":39,"column":43}},"19":{"start":{"line":28,"column":0},"end":{"line":28,"column":13}},"20":{"start":{"line":46,"column":8},"end":{"line":46,"column":55}},"21":{"start":{"line":43,"column":0},"end":{"line":43,"column":13}},"22":{"start":{"line":53,"column":8},"end":{"line":53,"column":60}},"23":{"start":{"line":50,"column":0},"end":{"line":50,"column":13}},"24":{"start":{"line":60,"column":8},"end":{"line":60,"column":101}},"25":{"start":{"line":57,"column":0},"end":{"line":57,"column":13}},"26":{"start":{"line":67,"column":8},"end":{"line":67,"column":88}},"27":{"start":{"line":64,"column":0},"end":{"line":64,"column":13}},"28":{"start":{"line":74,"column":8},"end":{"line":74,"column":64}},"29":{"start":{"line":71,"column":0},"end":{"line":71,"column":13}},"30":{"start":{"line":81,"column":8},"end":{"line":81,"column":57}},"31":{"start":{"line":78,"column":0},"end":{"line":78,"column":13}}},"fnMap":{"0":{"name":"(anonymous_0)","decl":{"start":{"line":2,"column":27},"end":{"line":2,"column":29}},"loc":{"start":{"line":2,"column":55},"end":{"line":7,"column":1}}},"1":{"name":"(anonymous_1)","decl":{"start":{"line":5,"column":15},"end":{"line":5,"column":16}},"loc":{"start":{"line":5,"column":30},"end":{"line":5,"column":42}}},"2":{"name":"(anonymous_2)","decl":{"start":{"line":6,"column":16},"end":{"line":6,"column":17}},"loc":{"start":{"line":6,"column":32},"end":{"line":6,"column":45}}},"3":{"name":"(anonymous_3)","decl":{"start":{"line":11,"column":27},"end":{"line":11,"column":29}},"loc":{"start":{"line":11,"column":46},"end":{"line":15,"column":2}}},"4":{"name":"(anonymous_4)","decl":{"start":{"line":14,"column":44},"end":{"line":14,"column":45}},"loc":{"start":{"line":14,"column":62},"end":{"line":14,"column":78}}},"5":{"name":"(anonymous_5)","decl":{"start":{"line":21,"column":22},"end":{"line":21,"column":24}},"loc":{"start":{"line":21,"column":41},"end":{"line":26,"column":1}}},"6":{"name":"(anonymous_6)","decl":{"start":{"line":35,"column":4},"end":{"line":35,"column":17}},"loc":{"start":{"line":35,"column":87},"end":{"line":40,"column":5}}},"7":{"name":"(anonymous_7)","decl":{"start":{"line":45,"column":4},"end":{"line":45,"column":17}},"loc":{"start":{"line":45,"column":48},"end":{"line":47,"column":5}}},"8":{"name":"(anonymous_8)","decl":{"start":{"line":52,"column":4},"end":{"line":52,"column":17}},"loc":{"start":{"line":52,"column":48},"end":{"line":54,"column":5}}},"9":{"name":"(anonymous_9)","decl":{"start":{"line":59,"column":4},"end":{"line":59,"column":17}},"loc":{"start":{"line":59,"column":43},"end":{"line":61,"column":5}}},"10":{"name":"(anonymous_10)","decl":{"start":{"line":66,"column":4},"end":{"line":66,"column":17}},"loc":{"start":{"line":66,"column":43},"end":{"line":68,"column":5}}},"11":{"name":"(anonymous_11)","decl":{"start":{"line":73,"column":4},"end":{"line":73,"column":17}},"loc":{"start":{"line":73,"column":48},"end":{"line":75,"column":5}}},"12":{"name":"(anonymous_12)","decl":{"start":{"line":80,"column":4},"end":{"line":80,"column":18}},"loc":{"start":{"line":80,"column":49},"end":{"line":82,"column":5}}}},"branchMap":{"0":{"loc":{"start":{"line":14,"column":20},"end":{"line":14,"column":80}},"type":"cond-expr","locations":[{"start":{"line":14,"column":26},"end":{"line":14,"column":28}},{"start":{"line":14,"column":20},"end":{"line":14,"column":80}}]},"1":{"loc":{"start":{"line":14,"column":20},"end":{"line":14,"column":28}},"type":"binary-expr","locations":[{"start":{"line":14,"column":20},"end":{"line":14,"column":28}},{"start":{"line":14,"column":20},"end":{"line":14,"column":28}}]},"2":{"loc":{"start":{"line":23,"column":22},"end":{"line":23,"column":41}},"type":"cond-expr","locations":[{"start":{"line":23,"column":36},"end":{"line":23,"column":40}},{"start":{"line":23,"column":40},"end":{"line":23,"column":41}}]},"3":{"loc":{"start":{"line":23,"column":22},"end":{"line":23,"column":40}},"type":"binary-expr","locations":[{"start":{"line":23,"column":22},"end":{"line":23,"column":40}},{"start":{"line":23,"column":36},"end":{"line":23,"column":40}}]},"4":{"loc":{"start":{"line":67,"column":20},"end":{"line":67,"column":52}},"type":"cond-expr","locations":[{"start":{"line":67,"column":20},"end":{"line":67,"column":25}},{"start":{"line":67,"column":29},"end":{"line":67,"column":52}}]},"5":{"loc":{"start":{"line":67,"column":20},"end":{"line":67,"column":29}},"type":"binary-expr","locations":[{"start":{"line":67,"column":20},"end":{"line":67,"column":29}},{"start":{"line":67,"column":20},"end":{"line":67,"column":29}}]}},"s":{"0":0,"1":0,"2":0,"3":0,"4":0,"5":0,"6":0,"7":0,"8":0,"9":0,"10":0,"11":0,"12":0,"13":0,"14":0,"15":0,"16":0,"17":0,"18":0,"19":0,"20":0,"21":0,"22":0,"23":0,"24":0,"25":0,"26":0,"27":0,"28":0,"29":0,"30":0,"31":0},"f":{"0":0,"1":0,"2":0,"3":0,"4":0,"5":0,"6":0,"7":0,"8":0,"9":0,"10":0,"11":0,"12":0},"b":{"0":[0,0],"1":[0,0],"2":[0,0],"3":[0,0],"4":[0,0],"5":[0,0]}}
,"/home/runner/work/Project1/Project1/nodeapp/src/shared/config.ts": {"path":"/home/runner/work/Project1/Project1/nodeapp/src/shared/config.ts","statementMap":{"0":{"start":{"line":1,"column":0},"end":{"line":1,"column":28}},"1":{"start":{"line":2,"column":0},"end":{"line":2,"column":26}},"2":{"start":{"line":3,"column":0},"end":{"line":3,"column":24}},"3":{"start":{"line":8,"column":0},"end":{"line":8,"column":17}},"4":{"start":{"line":11,"column":0},"end":{"line":11,"column":19}},"5":{"start":{"line":13,"column":0},"end":{"line":22,"column":null}},"6":{"start":{"line":15,"column":8},"end":{"line":15,"column":84}},"7":{"start":{"line":16,"column":8},"end":{"line":16,"column":14}},"8":{"start":{"line":18,"column":8},"end":{"line":18,"column":81}},"9":{"start":{"line":19,"column":8},"end":{"line":19,"column":14}},"10":{"start":{"line":21,"column":8},"end":{"line":21,"column":81}},"11":{"start":{"line":24,"column":0},"end":{"line":24,"column":21}}},"fnMap":{},"branchMap":{"0":{"loc":{"start":{"line":13,"column":0},"end":{"line":22,"column":null}},"type":"switch","locations":[{"start":{"line":14,"column":4},"end":{"line":16,"column":14}},{"start":{"line":17,"column":4},"end":{"line":19,"column":14}},{"start":{"line":20,"column":4},"end":{"line":21,"column":81}}]}},"s":{"0":0,"1":0,"2":0,"3":0,"4":0,"5":0,"6":0,"7":0,"8":0,"9":0,"10":0,"11":0},"f":{},"b":{"0":[0,0,0]}}
}
