{"/home/runner/work/Project1/Project1/nodeapp/src/server.ts": {"path":"/home/runner/work/Project1/Project1/nodeapp/src/server.ts","statementMap":{"0":{"start":{"line":1,"column":0},"end":{"line":1,"column":51}},"1":{"start":{"line":2,"column":0},"end":{"line":2,"column":54}},"2":{"start":{"line":3,"column":0},"end":{"line":3,"column":50}},"3":{"start":{"line":4,"column":0},"end":{"line":4,"column":56}},"4":{"start":{"line":5,"column":0},"end":{"line":5,"column":48}},"5":{"start":{"line":6,"column":0},"end":{"line":6,"column":50}},"6":{"start":{"line":7,"column":0},"end":{"line":7,"column":56}},"7":{"start":{"line":12,"column":11},"end":{"line":12,"column":31}},"8":{"start":{"line":15,"column":8},"end":{"line":15,"column":34}},"9":{"start":{"line":16,"column":8},"end":{"line":16,"column":29}},"10":{"start":{"line":17,"column":8},"end":{"line":17,"column":25}},"11":{"start":{"line":21,"column":8},"end":{"line":21,"column":43}},"12":{"start":{"line":26,"column":8},"end":{"line":26,"column":null}},"13":{"start":{"line":27,"column":8},"end":{"line":27,"column":62}},"14":{"start":{"line":28,"column":8},"end":{"line":28,"column":60}},"15":{"start":{"line":29,"column":8},"end":{"line":29,"column":54}},"16":{"start":{"line":30,"column":8},"end":{"line":30,"column":56}},"17":{"start":{"line":31,"column":8},"end":{"line":31,"column":62}},"18":{"start":{"line":35,"column":8},"end":{"line":37,"column":null}},"19":{"start":{"line":36,"column":12},"end":{"line":36,"column":null}},"20":{"start":{"line":10,"column":0},"end":{"line":10,"column":13}}},"fnMap":{"0":{"name":"(anonymous_1)","decl":{"start":{"line":14,"column":4},"end":{"line":14,"column":null}},"loc":{"start":{"line":14,"column":4},"end":{"line":18,"column":5}}},"1":{"name":"(anonymous_2)","decl":{"start":{"line":20,"column":12},"end":{"line":20,"column":25}},"loc":{"start":{"line":20,"column":25},"end":{"line":22,"column":5}}},"2":{"name":"(anonymous_3)","decl":{"start":{"line":24,"column":12},"end":{"line":24,"column":21}},"loc":{"start":{"line":24,"column":21},"end":{"line":32,"column":5}}},"3":{"name":"(anonymous_4)","decl":{"start":{"line":34,"column":11},"end":{"line":34,"column":17}},"loc":{"start":{"line":34,"column":31},"end":{"line":38,"column":5}}},"4":{"name":"(anonymous_5)","decl":{"start":{"line":35,"column":34},"end":{"line":35,"column":37}},"loc":{"start":{"line":35,"column":39},"end":{"line":37,"column":9}}}},"branchMap":{},"s":{"0":6,"1":6,"2":6,"3":6,"4":6,"5":6,"6":6,"7":6,"8":6,"9":6,"10":6,"11":6,"12":6,"13":6,"14":6,"15":6,"16":6,"17":6,"18":0,"19":0,"20":6},"f":{"0":6,"1":6,"2":6,"3":0,"4":0},"b":{}}
,"/home/runner/work/Project1/Project1/nodeapp/src/routes/v1/blogs.route.ts": {"path":"/home/runner/work/Project1/Project1/nodeapp/src/routes/v1/blogs.route.ts","statementMap":{"0":{"start":{"line":1,"column":0},"end":{"line":1,"column":52}},"1":{"start":{"line":8,"column":13},"end":{"line":8,"column":30}},"2":{"start":{"line":11,"column":0},"end":{"line":25,"column":3}},"3":{"start":{"line":11,"column":63},"end":{"line":25,"column":2}},"4":{"start":{"line":15,"column":32},"end":{"line":15,"column":44}},"5":{"start":{"line":18,"column":8},"end":{"line":21,"column":null}},"6":{"start":{"line":19,"column":12},"end":{"line":19,"column":31}},"7":{"start":{"line":20,"column":12},"end":{"line":20,"column":19}},"8":{"start":{"line":24,"column":8},"end":{"line":24,"column":66}},"9":{"start":{"line":27,"column":0},"end":{"line":30,"column":3}},"10":{"start":{"line":27,"column":62},"end":{"line":30,"column":2}},"11":{"start":{"line":29,"column":4},"end":{"line":29,"column":66}},"12":{"start":{"line":32,"column":0},"end":{"line":36,"column":3}},"13":{"start":{"line":34,"column":15},"end":{"line":34,"column":32}},"14":{"start":{"line":35,"column":4},"end":{"line":35,"column":67}},"15":{"start":{"line":38,"column":0},"end":{"line":52,"column":3}},"16":{"start":{"line":38,"column":67},"end":{"line":52,"column":2}},"17":{"start":{"line":40,"column":15},"end":{"line":40,"column":32}},"18":{"start":{"line":41,"column":28},"end":{"line":41,"column":40}},"19":{"start":{"line":43,"column":4},"end":{"line":51,"column":null}},"20":{"start":{"line":44,"column":8},"end":{"line":44,"column":null}},"21":{"start":{"line":46,"column":9},"end":{"line":51,"column":null}},"22":{"start":{"line":47,"column":8},"end":{"line":47,"column":null}},"23":{"start":{"line":49,"column":9},"end":{"line":51,"column":null}},"24":{"start":{"line":50,"column":8},"end":{"line":50,"column":null}},"25":{"start":{"line":54,"column":0},"end":{"line":58,"column":3}},"26":{"start":{"line":54,"column":68},"end":{"line":58,"column":2}},"27":{"start":{"line":56,"column":15},"end":{"line":56,"column":32}},"28":{"start":{"line":57,"column":4},"end":{"line":57,"column":64}},"29":{"start":{"line":133,"column":0},"end":{"line":133,"column":22}}},"fnMap":{"0":{"name":"(anonymous_8)","decl":{"start":{"line":11,"column":17},"end":{"line":11,"column":23}},"loc":{"start":{"line":11,"column":63},"end":{"line":25,"column":2}}},"1":{"name":"(anonymous_9)","decl":{"start":{"line":11,"column":63},"end":{"line":11,"column":null}},"loc":{"start":{"line":11,"column":63},"end":{"line":25,"column":1}}},"2":{"name":"(anonymous_10)","decl":{"start":{"line":27,"column":16},"end":{"line":27,"column":22}},"loc":{"start":{"line":27,"column":62},"end":{"line":30,"column":2}}},"3":{"name":"(anonymous_11)","decl":{"start":{"line":27,"column":62},"end":{"line":27,"column":null}},"loc":{"start":{"line":27,"column":62},"end":{"line":30,"column":1}}},"4":{"name":"(anonymous_12)","decl":{"start":{"line":32,"column":19},"end":{"line":32,"column":20}},"loc":{"start":{"line":32,"column":60},"end":{"line":36,"column":1}}},"5":{"name":"(anonymous_13)","decl":{"start":{"line":38,"column":21},"end":{"line":38,"column":27}},"loc":{"start":{"line":38,"column":67},"end":{"line":52,"column":2}}},"6":{"name":"(anonymous_14)","decl":{"start":{"line":38,"column":67},"end":{"line":38,"column":null}},"loc":{"start":{"line":38,"column":67},"end":{"line":52,"column":1}}},"7":{"name":"(anonymous_15)","decl":{"start":{"line":54,"column":22},"end":{"line":54,"column":28}},"loc":{"start":{"line":54,"column":68},"end":{"line":58,"column":2}}},"8":{"name":"(anonymous_16)","decl":{"start":{"line":54,"column":68},"end":{"line":54,"column":null}},"loc":{"start":{"line":54,"column":68},"end":{"line":58,"column":1}}}},"branchMap":{"0":{"loc":{"start":{"line":18,"column":8},"end":{"line":21,"column":null}},"type":"if","locations":[{"start":{"line":18,"column":8},"end":{"line":21,"column":null}}]},"1":{"loc":{"start":{"line":18,"column":12},"end":{"line":18,"column":29}},"type":"binary-expr","locations":[{"start":{"line":18,"column":12},"end":{"line":18,"column":17}},{"start":{"line":18,"column":21},"end":{"line":18,"column":29}}]},"2":{"loc":{"start":{"line":43,"column":4},"end":{"line":51,"column":null}},"type":"if","locations":[{"start":{"line":43,"column":4},"end":{"line":51,"column":null}},{"start":{"line":46,"column":9},"end":{"line":51,"column":null}}]},"3":{"loc":{"start":{"line":43,"column":8},"end":{"line":43,"column":23}},"type":"binary-expr","locations":[{"start":{"line":43,"column":8},"end":{"line":43,"column":12}},{"start":{"line":43,"column":16},"end":{"line":43,"column":23}}]},"4":{"loc":{"start":{"line":46,"column":9},"end":{"line":51,"column":null}},"type":"if","locations":[{"start":{"line":46,"column":9},"end":{"line":51,"column":null}},{"start":{"line":49,"column":9},"end":{"line":51,"column":null}}]},"5":{"loc":{"start":{"line":49,"column":9},"end":{"line":51,"column":null}},"type":"if","locations":[{"start":{"line":49,"column":9},"end":{"line":51,"column":null}}]}},"s":{"0":6,"1":6,"2":6,"3":4,"4":4,"5":4,"6":1,"7":1,"8":3,"9":6,"10":1,"11":1,"12":6,"13":1,"14":1,"15":6,"16":3,"17":3,"18":3,"19":3,"20":1,"21":2,"22":1,"23":1,"24":1,"25":6,"26":1,"27":1,"28":1,"29":6},"f":{"0":4,"1":4,"2":1,"3":1,"4":1,"5":3,"6":3,"7":1,"8":1},"b":{"0":[1],"1":[4,3],"2":[1,2],"3":[3,2],"4":[1,1],"5":[1]}}
,"/home/runner/work/Project1/Project1/nodeapp/src/routes/v1/books.route.ts": {"path":"/home/runner/work/Project1/Project1/nodeapp/src/routes/v1/books.route.ts","statementMap":{"0":{"start":{"line":1,"column":0},"end":{"line":1,"column":53}},"1":{"start":{"line":8,"column":13},"end":{"line":8,"column":29}},"2":{"start":{"line":12,"column":0},"end":{"line":26,"column":3}},"3":{"start":{"line":12,"column":64},"end":{"line":26,"column":2}},"4":{"start":{"line":16,"column":28},"end":{"line":16,"column":40}},"5":{"start":{"line":19,"column":4},"end":{"line":22,"column":null}},"6":{"start":{"line":20,"column":8},"end":{"line":20,"column":27}},"7":{"start":{"line":21,"column":8},"end":{"line":21,"column":15}},"8":{"start":{"line":25,"column":4},"end":{"line":25,"column":62}},"9":{"start":{"line":28,"column":0},"end":{"line":31,"column":3}},"10":{"start":{"line":28,"column":63},"end":{"line":31,"column":2}},"11":{"start":{"line":30,"column":4},"end":{"line":30,"column":66}},"12":{"start":{"line":33,"column":0},"end":{"line":37,"column":3}},"13":{"start":{"line":35,"column":15},"end":{"line":35,"column":32}},"14":{"start":{"line":36,"column":4},"end":{"line":36,"column":66}},"15":{"start":{"line":39,"column":0},"end":{"line":53,"column":3}},"16":{"start":{"line":39,"column":68},"end":{"line":53,"column":2}},"17":{"start":{"line":41,"column":15},"end":{"line":41,"column":32}},"18":{"start":{"line":42,"column":28},"end":{"line":42,"column":40}},"19":{"start":{"line":44,"column":4},"end":{"line":52,"column":null}},"20":{"start":{"line":45,"column":8},"end":{"line":45,"column":null}},"21":{"start":{"line":47,"column":9},"end":{"line":52,"column":null}},"22":{"start":{"line":48,"column":8},"end":{"line":48,"column":null}},"23":{"start":{"line":50,"column":9},"end":{"line":52,"column":null}},"24":{"start":{"line":51,"column":8},"end":{"line":51,"column":null}},"25":{"start":{"line":55,"column":0},"end":{"line":59,"column":3}},"26":{"start":{"line":55,"column":69},"end":{"line":59,"column":2}},"27":{"start":{"line":57,"column":15},"end":{"line":57,"column":32}},"28":{"start":{"line":58,"column":4},"end":{"line":58,"column":65}},"29":{"start":{"line":138,"column":0},"end":{"line":138,"column":22}}},"fnMap":{"0":{"name":"(anonymous_8)","decl":{"start":{"line":12,"column":17},"end":{"line":12,"column":24}},"loc":{"start":{"line":12,"column":64},"end":{"line":26,"column":2}}},"1":{"name":"(anonymous_9)","decl":{"start":{"line":12,"column":64},"end":{"line":12,"column":null}},"loc":{"start":{"line":12,"column":64},"end":{"line":26,"column":1}}},"2":{"name":"(anonymous_10)","decl":{"start":{"line":28,"column":16},"end":{"line":28,"column":23}},"loc":{"start":{"line":28,"column":63},"end":{"line":31,"column":2}}},"3":{"name":"(anonymous_11)","decl":{"start":{"line":28,"column":63},"end":{"line":28,"column":null}},"loc":{"start":{"line":28,"column":63},"end":{"line":31,"column":1}}},"4":{"name":"(anonymous_12)","decl":{"start":{"line":33,"column":19},"end":{"line":33,"column":20}},"loc":{"start":{"line":33,"column":60},"end":{"line":37,"column":1}}},"5":{"name":"(anonymous_13)","decl":{"start":{"line":39,"column":21},"end":{"line":39,"column":28}},"loc":{"start":{"line":39,"column":68},"end":{"line":53,"column":2}}},"6":{"name":"(anonymous_14)","decl":{"start":{"line":39,"column":68},"end":{"line":39,"column":null}},"loc":{"start":{"line":39,"column":68},"end":{"line":53,"column":1}}},"7":{"name":"(anonymous_15)","decl":{"start":{"line":55,"column":22},"end":{"line":55,"column":29}},"loc":{"start":{"line":55,"column":69},"end":{"line":59,"column":2}}},"8":{"name":"(anonymous_16)","decl":{"start":{"line":55,"column":69},"end":{"line":55,"column":null}},"loc":{"start":{"line":55,"column":69},"end":{"line":59,"column":1}}}},"branchMap":{"0":{"loc":{"start":{"line":19,"column":4},"end":{"line":22,"column":null}},"type":"if","locations":[{"start":{"line":19,"column":4},"end":{"line":22,"column":null}}]},"1":{"loc":{"start":{"line":19,"column":8},"end":{"line":19,"column":23}},"type":"binary-expr","locations":[{"start":{"line":19,"column":8},"end":{"line":19,"column":13}},{"start":{"line":19,"column":17},"end":{"line":19,"column":23}}]},"2":{"loc":{"start":{"line":44,"column":4},"end":{"line":52,"column":null}},"type":"if","locations":[{"start":{"line":44,"column":4},"end":{"line":52,"column":null}},{"start":{"line":47,"column":9},"end":{"line":52,"column":null}}]},"3":{"loc":{"start":{"line":44,"column":8},"end":{"line":44,"column":21}},"type":"binary-expr","locations":[{"start":{"line":44,"column":8},"end":{"line":44,"column":12}},{"start":{"line":44,"column":16},"end":{"line":44,"column":21}}]},"4":{"loc":{"start":{"line":47,"column":9},"end":{"line":52,"column":null}},"type":"if","locations":[{"start":{"line":47,"column":9},"end":{"line":52,"column":null}},{"start":{"line":50,"column":9},"end":{"line":52,"column":null}}]},"5":{"loc":{"start":{"line":50,"column":9},"end":{"line":52,"column":null}},"type":"if","locations":[{"start":{"line":50,"column":9},"end":{"line":52,"column":null}}]}},"s":{"0":6,"1":6,"2":6,"3":4,"4":4,"5":4,"6":1,"7":1,"8":3,"9":6,"10":1,"11":1,"12":6,"13":1,"14":1,"15":6,"16":3,"17":3,"18":3,"19":3,"20":1,"21":2,"22":1,"23":1,"24":1,"25":6,"26":1,"27":1,"28":1,"29":6},"f":{"0":4,"1":4,"2":1,"3":1,"4":1,"5":3,"6":3,"7":1,"8":1},"b":{"0":[1],"1":[4,3],"2":[1,2],"3":[3,2],"4":[1,1],"5":[1]}}
,"/home/runner/work/Project1/Project1/nodeapp/src/routes/v1/news.route.ts": {"path":"/home/runner/work/Project1/Project1/nodeapp/src/routes/v1/news.route.ts","statementMap":{"0":{"start":{"line":1,"column":0},"end":{"line":1,"column":30}},"1":{"start":{"line":8,"column":13},"end":{"line":8,"column":30}},"2":{"start":{"line":11,"column":0},"end":{"line":24,"column":3}},"3":{"start":{"line":11,"column":46},"end":{"line":24,"column":2}},"4":{"start":{"line":14,"column":31},"end":{"line":14,"column":43}},"5":{"start":{"line":17,"column":4},"end":{"line":20,"column":null}},"6":{"start":{"line":18,"column":8},"end":{"line":18,"column":27}},"7":{"start":{"line":19,"column":8},"end":{"line":19,"column":15}},"8":{"start":{"line":23,"column":4},"end":{"line":23,"column":63}},"9":{"start":{"line":26,"column":0},"end":{"line":29,"column":3}},"10":{"start":{"line":26,"column":45},"end":{"line":29,"column":2}},"11":{"start":{"line":28,"column":3},"end":{"line":28,"column":67}},"12":{"start":{"line":31,"column":0},"end":{"line":36,"column":3}},"13":{"start":{"line":31,"column":48},"end":{"line":36,"column":2}},"14":{"start":{"line":33,"column":14},"end":{"line":33,"column":31}},"15":{"start":{"line":35,"column":3},"end":{"line":35,"column":66}},"16":{"start":{"line":38,"column":0},"end":{"line":52,"column":3}},"17":{"start":{"line":38,"column":50},"end":{"line":52,"column":2}},"18":{"start":{"line":40,"column":14},"end":{"line":40,"column":31}},"19":{"start":{"line":41,"column":30},"end":{"line":41,"column":42}},"20":{"start":{"line":43,"column":3},"end":{"line":51,"column":null}},"21":{"start":{"line":44,"column":7},"end":{"line":44,"column":null}},"22":{"start":{"line":46,"column":8},"end":{"line":51,"column":null}},"23":{"start":{"line":47,"column":7},"end":{"line":47,"column":null}},"24":{"start":{"line":49,"column":8},"end":{"line":51,"column":null}},"25":{"start":{"line":50,"column":7},"end":{"line":50,"column":null}},"26":{"start":{"line":54,"column":0},"end":{"line":59,"column":3}},"27":{"start":{"line":54,"column":51},"end":{"line":59,"column":2}},"28":{"start":{"line":56,"column":14},"end":{"line":56,"column":31}},"29":{"start":{"line":58,"column":3},"end":{"line":58,"column":63}},"30":{"start":{"line":62,"column":0},"end":{"line":62,"column":22}}},"fnMap":{"0":{"name":"(anonymous_8)","decl":{"start":{"line":11,"column":17},"end":{"line":11,"column":24}},"loc":{"start":{"line":11,"column":46},"end":{"line":24,"column":2}}},"1":{"name":"(anonymous_9)","decl":{"start":{"line":11,"column":46},"end":{"line":11,"column":null}},"loc":{"start":{"line":11,"column":46},"end":{"line":24,"column":1}}},"2":{"name":"(anonymous_10)","decl":{"start":{"line":26,"column":16},"end":{"line":26,"column":23}},"loc":{"start":{"line":26,"column":45},"end":{"line":29,"column":2}}},"3":{"name":"(anonymous_11)","decl":{"start":{"line":26,"column":45},"end":{"line":26,"column":null}},"loc":{"start":{"line":26,"column":45},"end":{"line":29,"column":1}}},"4":{"name":"(anonymous_12)","decl":{"start":{"line":31,"column":19},"end":{"line":31,"column":26}},"loc":{"start":{"line":31,"column":48},"end":{"line":36,"column":2}}},"5":{"name":"(anonymous_13)","decl":{"start":{"line":31,"column":48},"end":{"line":31,"column":null}},"loc":{"start":{"line":31,"column":48},"end":{"line":36,"column":1}}},"6":{"name":"(anonymous_14)","decl":{"start":{"line":38,"column":21},"end":{"line":38,"column":28}},"loc":{"start":{"line":38,"column":50},"end":{"line":52,"column":2}}},"7":{"name":"(anonymous_15)","decl":{"start":{"line":38,"column":50},"end":{"line":38,"column":null}},"loc":{"start":{"line":38,"column":50},"end":{"line":52,"column":1}}},"8":{"name":"(anonymous_16)","decl":{"start":{"line":54,"column":22},"end":{"line":54,"column":29}},"loc":{"start":{"line":54,"column":51},"end":{"line":59,"column":2}}},"9":{"name":"(anonymous_17)","decl":{"start":{"line":54,"column":51},"end":{"line":54,"column":null}},"loc":{"start":{"line":54,"column":51},"end":{"line":59,"column":1}}}},"branchMap":{"0":{"loc":{"start":{"line":17,"column":4},"end":{"line":20,"column":null}},"type":"if","locations":[{"start":{"line":17,"column":4},"end":{"line":20,"column":null}}]},"1":{"loc":{"start":{"line":17,"column":8},"end":{"line":17,"column":26}},"type":"binary-expr","locations":[{"start":{"line":17,"column":8},"end":{"line":17,"column":14}},{"start":{"line":17,"column":18},"end":{"line":17,"column":26}}]},"2":{"loc":{"start":{"line":43,"column":3},"end":{"line":51,"column":null}},"type":"if","locations":[{"start":{"line":43,"column":3},"end":{"line":51,"column":null}},{"start":{"line":46,"column":8},"end":{"line":51,"column":null}}]},"3":{"loc":{"start":{"line":43,"column":7},"end":{"line":43,"column":23}},"type":"binary-expr","locations":[{"start":{"line":43,"column":7},"end":{"line":43,"column":12}},{"start":{"line":43,"column":16},"end":{"line":43,"column":23}}]},"4":{"loc":{"start":{"line":46,"column":8},"end":{"line":51,"column":null}},"type":"if","locations":[{"start":{"line":46,"column":8},"end":{"line":51,"column":null}},{"start":{"line":49,"column":8},"end":{"line":51,"column":null}}]},"5":{"loc":{"start":{"line":49,"column":8},"end":{"line":51,"column":null}},"type":"if","locations":[{"start":{"line":49,"column":8},"end":{"line":51,"column":null}}]}},"s":{"0":6,"1":6,"2":6,"3":3,"4":3,"5":3,"6":1,"7":1,"8":2,"9":6,"10":1,"11":1,"12":6,"13":1,"14":1,"15":1,"16":6,"17":3,"18":3,"19":3,"20":3,"21":1,"22":2,"23":1,"24":1,"25":1,"26":6,"27":1,"28":1,"29":1,"30":6},"f":{"0":3,"1":3,"2":1,"3":1,"4":1,"5":1,"6":3,"7":3,"8":1,"9":1},"b":{"0":[1],"1":[3,2],"2":[1,2],"3":[3,2],"4":[1,1],"5":[1]}}
,"/home/runner/work/Project1/Project1/nodeapp/src/routes/v1/products.route.ts": {"path":"/home/runner/work/Project1/Project1/nodeapp/src/routes/v1/products.route.ts","statementMap":{"0":{"start":{"line":1,"column":0},"end":{"line":1,"column":52}},"1":{"start":{"line":9,"column":13},"end":{"line":9,"column":30}},"2":{"start":{"line":12,"column":0},"end":{"line":26,"column":3}},"3":{"start":{"line":12,"column":63},"end":{"line":26,"column":2}},"4":{"start":{"line":16,"column":30},"end":{"line":16,"column":42}},"5":{"start":{"line":19,"column":8},"end":{"line":22,"column":null}},"6":{"start":{"line":20,"column":12},"end":{"line":20,"column":31}},"7":{"start":{"line":21,"column":12},"end":{"line":21,"column":19}},"8":{"start":{"line":25,"column":8},"end":{"line":25,"column":69}},"9":{"start":{"line":28,"column":0},"end":{"line":31,"column":3}},"10":{"start":{"line":28,"column":62},"end":{"line":31,"column":2}},"11":{"start":{"line":30,"column":4},"end":{"line":30,"column":69}},"12":{"start":{"line":33,"column":0},"end":{"line":38,"column":3}},"13":{"start":{"line":35,"column":15},"end":{"line":35,"column":32}},"14":{"start":{"line":37,"column":4},"end":{"line":37,"column":70}},"15":{"start":{"line":40,"column":0},"end":{"line":54,"column":3}},"16":{"start":{"line":40,"column":67},"end":{"line":54,"column":2}},"17":{"start":{"line":42,"column":15},"end":{"line":42,"column":32}},"18":{"start":{"line":43,"column":26},"end":{"line":43,"column":38}},"19":{"start":{"line":45,"column":4},"end":{"line":53,"column":null}},"20":{"start":{"line":46,"column":8},"end":{"line":46,"column":null}},"21":{"start":{"line":48,"column":9},"end":{"line":53,"column":null}},"22":{"start":{"line":49,"column":8},"end":{"line":49,"column":null}},"23":{"start":{"line":51,"column":9},"end":{"line":53,"column":null}},"24":{"start":{"line":52,"column":8},"end":{"line":52,"column":null}},"25":{"start":{"line":56,"column":0},"end":{"line":61,"column":3}},"26":{"start":{"line":56,"column":68},"end":{"line":61,"column":2}},"27":{"start":{"line":58,"column":15},"end":{"line":58,"column":32}},"28":{"start":{"line":60,"column":4},"end":{"line":60,"column":67}},"29":{"start":{"line":138,"column":0},"end":{"line":138,"column":22}}},"fnMap":{"0":{"name":"(anonymous_8)","decl":{"start":{"line":12,"column":17},"end":{"line":12,"column":23}},"loc":{"start":{"line":12,"column":63},"end":{"line":26,"column":2}}},"1":{"name":"(anonymous_9)","decl":{"start":{"line":12,"column":63},"end":{"line":12,"column":null}},"loc":{"start":{"line":12,"column":63},"end":{"line":26,"column":1}}},"2":{"name":"(anonymous_10)","decl":{"start":{"line":28,"column":16},"end":{"line":28,"column":22}},"loc":{"start":{"line":28,"column":62},"end":{"line":31,"column":2}}},"3":{"name":"(anonymous_11)","decl":{"start":{"line":28,"column":62},"end":{"line":28,"column":null}},"loc":{"start":{"line":28,"column":62},"end":{"line":31,"column":1}}},"4":{"name":"(anonymous_12)","decl":{"start":{"line":33,"column":19},"end":{"line":33,"column":20}},"loc":{"start":{"line":33,"column":60},"end":{"line":38,"column":1}}},"5":{"name":"(anonymous_13)","decl":{"start":{"line":40,"column":21},"end":{"line":40,"column":27}},"loc":{"start":{"line":40,"column":67},"end":{"line":54,"column":2}}},"6":{"name":"(anonymous_14)","decl":{"start":{"line":40,"column":67},"end":{"line":40,"column":null}},"loc":{"start":{"line":40,"column":67},"end":{"line":54,"column":1}}},"7":{"name":"(anonymous_15)","decl":{"start":{"line":56,"column":22},"end":{"line":56,"column":28}},"loc":{"start":{"line":56,"column":68},"end":{"line":61,"column":2}}},"8":{"name":"(anonymous_16)","decl":{"start":{"line":56,"column":68},"end":{"line":56,"column":null}},"loc":{"start":{"line":56,"column":68},"end":{"line":61,"column":1}}}},"branchMap":{"0":{"loc":{"start":{"line":19,"column":8},"end":{"line":22,"column":null}},"type":"if","locations":[{"start":{"line":19,"column":8},"end":{"line":22,"column":null}}]},"1":{"loc":{"start":{"line":19,"column":12},"end":{"line":19,"column":27}},"type":"binary-expr","locations":[{"start":{"line":19,"column":12},"end":{"line":19,"column":17}},{"start":{"line":19,"column":21},"end":{"line":19,"column":27}}]},"2":{"loc":{"start":{"line":45,"column":4},"end":{"line":53,"column":null}},"type":"if","locations":[{"start":{"line":45,"column":4},"end":{"line":53,"column":null}},{"start":{"line":48,"column":9},"end":{"line":53,"column":null}}]},"3":{"loc":{"start":{"line":45,"column":8},"end":{"line":45,"column":21}},"type":"binary-expr","locations":[{"start":{"line":45,"column":8},"end":{"line":45,"column":12}},{"start":{"line":45,"column":16},"end":{"line":45,"column":21}}]},"4":{"loc":{"start":{"line":48,"column":9},"end":{"line":53,"column":null}},"type":"if","locations":[{"start":{"line":48,"column":9},"end":{"line":53,"column":null}},{"start":{"line":51,"column":9},"end":{"line":53,"column":null}}]},"5":{"loc":{"start":{"line":51,"column":9},"end":{"line":53,"column":null}},"type":"if","locations":[{"start":{"line":51,"column":9},"end":{"line":53,"column":null}}]}},"s":{"0":6,"1":6,"2":6,"3":4,"4":4,"5":4,"6":1,"7":1,"8":3,"9":6,"10":1,"11":1,"12":6,"13":1,"14":1,"15":6,"16":3,"17":3,"18":3,"19":3,"20":1,"21":2,"22":1,"23":1,"24":1,"25":6,"26":1,"27":1,"28":1,"29":6},"f":{"0":4,"1":4,"2":1,"3":1,"4":1,"5":3,"6":3,"7":1,"8":1},"b":{"0":[1],"1":[4,3],"2":[1,2],"3":[3,2],"4":[1,1],"5":[1]}}
,"/home/runner/work/Project1/Project1/nodeapp/src/routes/v1/projects.route.ts": {"path":"/home/runner/work/Project1/Project1/nodeapp/src/routes/v1/projects.route.ts","statementMap":{"0":{"start":{"line":1,"column":0},"end":{"line":1,"column":53}},"1":{"start":{"line":9,"column":13},"end":{"line":9,"column":30}},"2":{"start":{"line":12,"column":0},"end":{"line":25,"column":4}},"3":{"start":{"line":12,"column":63},"end":{"line":25,"column":3}},"4":{"start":{"line":15,"column":30},"end":{"line":15,"column":42}},"5":{"start":{"line":18,"column":5},"end":{"line":21,"column":null}},"6":{"start":{"line":19,"column":9},"end":{"line":19,"column":28}},"7":{"start":{"line":20,"column":9},"end":{"line":20,"column":16}},"8":{"start":{"line":24,"column":5},"end":{"line":24,"column":68}},"9":{"start":{"line":27,"column":0},"end":{"line":30,"column":3}},"10":{"start":{"line":27,"column":62},"end":{"line":30,"column":2}},"11":{"start":{"line":29,"column":4},"end":{"line":29,"column":71}},"12":{"start":{"line":32,"column":0},"end":{"line":37,"column":3}},"13":{"start":{"line":32,"column":65},"end":{"line":37,"column":2}},"14":{"start":{"line":34,"column":15},"end":{"line":34,"column":32}},"15":{"start":{"line":36,"column":4},"end":{"line":36,"column":71}},"16":{"start":{"line":39,"column":0},"end":{"line":53,"column":3}},"17":{"start":{"line":39,"column":67},"end":{"line":53,"column":2}},"18":{"start":{"line":41,"column":15},"end":{"line":41,"column":32}},"19":{"start":{"line":42,"column":29},"end":{"line":42,"column":41}},"20":{"start":{"line":44,"column":4},"end":{"line":52,"column":null}},"21":{"start":{"line":45,"column":8},"end":{"line":45,"column":null}},"22":{"start":{"line":47,"column":9},"end":{"line":52,"column":null}},"23":{"start":{"line":48,"column":8},"end":{"line":48,"column":null}},"24":{"start":{"line":50,"column":9},"end":{"line":52,"column":null}},"25":{"start":{"line":51,"column":8},"end":{"line":51,"column":null}},"26":{"start":{"line":55,"column":0},"end":{"line":60,"column":3}},"27":{"start":{"line":55,"column":68},"end":{"line":60,"column":2}},"28":{"start":{"line":57,"column":15},"end":{"line":57,"column":32}},"29":{"start":{"line":59,"column":4},"end":{"line":59,"column":68}},"30":{"start":{"line":62,"column":0},"end":{"line":62,"column":22}}},"fnMap":{"0":{"name":"(anonymous_8)","decl":{"start":{"line":12,"column":17},"end":{"line":12,"column":23}},"loc":{"start":{"line":12,"column":63},"end":{"line":25,"column":3}}},"1":{"name":"(anonymous_9)","decl":{"start":{"line":12,"column":63},"end":{"line":12,"column":null}},"loc":{"start":{"line":12,"column":63},"end":{"line":25,"column":2}}},"2":{"name":"(anonymous_10)","decl":{"start":{"line":27,"column":16},"end":{"line":27,"column":22}},"loc":{"start":{"line":27,"column":62},"end":{"line":30,"column":2}}},"3":{"name":"(anonymous_11)","decl":{"start":{"line":27,"column":62},"end":{"line":27,"column":null}},"loc":{"start":{"line":27,"column":62},"end":{"line":30,"column":1}}},"4":{"name":"(anonymous_12)","decl":{"start":{"line":32,"column":19},"end":{"line":32,"column":25}},"loc":{"start":{"line":32,"column":65},"end":{"line":37,"column":2}}},"5":{"name":"(anonymous_13)","decl":{"start":{"line":32,"column":65},"end":{"line":32,"column":null}},"loc":{"start":{"line":32,"column":65},"end":{"line":37,"column":1}}},"6":{"name":"(anonymous_14)","decl":{"start":{"line":39,"column":21},"end":{"line":39,"column":27}},"loc":{"start":{"line":39,"column":67},"end":{"line":53,"column":2}}},"7":{"name":"(anonymous_15)","decl":{"start":{"line":39,"column":67},"end":{"line":39,"column":null}},"loc":{"start":{"line":39,"column":67},"end":{"line":53,"column":1}}},"8":{"name":"(anonymous_16)","decl":{"start":{"line":55,"column":22},"end":{"line":55,"column":28}},"loc":{"start":{"line":55,"column":68},"end":{"line":60,"column":2}}},"9":{"name":"(anonymous_17)","decl":{"start":{"line":55,"column":68},"end":{"line":55,"column":null}},"loc":{"start":{"line":55,"column":68},"end":{"line":60,"column":1}}}},"branchMap":{"0":{"loc":{"start":{"line":18,"column":5},"end":{"line":21,"column":null}},"type":"if","locations":[{"start":{"line":18,"column":5},"end":{"line":21,"column":null}}]},"1":{"loc":{"start":{"line":18,"column":9},"end":{"line":18,"column":27}},"type":"binary-expr","locations":[{"start":{"line":18,"column":9},"end":{"line":18,"column":14}},{"start":{"line":18,"column":18},"end":{"line":18,"column":27}}]},"2":{"loc":{"start":{"line":44,"column":4},"end":{"line":52,"column":null}},"type":"if","locations":[{"start":{"line":44,"column":4},"end":{"line":52,"column":null}},{"start":{"line":47,"column":9},"end":{"line":52,"column":null}}]},"3":{"loc":{"start":{"line":44,"column":8},"end":{"line":44,"column":24}},"type":"binary-expr","locations":[{"start":{"line":44,"column":8},"end":{"line":44,"column":12}},{"start":{"line":44,"column":16},"end":{"line":44,"column":24}}]},"4":{"loc":{"start":{"line":47,"column":9},"end":{"line":52,"column":null}},"type":"if","locations":[{"start":{"line":47,"column":9},"end":{"line":52,"column":null}},{"start":{"line":50,"column":9},"end":{"line":52,"column":null}}]},"5":{"loc":{"start":{"line":50,"column":9},"end":{"line":52,"column":null}},"type":"if","locations":[{"start":{"line":50,"column":9},"end":{"line":52,"column":null}}]}},"s":{"0":6,"1":6,"2":6,"3":4,"4":4,"5":4,"6":1,"7":1,"8":3,"9":6,"10":1,"11":1,"12":6,"13":1,"14":1,"15":1,"16":6,"17":3,"18":3,"19":3,"20":3,"21":1,"22":2,"23":1,"24":1,"25":1,"26":6,"27":1,"28":1,"29":1,"30":6},"f":{"0":4,"1":4,"2":1,"3":1,"4":1,"5":1,"6":3,"7":3,"8":1,"9":1},"b":{"0":[1],"1":[4,3],"2":[1,2],"3":[3,2],"4":[1,1],"5":[1]}}
,"/home/runner/work/Project1/Project1/nodeapp/src/routes/v1/weather.route.ts": {"path":"/home/runner/work/Project1/Project1/nodeapp/src/routes/v1/weather.route.ts","statementMap":{"0":{"start":{"line":1,"column":0},"end":{"line":1,"column":30}},"1":{"start":{"line":8,"column":13},"end":{"line":8,"column":30}},"2":{"start":{"line":11,"column":0},"end":{"line":24,"column":4}},"3":{"start":{"line":11,"column":44},"end":{"line":24,"column":3}},"4":{"start":{"line":14,"column":30},"end":{"line":14,"column":42}},"5":{"start":{"line":17,"column":5},"end":{"line":20,"column":null}},"6":{"start":{"line":18,"column":9},"end":{"line":18,"column":28}},"7":{"start":{"line":19,"column":9},"end":{"line":19,"column":16}},"8":{"start":{"line":23,"column":5},"end":{"line":23,"column":69}},"9":{"start":{"line":26,"column":0},"end":{"line":29,"column":3}},"10":{"start":{"line":26,"column":43},"end":{"line":29,"column":2}},"11":{"start":{"line":28,"column":4},"end":{"line":28,"column":70}},"12":{"start":{"line":31,"column":0},"end":{"line":34,"column":3}},"13":{"start":{"line":31,"column":46},"end":{"line":34,"column":2}},"14":{"start":{"line":32,"column":15},"end":{"line":32,"column":32}},"15":{"start":{"line":33,"column":4},"end":{"line":33,"column":72}},"16":{"start":{"line":36,"column":0},"end":{"line":50,"column":3}},"17":{"start":{"line":36,"column":48},"end":{"line":50,"column":2}},"18":{"start":{"line":38,"column":15},"end":{"line":38,"column":32}},"19":{"start":{"line":39,"column":29},"end":{"line":39,"column":41}},"20":{"start":{"line":41,"column":4},"end":{"line":49,"column":null}},"21":{"start":{"line":42,"column":8},"end":{"line":42,"column":null}},"22":{"start":{"line":44,"column":9},"end":{"line":49,"column":null}},"23":{"start":{"line":45,"column":8},"end":{"line":45,"column":null}},"24":{"start":{"line":47,"column":9},"end":{"line":49,"column":null}},"25":{"start":{"line":48,"column":8},"end":{"line":48,"column":null}},"26":{"start":{"line":52,"column":0},"end":{"line":55,"column":3}},"27":{"start":{"line":52,"column":49},"end":{"line":55,"column":2}},"28":{"start":{"line":53,"column":15},"end":{"line":53,"column":32}},"29":{"start":{"line":54,"column":4},"end":{"line":54,"column":67}},"30":{"start":{"line":134,"column":0},"end":{"line":134,"column":22}}},"fnMap":{"0":{"name":"(anonymous_8)","decl":{"start":{"line":11,"column":17},"end":{"line":11,"column":23}},"loc":{"start":{"line":11,"column":44},"end":{"line":24,"column":3}}},"1":{"name":"(anonymous_9)","decl":{"start":{"line":11,"column":44},"end":{"line":11,"column":null}},"loc":{"start":{"line":11,"column":44},"end":{"line":24,"column":2}}},"2":{"name":"(anonymous_10)","decl":{"start":{"line":26,"column":16},"end":{"line":26,"column":22}},"loc":{"start":{"line":26,"column":43},"end":{"line":29,"column":2}}},"3":{"name":"(anonymous_11)","decl":{"start":{"line":26,"column":43},"end":{"line":26,"column":null}},"loc":{"start":{"line":26,"column":43},"end":{"line":29,"column":1}}},"4":{"name":"(anonymous_12)","decl":{"start":{"line":31,"column":19},"end":{"line":31,"column":25}},"loc":{"start":{"line":31,"column":46},"end":{"line":34,"column":2}}},"5":{"name":"(anonymous_13)","decl":{"start":{"line":31,"column":46},"end":{"line":31,"column":null}},"loc":{"start":{"line":31,"column":46},"end":{"line":34,"column":1}}},"6":{"name":"(anonymous_14)","decl":{"start":{"line":36,"column":21},"end":{"line":36,"column":27}},"loc":{"start":{"line":36,"column":48},"end":{"line":50,"column":2}}},"7":{"name":"(anonymous_15)","decl":{"start":{"line":36,"column":48},"end":{"line":36,"column":null}},"loc":{"start":{"line":36,"column":48},"end":{"line":50,"column":1}}},"8":{"name":"(anonymous_16)","decl":{"start":{"line":52,"column":22},"end":{"line":52,"column":28}},"loc":{"start":{"line":52,"column":49},"end":{"line":55,"column":2}}},"9":{"name":"(anonymous_17)","decl":{"start":{"line":52,"column":49},"end":{"line":52,"column":null}},"loc":{"start":{"line":52,"column":49},"end":{"line":55,"column":1}}}},"branchMap":{"0":{"loc":{"start":{"line":17,"column":5},"end":{"line":20,"column":null}},"type":"if","locations":[{"start":{"line":17,"column":5},"end":{"line":20,"column":null}}]},"1":{"loc":{"start":{"line":17,"column":9},"end":{"line":17,"column":27}},"type":"binary-expr","locations":[{"start":{"line":17,"column":9},"end":{"line":17,"column":15}},{"start":{"line":17,"column":19},"end":{"line":17,"column":27}}]},"2":{"loc":{"start":{"line":41,"column":4},"end":{"line":49,"column":null}},"type":"if","locations":[{"start":{"line":41,"column":4},"end":{"line":49,"column":null}},{"start":{"line":44,"column":9},"end":{"line":49,"column":null}}]},"3":{"loc":{"start":{"line":41,"column":8},"end":{"line":41,"column":24}},"type":"binary-expr","locations":[{"start":{"line":41,"column":8},"end":{"line":41,"column":13}},{"start":{"line":41,"column":17},"end":{"line":41,"column":24}}]},"4":{"loc":{"start":{"line":44,"column":9},"end":{"line":49,"column":null}},"type":"if","locations":[{"start":{"line":44,"column":9},"end":{"line":49,"column":null}},{"start":{"line":47,"column":9},"end":{"line":49,"column":null}}]},"5":{"loc":{"start":{"line":47,"column":9},"end":{"line":49,"column":null}},"type":"if","locations":[{"start":{"line":47,"column":9},"end":{"line":49,"column":null}}]}},"s":{"0":6,"1":6,"2":6,"3":3,"4":3,"5":3,"6":1,"7":1,"8":2,"9":6,"10":1,"11":1,"12":6,"13":1,"14":1,"15":1,"16":6,"17":3,"18":3,"19":3,"20":3,"21":1,"22":2,"23":1,"24":1,"25":1,"26":6,"27":1,"28":1,"29":1,"30":6},"f":{"0":3,"1":3,"2":1,"3":1,"4":1,"5":1,"6":3,"7":3,"8":1,"9":1},"b":{"0":[1],"1":[3,2],"2":[1,2],"3":[3,2],"4":[1,1],"5":[1]}}
}
