TN:
SF:src/server.ts
FN:14,(anonymous_1)
FN:20,(anonymous_2)
FN:24,(anonymous_3)
FN:34,(anonymous_4)
FN:35,(anonymous_5)
FNF:5
FNH:3
FNDA:6,(anonymous_1)
FNDA:6,(anonymous_2)
FNDA:6,(anonymous_3)
FNDA:0,(anonymous_4)
FNDA:0,(anonymous_5)
DA:1,6
DA:2,6
DA:3,6
DA:4,6
DA:5,6
DA:6,6
DA:7,6
DA:10,6
DA:12,6
DA:15,6
DA:16,6
DA:17,6
DA:21,6
DA:26,6
DA:27,6
DA:28,6
DA:29,6
DA:30,6
DA:31,6
DA:35,0
DA:36,0
LF:21
LH:19
BRF:0
BRH:0
end_of_record
TN:
SF:src/server1.ts
FNF:0
FNH:0
DA:5,0
DA:24,0
DA:101,0
LF:3
LH:0
BRF:0
BRH:0
end_of_record
TN:
SF:src/middlewares/auth.middleware.ts
FN:7,(anonymous_1)
FN:9,(anonymous_2)
FN:18,(anonymous_3)
FNF:3
FNH:0
FNDA:0,(anonymous_1)
FNDA:0,(anonymous_2)
FNDA:0,(anonymous_3)
DA:2,0
DA:3,0
DA:4,0
DA:7,0
DA:9,0
DA:12,0
DA:14,0
DA:17,0
DA:19,0
DA:20,0
DA:27,0
DA:32,0
DA:37,0
LF:13
LH:0
BRDA:14,0,0,0
BRDA:14,0,1,0
BRDA:19,1,0,0
BRDA:19,1,1,0
BRF:4
BRH:0
end_of_record
TN:
SF:src/middlewares/response.middleware.ts
FN:6,(anonymous_1)
FN:8,(anonymous_2)
FNF:2
FNH:0
FNDA:0,(anonymous_1)
FNDA:0,(anonymous_2)
DA:2,0
DA:3,0
DA:6,0
DA:8,0
DA:10,0
DA:12,0
DA:14,0
DA:15,0
DA:18,0
DA:22,0
LF:10
LH:0
BRDA:12,0,0,0
BRF:1
BRH:0
end_of_record
TN:
SF:src/middlewares/validation.middleware.ts
FN:7,(anonymous_0)
FN:9,(anonymous_1)
FN:12,(anonymous_2)
FN:17,(anonymous_3)
FN:34,(anonymous_4)
FNF:5
FNH:0
FNDA:0,(anonymous_0)
FNDA:0,(anonymous_1)
FNDA:0,(anonymous_2)
FNDA:0,(anonymous_3)
FNDA:0,(anonymous_4)
DA:2,0
DA:3,0
DA:4,0
DA:7,0
DA:9,0
DA:11,0
DA:14,0
DA:16,0
DA:19,0
DA:20,0
DA:25,0
DA:30,0
DA:35,0
DA:41,0
LF:14
LH:0
BRDA:7,0,0,0
BRDA:14,1,0,0
BRDA:14,1,1,0
BRF:3
BRH:0
end_of_record
TN:
SF:src/models/blog.entity.ts
FNF:0
FNH:0
DA:1,0
DA:2,0
DA:6,0
DA:9,0
DA:12,0
DA:15,0
DA:18,0
DA:23,0
DA:27,0
LF:9
LH:0
BRF:0
BRH:0
end_of_record
TN:
SF:src/models/book.entity.ts
FNF:0
FNH:0
DA:1,0
DA:2,0
DA:6,0
DA:9,0
DA:12,0
DA:15,0
DA:18,0
DA:21,0
DA:25,0
DA:29,0
DA:33,0
LF:11
LH:0
BRF:0
BRH:0
end_of_record
TN:
SF:src/models/news.entity.ts
FNF:0
FNH:0
DA:1,0
DA:2,0
DA:6,0
DA:9,0
DA:12,0
DA:15,0
DA:18,0
DA:22,0
DA:26,0
LF:9
LH:0
BRF:0
BRH:0
end_of_record
TN:
SF:src/models/product.entity.ts
FNF:0
FNH:0
DA:1,0
DA:2,0
DA:7,0
DA:10,0
DA:13,0
DA:16,0
DA:19,0
DA:23,0
DA:27,0
LF:9
LH:0
BRF:0
BRH:0
end_of_record
TN:
SF:src/models/project.entity.ts
FNF:0
FNH:0
DA:1,0
DA:2,0
DA:7,0
DA:10,0
DA:13,0
DA:16,0
DA:19,0
DA:24,0
DA:28,0
LF:9
LH:0
BRF:0
BRH:0
end_of_record
TN:
SF:src/models/user.entity.ts
FNF:0
FNH:0
DA:1,0
DA:2,0
DA:6,0
DA:9,0
DA:12,0
DA:15,0
DA:18,0
DA:21,0
DA:24,0
DA:29,0
DA:33,0
DA:37,0
DA:41,0
DA:44,0
DA:48,0
DA:51,0
LF:16
LH:0
BRF:0
BRH:0
end_of_record
TN:
SF:src/models/weather.entity.ts
FNF:0
FNH:0
DA:1,0
DA:2,0
DA:6,0
DA:9,0
DA:12,0
DA:15,0
DA:18,0
DA:22,0
DA:26,0
LF:9
LH:0
BRF:0
BRH:0
end_of_record
TN:
SF:src/routes/v1/auth.route.ts
FN:14,(anonymous_8)
FN:14,(anonymous_9)
FNF:2
FNH:0
FNDA:0,(anonymous_8)
FNDA:0,(anonymous_9)
DA:1,0
DA:2,0
DA:3,0
DA:4,0
DA:5,0
DA:6,0
DA:7,0
DA:10,0
DA:14,0
DA:16,0
DA:19,0
DA:20,0
DA:22,0
DA:27,0
DA:28,0
DA:29,0
DA:30,0
DA:32,0
DA:34,0
DA:36,0
DA:41,0
LF:21
LH:0
BRDA:20,0,0,0
BRDA:22,1,0,0
BRDA:22,1,1,0
BRF:3
BRH:0
end_of_record
TN:
SF:src/routes/v1/blogs.route.ts
FN:11,(anonymous_8)
FN:11,(anonymous_9)
FN:27,(anonymous_10)
FN:27,(anonymous_11)
FN:32,(anonymous_12)
FN:38,(anonymous_13)
FN:38,(anonymous_14)
FN:54,(anonymous_15)
FN:54,(anonymous_16)
FNF:9
FNH:9
FNDA:4,(anonymous_8)
FNDA:4,(anonymous_9)
FNDA:1,(anonymous_10)
FNDA:1,(anonymous_11)
FNDA:1,(anonymous_12)
FNDA:3,(anonymous_13)
FNDA:3,(anonymous_14)
FNDA:1,(anonymous_15)
FNDA:1,(anonymous_16)
DA:1,6
DA:8,6
DA:11,6
DA:15,4
DA:18,4
DA:19,1
DA:20,1
DA:24,3
DA:27,6
DA:29,1
DA:32,6
DA:34,1
DA:35,1
DA:38,6
DA:40,3
DA:41,3
DA:43,3
DA:44,1
DA:46,2
DA:47,1
DA:49,1
DA:50,1
DA:54,6
DA:56,1
DA:57,1
DA:133,6
LF:26
LH:26
BRDA:18,0,0,1
BRDA:18,1,0,4
BRDA:18,1,1,3
BRDA:43,2,0,1
BRDA:43,2,1,2
BRDA:43,3,0,3
BRDA:43,3,1,2
BRDA:46,4,0,1
BRDA:46,4,1,1
BRDA:49,5,0,1
BRF:10
BRH:10
end_of_record
TN:
SF:src/routes/v1/books.route.ts
FN:12,(anonymous_8)
FN:12,(anonymous_9)
FN:28,(anonymous_10)
FN:28,(anonymous_11)
FN:33,(anonymous_12)
FN:39,(anonymous_13)
FN:39,(anonymous_14)
FN:55,(anonymous_15)
FN:55,(anonymous_16)
FNF:9
FNH:9
FNDA:4,(anonymous_8)
FNDA:4,(anonymous_9)
FNDA:1,(anonymous_10)
FNDA:1,(anonymous_11)
FNDA:1,(anonymous_12)
FNDA:3,(anonymous_13)
FNDA:3,(anonymous_14)
FNDA:1,(anonymous_15)
FNDA:1,(anonymous_16)
DA:1,6
DA:8,6
DA:12,6
DA:16,4
DA:19,4
DA:20,1
DA:21,1
DA:25,3
DA:28,6
DA:30,1
DA:33,6
DA:35,1
DA:36,1
DA:39,6
DA:41,3
DA:42,3
DA:44,3
DA:45,1
DA:47,2
DA:48,1
DA:50,1
DA:51,1
DA:55,6
DA:57,1
DA:58,1
DA:138,6
LF:26
LH:26
BRDA:19,0,0,1
BRDA:19,1,0,4
BRDA:19,1,1,3
BRDA:44,2,0,1
BRDA:44,2,1,2
BRDA:44,3,0,3
BRDA:44,3,1,2
BRDA:47,4,0,1
BRDA:47,4,1,1
BRDA:50,5,0,1
BRF:10
BRH:10
end_of_record
TN:
SF:src/routes/v1/news.route.ts
FN:11,(anonymous_8)
FN:11,(anonymous_9)
FN:26,(anonymous_10)
FN:26,(anonymous_11)
FN:31,(anonymous_12)
FN:31,(anonymous_13)
FN:38,(anonymous_14)
FN:38,(anonymous_15)
FN:54,(anonymous_16)
FN:54,(anonymous_17)
FNF:10
FNH:10
FNDA:3,(anonymous_8)
FNDA:3,(anonymous_9)
FNDA:1,(anonymous_10)
FNDA:1,(anonymous_11)
FNDA:1,(anonymous_12)
FNDA:1,(anonymous_13)
FNDA:3,(anonymous_14)
FNDA:3,(anonymous_15)
FNDA:1,(anonymous_16)
FNDA:1,(anonymous_17)
DA:1,6
DA:8,6
DA:11,6
DA:14,3
DA:17,3
DA:18,1
DA:19,1
DA:23,2
DA:26,6
DA:28,1
DA:31,6
DA:33,1
DA:35,1
DA:38,6
DA:40,3
DA:41,3
DA:43,3
DA:44,1
DA:46,2
DA:47,1
DA:49,1
DA:50,1
DA:54,6
DA:56,1
DA:58,1
DA:62,6
LF:26
LH:26
BRDA:17,0,0,1
BRDA:17,1,0,3
BRDA:17,1,1,2
BRDA:43,2,0,1
BRDA:43,2,1,2
BRDA:43,3,0,3
BRDA:43,3,1,2
BRDA:46,4,0,1
BRDA:46,4,1,1
BRDA:49,5,0,1
BRF:10
BRH:10
end_of_record
TN:
SF:src/routes/v1/products.route.ts
FN:12,(anonymous_8)
FN:12,(anonymous_9)
FN:28,(anonymous_10)
FN:28,(anonymous_11)
FN:33,(anonymous_12)
FN:40,(anonymous_13)
FN:40,(anonymous_14)
FN:56,(anonymous_15)
FN:56,(anonymous_16)
FNF:9
FNH:9
FNDA:4,(anonymous_8)
FNDA:4,(anonymous_9)
FNDA:1,(anonymous_10)
FNDA:1,(anonymous_11)
FNDA:1,(anonymous_12)
FNDA:3,(anonymous_13)
FNDA:3,(anonymous_14)
FNDA:1,(anonymous_15)
FNDA:1,(anonymous_16)
DA:1,6
DA:9,6
DA:12,6
DA:16,4
DA:19,4
DA:20,1
DA:21,1
DA:25,3
DA:28,6
DA:30,1
DA:33,6
DA:35,1
DA:37,1
DA:40,6
DA:42,3
DA:43,3
DA:45,3
DA:46,1
DA:48,2
DA:49,1
DA:51,1
DA:52,1
DA:56,6
DA:58,1
DA:60,1
DA:138,6
LF:26
LH:26
BRDA:19,0,0,1
BRDA:19,1,0,4
BRDA:19,1,1,3
BRDA:45,2,0,1
BRDA:45,2,1,2
BRDA:45,3,0,3
BRDA:45,3,1,2
BRDA:48,4,0,1
BRDA:48,4,1,1
BRDA:51,5,0,1
BRF:10
BRH:10
end_of_record
TN:
SF:src/routes/v1/projects.route.ts
FN:12,(anonymous_8)
FN:12,(anonymous_9)
FN:27,(anonymous_10)
FN:27,(anonymous_11)
FN:32,(anonymous_12)
FN:32,(anonymous_13)
FN:39,(anonymous_14)
FN:39,(anonymous_15)
FN:55,(anonymous_16)
FN:55,(anonymous_17)
FNF:10
FNH:10
FNDA:4,(anonymous_8)
FNDA:4,(anonymous_9)
FNDA:1,(anonymous_10)
FNDA:1,(anonymous_11)
FNDA:1,(anonymous_12)
FNDA:1,(anonymous_13)
FNDA:3,(anonymous_14)
FNDA:3,(anonymous_15)
FNDA:1,(anonymous_16)
FNDA:1,(anonymous_17)
DA:1,6
DA:9,6
DA:12,6
DA:15,4
DA:18,4
DA:19,1
DA:20,1
DA:24,3
DA:27,6
DA:29,1
DA:32,6
DA:34,1
DA:36,1
DA:39,6
DA:41,3
DA:42,3
DA:44,3
DA:45,1
DA:47,2
DA:48,1
DA:50,1
DA:51,1
DA:55,6
DA:57,1
DA:59,1
DA:62,6
LF:26
LH:26
BRDA:18,0,0,1
BRDA:18,1,0,4
BRDA:18,1,1,3
BRDA:44,2,0,1
BRDA:44,2,1,2
BRDA:44,3,0,3
BRDA:44,3,1,2
BRDA:47,4,0,1
BRDA:47,4,1,1
BRDA:50,5,0,1
BRF:10
BRH:10
end_of_record
TN:
SF:src/routes/v1/users.route.ts
FN:11,(anonymous_0)
FN:16,(anonymous_1)
FN:21,(anonymous_2)
FN:26,(anonymous_3)
FN:31,(anonymous_4)
FNF:5
FNH:0
FNDA:0,(anonymous_0)
FNDA:0,(anonymous_1)
FNDA:0,(anonymous_2)
FNDA:0,(anonymous_3)
FNDA:0,(anonymous_4)
DA:1,0
DA:7,0
DA:11,0
DA:13,0
DA:16,0
DA:18,0
DA:21,0
DA:23,0
DA:26,0
DA:28,0
DA:31,0
DA:33,0
DA:110,0
LF:13
LH:0
BRF:0
BRH:0
end_of_record
TN:
SF:src/routes/v1/weather.route.ts
FN:11,(anonymous_8)
FN:11,(anonymous_9)
FN:26,(anonymous_10)
FN:26,(anonymous_11)
FN:31,(anonymous_12)
FN:31,(anonymous_13)
FN:36,(anonymous_14)
FN:36,(anonymous_15)
FN:52,(anonymous_16)
FN:52,(anonymous_17)
FNF:10
FNH:10
FNDA:3,(anonymous_8)
FNDA:3,(anonymous_9)
FNDA:1,(anonymous_10)
FNDA:1,(anonymous_11)
FNDA:1,(anonymous_12)
FNDA:1,(anonymous_13)
FNDA:3,(anonymous_14)
FNDA:3,(anonymous_15)
FNDA:1,(anonymous_16)
FNDA:1,(anonymous_17)
DA:1,6
DA:8,6
DA:11,6
DA:14,3
DA:17,3
DA:18,1
DA:19,1
DA:23,2
DA:26,6
DA:28,1
DA:31,6
DA:32,1
DA:33,1
DA:36,6
DA:38,3
DA:39,3
DA:41,3
DA:42,1
DA:44,2
DA:45,1
DA:47,1
DA:48,1
DA:52,6
DA:53,1
DA:54,1
DA:134,6
LF:26
LH:26
BRDA:17,0,0,1
BRDA:17,1,0,3
BRDA:17,1,1,2
BRDA:41,2,0,1
BRDA:41,2,1,2
BRDA:41,3,0,3
BRDA:41,3,1,2
BRDA:44,4,0,1
BRDA:44,4,1,1
BRDA:47,5,0,1
BRF:10
BRH:10
end_of_record
TN:
SF:src/routes/v2/auth.route.ts
FN:14,(anonymous_8)
FN:14,(anonymous_9)
FNF:2
FNH:0
FNDA:0,(anonymous_8)
FNDA:0,(anonymous_9)
DA:1,0
DA:2,0
DA:3,0
DA:4,0
DA:5,0
DA:6,0
DA:7,0
DA:10,0
DA:14,0
DA:16,0
DA:19,0
DA:20,0
DA:22,0
DA:26,0
DA:27,0
DA:28,0
DA:29,0
DA:31,0
DA:33,0
DA:35,0
DA:40,0
LF:21
LH:0
BRDA:20,0,0,0
BRDA:22,1,0,0
BRDA:22,1,1,0
BRF:3
BRH:0
end_of_record
TN:
SF:src/services/auth.service.ts
FN:6,(anonymous_7)
FN:6,(anonymous_8)
FNF:2
FNH:0
FNDA:0,(anonymous_7)
FNDA:0,(anonymous_8)
DA:1,0
DA:2,0
DA:3,0
DA:6,0
DA:8,0
DA:9,0
DA:11,0
LF:7
LH:0
BRDA:9,0,0,0
BRF:1
BRH:0
end_of_record
TN:
SF:src/services/blogs.service.ts
FN:6,(anonymous_7)
FN:6,(anonymous_8)
FN:16,(anonymous_9)
FN:16,(anonymous_10)
FN:51,(anonymous_11)
FN:51,(anonymous_12)
FN:69,(anonymous_13)
FN:69,(anonymous_14)
FN:80,(anonymous_15)
FN:80,(anonymous_16)
FNF:10
FNH:0
FNDA:0,(anonymous_7)
FNDA:0,(anonymous_8)
FNDA:0,(anonymous_9)
FNDA:0,(anonymous_10)
FNDA:0,(anonymous_11)
FNDA:0,(anonymous_12)
FNDA:0,(anonymous_13)
FNDA:0,(anonymous_14)
FNDA:0,(anonymous_15)
FNDA:0,(anonymous_16)
DA:1,0
DA:2,0
DA:3,0
DA:6,0
DA:8,0
DA:10,0
DA:11,0
DA:13,0
DA:16,0
DA:18,0
DA:19,0
DA:22,0
DA:25,0
DA:29,0
DA:33,0
DA:35,0
DA:46,0
DA:48,0
DA:51,0
DA:53,0
DA:55,0
DA:64,0
DA:66,0
DA:69,0
DA:71,0
DA:72,0
DA:74,0
DA:75,0
DA:77,0
DA:80,0
DA:82,0
DA:83,0
DA:85,0
LF:33
LH:0
BRDA:11,0,0,0
BRDA:29,1,0,0
BRDA:29,1,1,0
BRDA:29,2,0,0
BRDA:29,2,1,0
BRDA:33,3,0,0
BRDA:33,3,1,0
BRDA:46,4,0,0
BRDA:64,5,0,0
BRDA:72,6,0,0
BRDA:75,7,0,0
BRDA:83,8,0,0
BRF:12
BRH:0
end_of_record
TN:
SF:src/services/books.service.ts
FN:6,(anonymous_7)
FN:6,(anonymous_8)
FN:16,(anonymous_9)
FN:16,(anonymous_10)
FN:53,(anonymous_11)
FN:53,(anonymous_12)
FN:70,(anonymous_13)
FN:70,(anonymous_14)
FN:81,(anonymous_15)
FN:81,(anonymous_16)
FNF:10
FNH:0
FNDA:0,(anonymous_7)
FNDA:0,(anonymous_8)
FNDA:0,(anonymous_9)
FNDA:0,(anonymous_10)
FNDA:0,(anonymous_11)
FNDA:0,(anonymous_12)
FNDA:0,(anonymous_13)
FNDA:0,(anonymous_14)
FNDA:0,(anonymous_15)
FNDA:0,(anonymous_16)
DA:1,0
DA:2,0
DA:3,0
DA:6,0
DA:8,0
DA:9,0
DA:11,0
DA:13,0
DA:16,0
DA:18,0
DA:19,0
DA:22,0
DA:25,0
DA:29,0
DA:33,0
DA:37,0
DA:48,0
DA:50,0
DA:53,0
DA:55,0
DA:57,0
DA:65,0
DA:67,0
DA:70,0
DA:72,0
DA:73,0
DA:75,0
DA:76,0
DA:78,0
DA:81,0
DA:83,0
DA:84,0
DA:86,0
LF:33
LH:0
BRDA:11,0,0,0
BRDA:29,1,0,0
BRDA:29,1,1,0
BRDA:29,2,0,0
BRDA:29,2,1,0
BRDA:33,3,0,0
BRDA:33,3,1,0
BRDA:48,4,0,0
BRDA:65,5,0,0
BRDA:73,6,0,0
BRDA:76,7,0,0
BRDA:84,8,0,0
BRF:12
BRH:0
end_of_record
TN:
SF:src/services/news.service.ts
FN:6,(anonymous_7)
FN:6,(anonymous_8)
FN:16,(anonymous_9)
FN:16,(anonymous_10)
FN:53,(anonymous_11)
FN:53,(anonymous_12)
FN:70,(anonymous_13)
FN:70,(anonymous_14)
FN:81,(anonymous_15)
FN:81,(anonymous_16)
FNF:10
FNH:0
FNDA:0,(anonymous_7)
FNDA:0,(anonymous_8)
FNDA:0,(anonymous_9)
FNDA:0,(anonymous_10)
FNDA:0,(anonymous_11)
FNDA:0,(anonymous_12)
FNDA:0,(anonymous_13)
FNDA:0,(anonymous_14)
FNDA:0,(anonymous_15)
FNDA:0,(anonymous_16)
DA:1,0
DA:2,0
DA:3,0
DA:6,0
DA:8,0
DA:9,0
DA:11,0
DA:13,0
DA:16,0
DA:18,0
DA:19,0
DA:22,0
DA:25,0
DA:29,0
DA:33,0
DA:36,0
DA:48,0
DA:50,0
DA:53,0
DA:55,0
DA:57,0
DA:65,0
DA:67,0
DA:70,0
DA:72,0
DA:73,0
DA:75,0
DA:76,0
DA:78,0
DA:81,0
DA:83,0
DA:85,0
DA:87,0
LF:33
LH:0
BRDA:11,0,0,0
BRDA:29,1,0,0
BRDA:29,1,1,0
BRDA:29,2,0,0
BRDA:29,2,1,0
BRDA:33,3,0,0
BRDA:33,3,1,0
BRDA:48,4,0,0
BRDA:65,5,0,0
BRDA:73,6,0,0
BRDA:76,7,0,0
BRDA:85,8,0,0
BRF:12
BRH:0
end_of_record
TN:
SF:src/services/products.service.ts
FN:6,(anonymous_7)
FN:6,(anonymous_8)
FN:15,(anonymous_9)
FN:15,(anonymous_10)
FN:48,(anonymous_11)
FN:48,(anonymous_12)
FN:56,(anonymous_13)
FN:56,(anonymous_14)
FN:67,(anonymous_15)
FN:67,(anonymous_16)
FNF:10
FNH:0
FNDA:0,(anonymous_7)
FNDA:0,(anonymous_8)
FNDA:0,(anonymous_9)
FNDA:0,(anonymous_10)
FNDA:0,(anonymous_11)
FNDA:0,(anonymous_12)
FNDA:0,(anonymous_13)
FNDA:0,(anonymous_14)
FNDA:0,(anonymous_15)
FNDA:0,(anonymous_16)
DA:1,0
DA:2,0
DA:3,0
DA:6,0
DA:8,0
DA:9,0
DA:10,0
DA:12,0
DA:15,0
DA:17,0
DA:18,0
DA:20,0
DA:21,0
DA:25,0
DA:29,0
DA:32,0
DA:43,0
DA:45,0
DA:48,0
DA:50,0
DA:51,0
DA:53,0
DA:56,0
DA:58,0
DA:59,0
DA:61,0
DA:62,0
DA:64,0
DA:67,0
DA:69,0
DA:70,0
DA:72,0
LF:32
LH:0
BRDA:10,0,0,0
BRDA:25,1,0,0
BRDA:25,1,1,0
BRDA:25,2,0,0
BRDA:25,2,1,0
BRDA:29,3,0,0
BRDA:29,3,1,0
BRDA:43,4,0,0
BRDA:51,5,0,0
BRDA:59,6,0,0
BRDA:62,7,0,0
BRDA:70,8,0,0
BRF:12
BRH:0
end_of_record
TN:
SF:src/services/projects.service.ts
FN:6,(anonymous_7)
FN:6,(anonymous_8)
FN:16,(anonymous_9)
FN:16,(anonymous_10)
FN:50,(anonymous_11)
FN:50,(anonymous_12)
FN:67,(anonymous_13)
FN:67,(anonymous_14)
FN:78,(anonymous_15)
FN:78,(anonymous_16)
FNF:10
FNH:0
FNDA:0,(anonymous_7)
FNDA:0,(anonymous_8)
FNDA:0,(anonymous_9)
FNDA:0,(anonymous_10)
FNDA:0,(anonymous_11)
FNDA:0,(anonymous_12)
FNDA:0,(anonymous_13)
FNDA:0,(anonymous_14)
FNDA:0,(anonymous_15)
FNDA:0,(anonymous_16)
DA:1,0
DA:2,0
DA:3,0
DA:6,0
DA:8,0
DA:10,0
DA:11,0
DA:13,0
DA:16,0
DA:18,0
DA:19,0
DA:22,0
DA:25,0
DA:28,0
DA:32,0
DA:34,0
DA:45,0
DA:47,0
DA:50,0
DA:52,0
DA:54,0
DA:62,0
DA:64,0
DA:67,0
DA:69,0
DA:70,0
DA:72,0
DA:73,0
DA:75,0
DA:78,0
DA:80,0
DA:81,0
DA:83,0
LF:33
LH:0
BRDA:11,0,0,0
BRDA:28,1,0,0
BRDA:28,1,1,0
BRDA:28,2,0,0
BRDA:28,2,1,0
BRDA:32,3,0,0
BRDA:32,3,1,0
BRDA:45,4,0,0
BRDA:62,5,0,0
BRDA:70,6,0,0
BRDA:73,7,0,0
BRDA:81,8,0,0
BRF:12
BRH:0
end_of_record
TN:
SF:src/services/users.service.ts
FN:6,(anonymous_7)
FN:6,(anonymous_8)
FN:16,(anonymous_9)
FN:16,(anonymous_10)
FN:49,(anonymous_11)
FN:49,(anonymous_12)
FN:65,(anonymous_13)
FN:65,(anonymous_14)
FN:76,(anonymous_15)
FN:76,(anonymous_16)
FNF:10
FNH:0
FNDA:0,(anonymous_7)
FNDA:0,(anonymous_8)
FNDA:0,(anonymous_9)
FNDA:0,(anonymous_10)
FNDA:0,(anonymous_11)
FNDA:0,(anonymous_12)
FNDA:0,(anonymous_13)
FNDA:0,(anonymous_14)
FNDA:0,(anonymous_15)
FNDA:0,(anonymous_16)
DA:1,0
DA:2,0
DA:3,0
DA:6,0
DA:8,0
DA:9,0
DA:11,0
DA:13,0
DA:16,0
DA:18,0
DA:19,0
DA:21,0
DA:22,0
DA:25,0
DA:29,0
DA:32,0
DA:44,0
DA:46,0
DA:49,0
DA:51,0
DA:53,0
DA:61,0
DA:63,0
DA:65,0
DA:67,0
DA:68,0
DA:70,0
DA:71,0
DA:73,0
DA:76,0
DA:78,0
DA:80,0
DA:82,0
LF:33
LH:0
BRDA:11,0,0,0
BRDA:25,1,0,0
BRDA:25,1,1,0
BRDA:25,2,0,0
BRDA:25,2,1,0
BRDA:29,3,0,0
BRDA:29,3,1,0
BRDA:44,4,0,0
BRDA:61,5,0,0
BRDA:68,6,0,0
BRDA:71,7,0,0
BRDA:80,8,0,0
BRF:12
BRH:0
end_of_record
TN:
SF:src/services/weather.service.ts
FN:6,(anonymous_7)
FN:6,(anonymous_8)
FN:16,(anonymous_9)
FN:16,(anonymous_10)
FN:52,(anonymous_11)
FN:52,(anonymous_12)
FN:70,(anonymous_13)
FN:70,(anonymous_14)
FN:81,(anonymous_15)
FN:81,(anonymous_16)
FNF:10
FNH:0
FNDA:0,(anonymous_7)
FNDA:0,(anonymous_8)
FNDA:0,(anonymous_9)
FNDA:0,(anonymous_10)
FNDA:0,(anonymous_11)
FNDA:0,(anonymous_12)
FNDA:0,(anonymous_13)
FNDA:0,(anonymous_14)
FNDA:0,(anonymous_15)
FNDA:0,(anonymous_16)
DA:1,0
DA:2,0
DA:3,0
DA:6,0
DA:8,0
DA:9,0
DA:11,0
DA:13,0
DA:16,0
DA:18,0
DA:19,0
DA:22,0
DA:25,0
DA:29,0
DA:33,0
DA:36,0
DA:47,0
DA:49,0
DA:52,0
DA:54,0
DA:55,0
DA:57,0
DA:65,0
DA:67,0
DA:70,0
DA:72,0
DA:73,0
DA:75,0
DA:76,0
DA:78,0
DA:81,0
DA:83,0
DA:84,0
DA:86,0
LF:34
LH:0
BRDA:11,0,0,0
BRDA:29,1,0,0
BRDA:29,1,1,0
BRDA:29,2,0,0
BRDA:29,2,1,0
BRDA:33,3,0,0
BRDA:33,3,1,0
BRDA:47,4,0,0
BRDA:65,5,0,0
BRDA:73,6,0,0
BRDA:76,7,0,0
BRDA:84,8,0,0
BRF:12
BRH:0
end_of_record
TN:
SF:src/shared/Logger.ts
FNF:0
FNH:0
DA:1,0
DA:2,0
DA:5,0
DA:20,0
DA:30,0
DA:32,0
DA:34,0
DA:35,0
DA:42,0
DA:46,0
LF:10
LH:0
BRDA:34,0,0,0
BRDA:34,0,1,0
BRF:2
BRH:0
end_of_record
TN:
SF:src/shared/common.ts
FN:2,(anonymous_0)
FN:5,(anonymous_1)
FN:6,(anonymous_2)
FN:11,(anonymous_3)
FN:14,(anonymous_4)
FN:21,(anonymous_5)
FN:35,(anonymous_6)
FN:45,(anonymous_7)
FN:52,(anonymous_8)
FN:59,(anonymous_9)
FN:66,(anonymous_10)
FN:73,(anonymous_11)
FN:80,(anonymous_12)
FNF:13
FNH:0
FNDA:0,(anonymous_0)
FNDA:0,(anonymous_1)
FNDA:0,(anonymous_2)
FNDA:0,(anonymous_3)
FNDA:0,(anonymous_4)
FNDA:0,(anonymous_5)
FNDA:0,(anonymous_6)
FNDA:0,(anonymous_7)
FNDA:0,(anonymous_8)
FNDA:0,(anonymous_9)
FNDA:0,(anonymous_10)
FNDA:0,(anonymous_11)
FNDA:0,(anonymous_12)
DA:2,0
DA:4,0
DA:5,0
DA:6,0
DA:11,0
DA:13,0
DA:14,0
DA:21,0
DA:23,0
DA:24,0
DA:25,0
DA:28,0
DA:36,0
DA:37,0
DA:38,0
DA:39,0
DA:43,0
DA:46,0
DA:50,0
DA:53,0
DA:57,0
DA:60,0
DA:64,0
DA:67,0
DA:71,0
DA:74,0
DA:78,0
DA:81,0
LF:28
LH:0
BRDA:14,0,0,0
BRDA:14,0,1,0
BRDA:14,1,0,0
BRDA:14,1,1,0
BRDA:23,2,0,0
BRDA:23,2,1,0
BRDA:23,3,0,0
BRDA:23,3,1,0
BRDA:67,4,0,0
BRDA:67,4,1,0
BRDA:67,5,0,0
BRDA:67,5,1,0
BRF:12
BRH:0
end_of_record
TN:
SF:src/shared/config.ts
FNF:0
FNH:0
DA:1,0
DA:2,0
DA:3,0
DA:8,0
DA:11,0
DA:13,0
DA:15,0
DA:16,0
DA:18,0
DA:19,0
DA:21,0
DA:24,0
LF:12
LH:0
BRDA:13,0,0,0
BRDA:13,0,1,0
BRDA:13,0,2,0
BRF:3
BRH:0
end_of_record
