TN:
SF:src/server.ts
FN:14,(anonymous_1)
FN:20,(anonymous_2)
FN:24,(anonymous_3)
FN:34,(anonymous_4)
FN:35,(anonymous_5)
FNF:5
FNH:3
FNDA:6,(anonymous_1)
FNDA:6,(anonymous_2)
FNDA:6,(anonymous_3)
FNDA:0,(anonymous_4)
FNDA:0,(anonymous_5)
DA:1,6
DA:2,6
DA:3,6
DA:4,6
DA:5,6
DA:6,6
DA:7,6
DA:10,6
DA:12,6
DA:15,6
DA:16,6
DA:17,6
DA:21,6
DA:26,6
DA:27,6
DA:28,6
DA:29,6
DA:30,6
DA:31,6
DA:35,0
DA:36,0
LF:21
LH:19
BRF:0
BRH:0
end_of_record
TN:
SF:src/routes/v1/blogs.route.ts
FN:11,(anonymous_8)
FN:11,(anonymous_9)
FN:27,(anonymous_10)
FN:27,(anonymous_11)
FN:32,(anonymous_12)
FN:38,(anonymous_13)
FN:38,(anonymous_14)
FN:54,(anonymous_15)
FN:54,(anonymous_16)
FNF:9
FNH:9
FNDA:4,(anonymous_8)
FNDA:4,(anonymous_9)
FNDA:1,(anonymous_10)
FNDA:1,(anonymous_11)
FNDA:1,(anonymous_12)
FNDA:3,(anonymous_13)
FNDA:3,(anonymous_14)
FNDA:1,(anonymous_15)
FNDA:1,(anonymous_16)
DA:1,6
DA:8,6
DA:11,6
DA:15,4
DA:18,4
DA:19,1
DA:20,1
DA:24,3
DA:27,6
DA:29,1
DA:32,6
DA:34,1
DA:35,1
DA:38,6
DA:40,3
DA:41,3
DA:43,3
DA:44,1
DA:46,2
DA:47,1
DA:49,1
DA:50,1
DA:54,6
DA:56,1
DA:57,1
DA:133,6
LF:26
LH:26
BRDA:18,0,0,1
BRDA:18,1,0,4
BRDA:18,1,1,3
BRDA:43,2,0,1
BRDA:43,2,1,2
BRDA:43,3,0,3
BRDA:43,3,1,2
BRDA:46,4,0,1
BRDA:46,4,1,1
BRDA:49,5,0,1
BRF:10
BRH:10
end_of_record
TN:
SF:src/routes/v1/books.route.ts
FN:12,(anonymous_8)
FN:12,(anonymous_9)
FN:28,(anonymous_10)
FN:28,(anonymous_11)
FN:33,(anonymous_12)
FN:39,(anonymous_13)
FN:39,(anonymous_14)
FN:55,(anonymous_15)
FN:55,(anonymous_16)
FNF:9
FNH:9
FNDA:4,(anonymous_8)
FNDA:4,(anonymous_9)
FNDA:1,(anonymous_10)
FNDA:1,(anonymous_11)
FNDA:1,(anonymous_12)
FNDA:3,(anonymous_13)
FNDA:3,(anonymous_14)
FNDA:1,(anonymous_15)
FNDA:1,(anonymous_16)
DA:1,6
DA:8,6
DA:12,6
DA:16,4
DA:19,4
DA:20,1
DA:21,1
DA:25,3
DA:28,6
DA:30,1
DA:33,6
DA:35,1
DA:36,1
DA:39,6
DA:41,3
DA:42,3
DA:44,3
DA:45,1
DA:47,2
DA:48,1
DA:50,1
DA:51,1
DA:55,6
DA:57,1
DA:58,1
DA:138,6
LF:26
LH:26
BRDA:19,0,0,1
BRDA:19,1,0,4
BRDA:19,1,1,3
BRDA:44,2,0,1
BRDA:44,2,1,2
BRDA:44,3,0,3
BRDA:44,3,1,2
BRDA:47,4,0,1
BRDA:47,4,1,1
BRDA:50,5,0,1
BRF:10
BRH:10
end_of_record
TN:
SF:src/routes/v1/news.route.ts
FN:11,(anonymous_8)
FN:11,(anonymous_9)
FN:26,(anonymous_10)
FN:26,(anonymous_11)
FN:31,(anonymous_12)
FN:31,(anonymous_13)
FN:38,(anonymous_14)
FN:38,(anonymous_15)
FN:54,(anonymous_16)
FN:54,(anonymous_17)
FNF:10
FNH:10
FNDA:3,(anonymous_8)
FNDA:3,(anonymous_9)
FNDA:1,(anonymous_10)
FNDA:1,(anonymous_11)
FNDA:1,(anonymous_12)
FNDA:1,(anonymous_13)
FNDA:3,(anonymous_14)
FNDA:3,(anonymous_15)
FNDA:1,(anonymous_16)
FNDA:1,(anonymous_17)
DA:1,6
DA:8,6
DA:11,6
DA:14,3
DA:17,3
DA:18,1
DA:19,1
DA:23,2
DA:26,6
DA:28,1
DA:31,6
DA:33,1
DA:35,1
DA:38,6
DA:40,3
DA:41,3
DA:43,3
DA:44,1
DA:46,2
DA:47,1
DA:49,1
DA:50,1
DA:54,6
DA:56,1
DA:58,1
DA:62,6
LF:26
LH:26
BRDA:17,0,0,1
BRDA:17,1,0,3
BRDA:17,1,1,2
BRDA:43,2,0,1
BRDA:43,2,1,2
BRDA:43,3,0,3
BRDA:43,3,1,2
BRDA:46,4,0,1
BRDA:46,4,1,1
BRDA:49,5,0,1
BRF:10
BRH:10
end_of_record
TN:
SF:src/routes/v1/products.route.ts
FN:12,(anonymous_8)
FN:12,(anonymous_9)
FN:28,(anonymous_10)
FN:28,(anonymous_11)
FN:33,(anonymous_12)
FN:40,(anonymous_13)
FN:40,(anonymous_14)
FN:56,(anonymous_15)
FN:56,(anonymous_16)
FNF:9
FNH:9
FNDA:4,(anonymous_8)
FNDA:4,(anonymous_9)
FNDA:1,(anonymous_10)
FNDA:1,(anonymous_11)
FNDA:1,(anonymous_12)
FNDA:3,(anonymous_13)
FNDA:3,(anonymous_14)
FNDA:1,(anonymous_15)
FNDA:1,(anonymous_16)
DA:1,6
DA:9,6
DA:12,6
DA:16,4
DA:19,4
DA:20,1
DA:21,1
DA:25,3
DA:28,6
DA:30,1
DA:33,6
DA:35,1
DA:37,1
DA:40,6
DA:42,3
DA:43,3
DA:45,3
DA:46,1
DA:48,2
DA:49,1
DA:51,1
DA:52,1
DA:56,6
DA:58,1
DA:60,1
DA:138,6
LF:26
LH:26
BRDA:19,0,0,1
BRDA:19,1,0,4
BRDA:19,1,1,3
BRDA:45,2,0,1
BRDA:45,2,1,2
BRDA:45,3,0,3
BRDA:45,3,1,2
BRDA:48,4,0,1
BRDA:48,4,1,1
BRDA:51,5,0,1
BRF:10
BRH:10
end_of_record
TN:
SF:src/routes/v1/projects.route.ts
FN:12,(anonymous_8)
FN:12,(anonymous_9)
FN:27,(anonymous_10)
FN:27,(anonymous_11)
FN:32,(anonymous_12)
FN:32,(anonymous_13)
FN:39,(anonymous_14)
FN:39,(anonymous_15)
FN:55,(anonymous_16)
FN:55,(anonymous_17)
FNF:10
FNH:10
FNDA:4,(anonymous_8)
FNDA:4,(anonymous_9)
FNDA:1,(anonymous_10)
FNDA:1,(anonymous_11)
FNDA:1,(anonymous_12)
FNDA:1,(anonymous_13)
FNDA:3,(anonymous_14)
FNDA:3,(anonymous_15)
FNDA:1,(anonymous_16)
FNDA:1,(anonymous_17)
DA:1,6
DA:9,6
DA:12,6
DA:15,4
DA:18,4
DA:19,1
DA:20,1
DA:24,3
DA:27,6
DA:29,1
DA:32,6
DA:34,1
DA:36,1
DA:39,6
DA:41,3
DA:42,3
DA:44,3
DA:45,1
DA:47,2
DA:48,1
DA:50,1
DA:51,1
DA:55,6
DA:57,1
DA:59,1
DA:62,6
LF:26
LH:26
BRDA:18,0,0,1
BRDA:18,1,0,4
BRDA:18,1,1,3
BRDA:44,2,0,1
BRDA:44,2,1,2
BRDA:44,3,0,3
BRDA:44,3,1,2
BRDA:47,4,0,1
BRDA:47,4,1,1
BRDA:50,5,0,1
BRF:10
BRH:10
end_of_record
TN:
SF:src/routes/v1/weather.route.ts
FN:11,(anonymous_8)
FN:11,(anonymous_9)
FN:26,(anonymous_10)
FN:26,(anonymous_11)
FN:31,(anonymous_12)
FN:31,(anonymous_13)
FN:36,(anonymous_14)
FN:36,(anonymous_15)
FN:52,(anonymous_16)
FN:52,(anonymous_17)
FNF:10
FNH:10
FNDA:3,(anonymous_8)
FNDA:3,(anonymous_9)
FNDA:1,(anonymous_10)
FNDA:1,(anonymous_11)
FNDA:1,(anonymous_12)
FNDA:1,(anonymous_13)
FNDA:3,(anonymous_14)
FNDA:3,(anonymous_15)
FNDA:1,(anonymous_16)
FNDA:1,(anonymous_17)
DA:1,6
DA:8,6
DA:11,6
DA:14,3
DA:17,3
DA:18,1
DA:19,1
DA:23,2
DA:26,6
DA:28,1
DA:31,6
DA:32,1
DA:33,1
DA:36,6
DA:38,3
DA:39,3
DA:41,3
DA:42,1
DA:44,2
DA:45,1
DA:47,1
DA:48,1
DA:52,6
DA:53,1
DA:54,1
DA:134,6
LF:26
LH:26
BRDA:17,0,0,1
BRDA:17,1,0,3
BRDA:17,1,1,2
BRDA:41,2,0,1
BRDA:41,2,1,2
BRDA:41,3,0,3
BRDA:41,3,1,2
BRDA:44,4,0,1
BRDA:44,4,1,1
BRDA:47,5,0,1
BRF:10
BRH:10
end_of_record
